#
# A fatal error has been detected by the Java Runtime Environment:
#
#  EXCEPTION_ACCESS_VIOLATION (0xc0000005) at pc=0x00007ffc7a451af4, pid=13020, tid=7084
#
# JRE version: OpenJDK Runtime Environment (11.0.12+7) (build 11.0.12+7-b1504.28-7817840)
# Java VM: OpenJDK 64-Bit Server VM (11.0.12+7-b1504.28-7817840, mixed mode, tiered, compressed oops, g1 gc, windows-amd64)
# Problematic frame:
# V  [jvm.dll+0x191af4]
#
# No core dump will be written. Minidumps are not enabled by default on client versions of Windows
#
# If you would like to submit a bug report, please visit:
#   https://bugreport.java.com/bugreport/crash.jsp
#

---------------  S U M M A R Y ------------

Command Line: --add-opens=java.base/java.util=ALL-UNNAMED --add-opens=java.base/java.lang=ALL-UNNAMED --add-opens=java.base/java.lang.invoke=ALL-UNNAMED --add-opens=java.base/java.util=ALL-UNNAMED --add-opens=java.prefs/java.util.prefs=ALL-UNNAMED --add-opens=java.prefs/java.util.prefs=ALL-UNNAMED --add-opens=java.base/java.nio.charset=ALL-UNNAMED --add-opens=java.base/java.net=ALL-UNNAMED --add-opens=java.base/java.util.concurrent.atomic=ALL-UNNAMED -Xmx2048m -Dfile.encoding=UTF-8 -Duser.country=US -Duser.language=en -Duser.variant org.gradle.launcher.daemon.bootstrap.GradleDaemon 7.3.3

Host: Intel(R) Core(TM) i5-4210M CPU @ 2.60GHz, 4 cores, 11G,  Windows 10 , 64 bit Build 19041 (10.0.19041.1806)
Time: Tue Aug  9 10:35:50 2022 India Standard Time elapsed time: 87.082730 seconds (0d 0h 1m 27s)

---------------  T H R E A D  ---------------

Current thread (0x00000235afc85800):  GCTaskThread "GC Thread#0" [stack: 0x0000009f62700000,0x0000009f62800000] [id=7084]

Stack: [0x0000009f62700000,0x0000009f62800000],  sp=0x0000009f627ff678,  free space=1021k
Native frames: (J=compiled Java code, j=interpreted, Vv=VM code, C=native code)
V  [jvm.dll+0x191af4]


siginfo: EXCEPTION_ACCESS_VIOLATION (0xc0000005), reading address 0x0000000000000110


Register to memory mapping:

RIP=0x00007ffc7a451af4 jvm.dll
RAX=0x0 is NULL
RBX=0x0000000088a682a8 is an oop: 
[error occurred during error reporting (printing register info), id 0xc0000005, EXCEPTION_ACCESS_VIOLATION (0xc0000005) at pc=0x00007ffc7a8a889d]

Registers:
RAX=0x0000000000000000, RBX=0x0000000088a682a8, RCX=0x0000000100e426a8, RDX=0x0000000088a682a8
RSP=0x0000009f627ff678, RBP=0x00000235afd49438, RSI=0x0000000088a682a8, RDI=0x0000000088a68400
R8 =0x0000000000000000, R9 =0x0000000100e426a8, R10=0x00000235afd493e0, R11=0x00000235c27c533a
R12=0x0000000088a89000, R13=0x0000000000000001, R14=0x00000235afd493e0, R15=0x0000000000045342
RIP=0x00007ffc7a451af4, EFLAGS=0x0000000000010246

Top of Stack: (sp=0x0000009f627ff678)
0x0000009f627ff678:   00007ffc7a611d62 0000000088a682a8
0x0000009f627ff688:   0000000088a682a8 0000000000045339
0x0000009f627ff698:   0000000088a67040 0000000088a682a8
0x0000009f627ff6a8:   00007ffc7a597934 00000235afd49438
0x0000009f627ff6b8:   000000000004533a 0000000000045341
0x0000009f627ff6c8:   00007ffc7a611d62 0000000088a89000
0x0000009f627ff6d8:   00000235afd493e0 0000009f627ff7c0
0x0000009f627ff6e8:   0000000088a89000 0000009f627ff948
0x0000009f627ff6f8:   00007ffc7a612347 0000000088a682b0
0x0000009f627ff708:   00000235afd49438 00000235afd49438
0x0000009f627ff718:   0000000088a66b00 00000235adba96a0
0x0000009f627ff728:   00007ffc7a5d3768 00000235afc7bbc0
0x0000009f627ff738:   0000000088a89200 0000009f627ff948
0x0000009f627ff748:   0000000081bb2e00 00000001c4e81159
0x0000009f627ff758:   0000000000000002 0000000086a2ba00
0x0000009f627ff768:   0000000000000040 000000000000008a 

Instructions: (pc=0x00007ffc7a451af4)
0x00007ffc7a4519f4:   0f 73 d9 08 66 48 0f 7e c8 48 85 c0 74 28 48 8b
0x00007ffc7a451a04:   01 48 8d 54 24 20 0f 29 44 24 20 ff 50 40 33 c0
0x00007ffc7a451a14:   48 89 44 24 20 48 89 44 24 28 0f 10 44 24 20 0f
0x00007ffc7a451a24:   11 83 98 03 00 00 48 83 c4 30 5b c3 48 8b 49 38
0x00007ffc7a451a34:   48 8b 01 48 ff 60 28 cc cc cc cc cc 80 3d 91 a6
0x00007ffc7a451a44:   87 00 00 48 8b c1 74 1b 8b 51 08 8b 0d 83 13 83
0x00007ffc7a451a54:   00 48 d3 e2 48 8b c8 48 03 15 6e 13 83 00 e9 19
0x00007ffc7a451a64:   00 00 00 48 8b 51 08 48 8b c8 e9 0d 00 00 00 cc
0x00007ffc7a451a74:   cc cc cc cc cc cc cc cc cc cc cc cc 4c 8b ca 48
0x00007ffc7a451a84:   8b d1 45 8b 41 08 45 85 c0 7e 0e 41 f6 c0 01 75
0x00007ffc7a451a94:   59 41 c1 f8 03 41 8b c0 c3 79 4f 80 3d 32 a6 87
0x00007ffc7a451aa4:   00 00 b8 0c 00 00 00 b9 10 00 00 00 0f 45 c8 8b
0x00007ffc7a451ab4:   05 ab 5c 81 00 ff c8 4c 63 c8 48 63 c1 41 8b c8
0x00007ffc7a451ac4:   83 e1 3f 48 63 14 10 41 8b c0 48 c1 f8 10 0f b6
0x00007ffc7a451ad4:   c0 48 d3 e2 49 8d 0c 11 49 f7 d1 48 03 c1 49 c1
0x00007ffc7a451ae4:   e9 03 48 c1 e8 03 41 23 c1 c3 49 8b 01 49 8b c9
0x00007ffc7a451af4:   48 ff a0 10 01 00 00 cc cc cc cc cc 48 83 ec 38
0x00007ffc7a451b04:   0f 10 02 48 8b 49 38 48 8d 54 24 20 0f 29 44 24
0x00007ffc7a451b14:   20 e8 66 f0 ff ff 48 83 c4 38 c3 cc 48 89 5c 24
0x00007ffc7a451b24:   08 55 56 57 41 54 41 55 41 56 41 57 48 8d 6c 24
0x00007ffc7a451b34:   e0 48 81 ec 20 01 00 00 48 8b 05 7d 99 84 00 48
0x00007ffc7a451b44:   33 c4 48 89 45 10 48 8b 05 ff 0f 87 00 45 33 ed
0x00007ffc7a451b54:   4c 8b b5 80 00 00 00 4c 8b fa 48 8b bd 88 00 00
0x00007ffc7a451b64:   00 4d 8b c6 49 8b d6 49 8b f1 48 8b 48 38 48 8b
0x00007ffc7a451b74:   59 48 49 8b cf c7 45 c0 ff ff ff ff 44 89 6d d4
0x00007ffc7a451b84:   4c 89 6d d8 44 88 6d e0 c7 45 e8 ff ff ff ff 44
0x00007ffc7a451b94:   89 6d fc 4c 89 6d 00 44 88 6d 08 e8 6c 0d f6 ff
0x00007ffc7a451ba4:   41 b1 01 4c 8d 45 e8 41 8d 55 04 49 8b cf e8 e9
0x00007ffc7a451bb4:   c5 f4 ff 48 8b 05 aa 21 6f 00 4c 8d 25 ab c8 5c
0x00007ffc7a451bc4:   00 48 89 44 24 30 4c 8d 44 24 70 0f b6 05 f9 a4
0x00007ffc7a451bd4:   87 00 49 8b d6 f6 d8 48 89 74 24 20 4c 89 74 24
0x00007ffc7a451be4:   28 0f 10 44 24 20 1b c9 44 89 6c 24 3c 83 c1 03 


Stack slot to memory mapping:
stack at sp + 0 slots: 0x00007ffc7a611d62 jvm.dll
stack at sp + 1 slots: 0x0000000088a682a8 is an oop: 
[error occurred during error reporting (inspecting top of stack), id 0xc0000005, EXCEPTION_ACCESS_VIOLATION (0xc0000005) at pc=0x00007ffc7a8a889d]


---------------  P R O C E S S  ---------------

Threads class SMR info:
_java_thread_list=0x00000235cb5ebb80, length=80, elements={
0x00000235afc6c000, 0x00000235c98a4800, 0x00000235c98ac800, 0x00000235ca0f6800,
0x00000235ca0f8000, 0x00000235ca0fa000, 0x00000235ca0fd800, 0x00000235ca104000,
0x00000235ca111800, 0x00000235ca284000, 0x00000235cccbe800, 0x00000235ca60a800,
0x00000235cc1f6000, 0x00000235ccb03800, 0x00000235cbd4f000, 0x00000235ccaac000,
0x00000235ccaa8800, 0x00000235ccaa9800, 0x00000235ccaa8000, 0x00000235ccaaa800,
0x00000235ccaad800, 0x00000235ccaae800, 0x00000235cddac000, 0x00000235cddad800,
0x00000235cddb0000, 0x00000235cddb0800, 0x00000235ce104800, 0x00000235ce0fd800,
0x00000235ce0ff800, 0x00000235ce0ff000, 0x00000235ce0fe000, 0x00000235ce0fb800,
0x00000235ce100800, 0x00000235ce0fc800, 0x00000235ce103000, 0x00000235ce108000,
0x00000235ce109800, 0x00000235ce104000, 0x00000235ce107000, 0x00000235ce10a800,
0x00000235ce105800, 0x00000235ce106000, 0x00000235cddae000, 0x00000235cddaf000,
0x00000235cdda9800, 0x00000235cddab000, 0x00000235cddb5000, 0x00000235cddb3000,
0x00000235cddb5800, 0x00000235cddb4000, 0x00000235cddb7000, 0x00000235cddb1800,
0x00000235cddb8000, 0x00000235cddb6800, 0x00000235cddb2800, 0x00000235ccaab000,
0x00000235ccaad000, 0x00000235cf37b000, 0x00000235cf37c000, 0x00000235cf376800,
0x00000235cf379800, 0x00000235cf377000, 0x00000235cf37a800, 0x00000235cf37d000,
0x00000235cf37d800, 0x00000235cf378000, 0x00000235cf37e800, 0x00000235cf378800,
0x00000235cf37f000, 0x00000235cf384000, 0x00000235cf383800, 0x00000235cf381800,
0x00000235cf382800, 0x00000235cf380000, 0x00000235cf381000, 0x00000235cf385000,
0x00000235cd8ad000, 0x00000235cd8ab000, 0x00000235cd8ad800, 0x00000235cd8aa800
}

Java Threads: ( => current thread )
  0x00000235afc6c000 JavaThread "main" [_thread_blocked, id=5388, stack(0x0000009f62600000,0x0000009f62700000)]
  0x00000235c98a4800 JavaThread "Reference Handler" daemon [_thread_blocked, id=11960, stack(0x0000009f62d00000,0x0000009f62e00000)]
  0x00000235c98ac800 JavaThread "Finalizer" daemon [_thread_blocked, id=8324, stack(0x0000009f62e00000,0x0000009f62f00000)]
  0x00000235ca0f6800 JavaThread "Signal Dispatcher" daemon [_thread_blocked, id=3916, stack(0x0000009f62f00000,0x0000009f63000000)]
  0x00000235ca0f8000 JavaThread "Attach Listener" daemon [_thread_blocked, id=9964, stack(0x0000009f63000000,0x0000009f63100000)]
  0x00000235ca0fa000 JavaThread "Service Thread" daemon [_thread_blocked, id=1844, stack(0x0000009f63100000,0x0000009f63200000)]
  0x00000235ca0fd800 JavaThread "C2 CompilerThread0" daemon [_thread_blocked, id=11700, stack(0x0000009f63200000,0x0000009f63300000)]
  0x00000235ca104000 JavaThread "C1 CompilerThread0" daemon [_thread_blocked, id=9776, stack(0x0000009f63300000,0x0000009f63400000)]
  0x00000235ca111800 JavaThread "Sweeper thread" daemon [_thread_blocked, id=9412, stack(0x0000009f63400000,0x0000009f63500000)]
  0x00000235ca284000 JavaThread "Common-Cleaner" daemon [_thread_blocked, id=9572, stack(0x0000009f63500000,0x0000009f63600000)]
  0x00000235cccbe800 JavaThread "Daemon health stats" [_thread_blocked, id=740, stack(0x0000009f63b00000,0x0000009f63c00000)]
  0x00000235ca60a800 JavaThread "Incoming local TCP Connector on port 51562" [_thread_in_native, id=3156, stack(0x0000009f63700000,0x0000009f63800000)]
  0x00000235cc1f6000 JavaThread "Daemon periodic checks" [_thread_blocked, id=5488, stack(0x0000009f63c00000,0x0000009f63d00000)]
  0x00000235ccb03800 JavaThread "Daemon" [_thread_blocked, id=11492, stack(0x0000009f63d00000,0x0000009f63e00000)]
  0x00000235cbd4f000 JavaThread "Daemon worker" [_thread_blocked, id=8976, stack(0x0000009f64000000,0x0000009f64100000)]
  0x00000235ccaac000 JavaThread "Cache worker for journal cache (C:\Users\affi\.gradle\caches\journal-1)" [_thread_blocked, id=2140, stack(0x0000009f64400000,0x0000009f64500000)]
  0x00000235ccaa8800 JavaThread "File lock request listener" [_thread_in_native, id=12920, stack(0x0000009f64500000,0x0000009f64600000)]
  0x00000235ccaa9800 JavaThread "Cache worker for file hash cache (C:\Users\affi\.gradle\caches\7.3.3\fileHashes)" [_thread_blocked, id=11168, stack(0x0000009f64600000,0x0000009f64700000)]
  0x00000235ccaa8000 JavaThread "File watcher server" daemon [_thread_blocked, id=8360, stack(0x0000009f64900000,0x0000009f64a00000)]
  0x00000235ccaaa800 JavaThread "File watcher consumer" daemon [_thread_blocked, id=11160, stack(0x0000009f64a00000,0x0000009f64b00000)]
  0x00000235ccaad800 JavaThread "jar transforms" [_thread_blocked, id=8532, stack(0x0000009f64b00000,0x0000009f64c00000)]
  0x00000235ccaae800 JavaThread "jar transforms Thread 2" [_thread_blocked, id=7224, stack(0x0000009f64c00000,0x0000009f64d00000)]
  0x00000235cddac000 JavaThread "jar transforms Thread 3" [_thread_blocked, id=7940, stack(0x0000009f64d00000,0x0000009f64e00000)]
  0x00000235cddad800 JavaThread "jar transforms Thread 4" [_thread_blocked, id=4156, stack(0x0000009f64e00000,0x0000009f64f00000)]
  0x00000235cddb0000 JavaThread "Cache worker for execution history cache (C:\Users\affi\.gradle\caches\7.3.3\executionHistory)" [_thread_blocked, id=5712, stack(0x0000009f65200000,0x0000009f65300000)]
  0x00000235cddb0800 JavaThread "Cache worker for file content cache (C:\Users\affi\.gradle\caches\7.3.3\fileContent)" [_thread_blocked, id=728, stack(0x0000009f65300000,0x0000009f65400000)]
  0x00000235ce104800 JavaThread "Memory manager" [_thread_blocked, id=12580, stack(0x0000009f67e00000,0x0000009f67f00000)]
  0x00000235ce0fd800 JavaThread "Handler for socket connection from /127.0.0.1:51562 to /127.0.0.1:51577" [_thread_in_native, id=3912, stack(0x0000009f62300000,0x0000009f62400000)]
  0x00000235ce0ff800 JavaThread "Cancel handler" [_thread_blocked, id=8756, stack(0x0000009f62500000,0x0000009f62600000)]
  0x00000235ce0ff000 JavaThread "Asynchronous log dispatcher for DefaultDaemonConnection: socket connection from /127.0.0.1:51562 to /127.0.0.1:51577" [_thread_blocked, id=10660, stack(0x0000009f64100000,0x0000009f64200000)]
  0x00000235ce0fe000 JavaThread "Stdin handler" [_thread_blocked, id=3700, stack(0x0000009f64200000,0x0000009f64300000)]
  0x00000235ce0fb800 JavaThread "Daemon client event forwarder" [_thread_blocked, id=1456, stack(0x0000009f64300000,0x0000009f64400000)]
  0x00000235ce100800 JavaThread "Cache worker for file hash cache (E:\affi\AndroidProjects\imgurgram\.gradle\7.3.3\fileHashes)" [_thread_blocked, id=7364, stack(0x0000009f64700000,0x0000009f64800000)]
  0x00000235ce0fc800 JavaThread "Cache worker for checksums cache (E:\affi\AndroidProjects\imgurgram\.gradle\7.3.3\checksums)" [_thread_blocked, id=5252, stack(0x0000009f64f00000,0x0000009f65000000)]
  0x00000235ce103000 JavaThread "Cache worker for cache directory md-supplier (C:\Users\affi\.gradle\caches\7.3.3\md-supplier)" [_thread_blocked, id=1836, stack(0x0000009f65000000,0x0000009f65100000)]
  0x00000235ce108000 JavaThread "Cache worker for cache directory md-rule (C:\Users\affi\.gradle\caches\7.3.3\md-rule)" [_thread_blocked, id=10764, stack(0x0000009f65100000,0x0000009f65200000)]
  0x00000235ce109800 JavaThread "Cache worker for dependencies-accessors (E:\affi\AndroidProjects\imgurgram\.gradle\7.3.3\dependencies-accessors)" [_thread_blocked, id=3960, stack(0x0000009f65400000,0x0000009f65500000)]
  0x00000235ce104000 JavaThread "Cache worker for Build Output Cleanup Cache (E:\affi\AndroidProjects\imgurgram\.gradle\buildOutputCleanup)" [_thread_blocked, id=936, stack(0x0000009f65500000,0x0000009f65600000)]
  0x00000235ce107000 JavaThread "Unconstrained build operations" [_thread_blocked, id=3468, stack(0x0000009f65600000,0x0000009f65700000)]
  0x00000235ce10a800 JavaThread "Unconstrained build operations Thread 2" [_thread_blocked, id=7708, stack(0x0000009f65700000,0x0000009f65800000)]
  0x00000235ce105800 JavaThread "Unconstrained build operations Thread 3" [_thread_blocked, id=7484, stack(0x0000009f65800000,0x0000009f65900000)]
  0x00000235ce106000 JavaThread "Unconstrained build operations Thread 4" [_thread_blocked, id=12020, stack(0x0000009f65900000,0x0000009f65a00000)]
  0x00000235cddae000 JavaThread "Unconstrained build operations Thread 5" [_thread_blocked, id=1392, stack(0x0000009f65a00000,0x0000009f65b00000)]
  0x00000235cddaf000 JavaThread "Unconstrained build operations Thread 6" [_thread_blocked, id=6236, stack(0x0000009f65b00000,0x0000009f65c00000)]
  0x00000235cdda9800 JavaThread "Unconstrained build operations Thread 7" [_thread_blocked, id=13084, stack(0x0000009f65c00000,0x0000009f65d00000)]
  0x00000235cddab000 JavaThread "Unconstrained build operations Thread 8" [_thread_blocked, id=10628, stack(0x0000009f65d00000,0x0000009f65e00000)]
  0x00000235cddb5000 JavaThread "Unconstrained build operations Thread 9" [_thread_blocked, id=10508, stack(0x0000009f65e00000,0x0000009f65f00000)]
  0x00000235cddb3000 JavaThread "Unconstrained build operations Thread 10" [_thread_blocked, id=1792, stack(0x0000009f65f00000,0x0000009f66000000)]
  0x00000235cddb5800 JavaThread "Unconstrained build operations Thread 11" [_thread_blocked, id=10828, stack(0x0000009f66000000,0x0000009f66100000)]
  0x00000235cddb4000 JavaThread "Unconstrained build operations Thread 12" [_thread_blocked, id=5404, stack(0x0000009f66100000,0x0000009f66200000)]
  0x00000235cddb7000 JavaThread "Unconstrained build operations Thread 13" [_thread_blocked, id=8600, stack(0x0000009f66200000,0x0000009f66300000)]
  0x00000235cddb1800 JavaThread "Unconstrained build operations Thread 14" [_thread_blocked, id=8956, stack(0x0000009f66300000,0x0000009f66400000)]
  0x00000235cddb8000 JavaThread "Unconstrained build operations Thread 15" [_thread_blocked, id=5892, stack(0x0000009f66400000,0x0000009f66500000)]
  0x00000235cddb6800 JavaThread "Unconstrained build operations Thread 16" [_thread_blocked, id=9192, stack(0x0000009f66500000,0x0000009f66600000)]
  0x00000235cddb2800 JavaThread "Unconstrained build operations Thread 17" [_thread_blocked, id=2620, stack(0x0000009f66600000,0x0000009f66700000)]
  0x00000235ccaab000 JavaThread "Unconstrained build operations Thread 18" [_thread_blocked, id=6304, stack(0x0000009f66700000,0x0000009f66800000)]
  0x00000235ccaad000 JavaThread "Unconstrained build operations Thread 19" [_thread_blocked, id=12676, stack(0x0000009f66800000,0x0000009f66900000)]
  0x00000235cf37b000 JavaThread "Unconstrained build operations Thread 20" [_thread_blocked, id=5900, stack(0x0000009f66900000,0x0000009f66a00000)]
  0x00000235cf37c000 JavaThread "Unconstrained build operations Thread 21" [_thread_blocked, id=10804, stack(0x0000009f66a00000,0x0000009f66b00000)]
  0x00000235cf376800 JavaThread "Unconstrained build operations Thread 22" [_thread_blocked, id=4020, stack(0x0000009f66b00000,0x0000009f66c00000)]
  0x00000235cf379800 JavaThread "Unconstrained build operations Thread 23" [_thread_blocked, id=5140, stack(0x0000009f66c00000,0x0000009f66d00000)]
  0x00000235cf377000 JavaThread "Unconstrained build operations Thread 24" [_thread_blocked, id=1700, stack(0x0000009f66d00000,0x0000009f66e00000)]
  0x00000235cf37a800 JavaThread "Unconstrained build operations Thread 25" [_thread_blocked, id=5416, stack(0x0000009f66e00000,0x0000009f66f00000)]
  0x00000235cf37d000 JavaThread "Unconstrained build operations Thread 26" [_thread_blocked, id=1188, stack(0x0000009f66f00000,0x0000009f67000000)]
  0x00000235cf37d800 JavaThread "Unconstrained build operations Thread 27" [_thread_blocked, id=4484, stack(0x0000009f67000000,0x0000009f67100000)]
  0x00000235cf378000 JavaThread "Unconstrained build operations Thread 28" [_thread_blocked, id=8028, stack(0x0000009f67100000,0x0000009f67200000)]
  0x00000235cf37e800 JavaThread "Unconstrained build operations Thread 29" [_thread_blocked, id=10532, stack(0x0000009f67200000,0x0000009f67300000)]
  0x00000235cf378800 JavaThread "Unconstrained build operations Thread 30" [_thread_blocked, id=2712, stack(0x0000009f67300000,0x0000009f67400000)]
  0x00000235cf37f000 JavaThread "Unconstrained build operations Thread 31" [_thread_blocked, id=3720, stack(0x0000009f67400000,0x0000009f67500000)]
  0x00000235cf384000 JavaThread "Unconstrained build operations Thread 32" [_thread_blocked, id=9772, stack(0x0000009f67500000,0x0000009f67600000)]
  0x00000235cf383800 JavaThread "Unconstrained build operations Thread 33" [_thread_blocked, id=10196, stack(0x0000009f67600000,0x0000009f67700000)]
  0x00000235cf381800 JavaThread "Unconstrained build operations Thread 34" [_thread_blocked, id=5224, stack(0x0000009f67700000,0x0000009f67800000)]
  0x00000235cf382800 JavaThread "Unconstrained build operations Thread 35" [_thread_blocked, id=6772, stack(0x0000009f67800000,0x0000009f67900000)]
  0x00000235cf380000 JavaThread "Unconstrained build operations Thread 36" [_thread_blocked, id=10016, stack(0x0000009f67900000,0x0000009f67a00000)]
  0x00000235cf381000 JavaThread "Unconstrained build operations Thread 37" [_thread_blocked, id=7956, stack(0x0000009f67a00000,0x0000009f67b00000)]
  0x00000235cf385000 JavaThread "Unconstrained build operations Thread 38" [_thread_blocked, id=6780, stack(0x0000009f67b00000,0x0000009f67c00000)]
  0x00000235cd8ad000 JavaThread "Unconstrained build operations Thread 39" [_thread_blocked, id=6568, stack(0x0000009f67c00000,0x0000009f67d00000)]
  0x00000235cd8ab000 JavaThread "Unconstrained build operations Thread 40" [_thread_blocked, id=11644, stack(0x0000009f67d00000,0x0000009f67e00000)]
  0x00000235cd8ad800 JavaThread "Cache worker for execution history cache (E:\affi\AndroidProjects\imgurgram\.gradle\7.3.3\executionHistory)" [_thread_blocked, id=7200, stack(0x0000009f68200000,0x0000009f68300000)]
  0x00000235cd8aa800 JavaThread "C2 CompilerThread1" daemon [_thread_blocked, id=7944, stack(0x0000009f64800000,0x0000009f64900000)]

Other Threads:
  0x00000235c9891800 VMThread "VM Thread" [stack: 0x0000009f62c00000,0x0000009f62d00000] [id=12012]
  0x00000235ca295800 WatcherThread [stack: 0x0000009f63600000,0x0000009f63700000] [id=7480]
=>0x00000235afc85800 GCTaskThread "GC Thread#0" [stack: 0x0000009f62700000,0x0000009f62800000] [id=7084]
  0x00000235caf39000 GCTaskThread "GC Thread#1" [stack: 0x0000009f63800000,0x0000009f63900000] [id=2176]
  0x00000235caba4800 GCTaskThread "GC Thread#2" [stack: 0x0000009f63900000,0x0000009f63a00000] [id=2400]
  0x00000235ca609800 GCTaskThread "GC Thread#3" [stack: 0x0000009f63a00000,0x0000009f63b00000] [id=11836]
  0x00000235afcb7800 ConcurrentGCThread "G1 Main Marker" [stack: 0x0000009f62800000,0x0000009f62900000] [id=10988]
  0x00000235afcba000 ConcurrentGCThread "G1 Conc#0" [stack: 0x0000009f62900000,0x0000009f62a00000] [id=11864]
  0x00000235afd4e000 ConcurrentGCThread "G1 Refine#0" [stack: 0x0000009f62a00000,0x0000009f62b00000] [id=11668]
  0x00000235cd3a0000 ConcurrentGCThread "G1 Refine#1" [stack: 0x0000009f62400000,0x0000009f62500000] [id=7660]
  0x00000235c96e0800 ConcurrentGCThread "G1 Young RemSet Sampling" [stack: 0x0000009f62b00000,0x0000009f62c00000] [id=5124]

Threads with active compile tasks:
C2 CompilerThread0  87091 16184       4       org.gradle.internal.file.FileHierarchySet$Node::plus (337 bytes)
C1 CompilerThread0  87091 16299       3       kotlin.sequences.SequencesKt___SequencesKt::filter (26 bytes)
C2 CompilerThread1  87091 16274       4       org.gradle.internal.component.model.ComponentAttributeMatcher$CachedQuery::of (79 bytes)

VM state:at safepoint (normal execution)

VM Mutex/Monitor currently owned by a thread:  ([mutex/lock_event])
[0x00000235afc69260] Threads_lock - owner thread: 0x00000235c9891800
[0x00000235afc69020] Heap_lock - owner thread: 0x00000235cbd4f000

Heap address: 0x0000000080000000, size: 2048 MB, Compressed Oops mode: 32-bit
Narrow klass base: 0x0000000000000000, Narrow klass shift: 3
Compressed class space size: 1073741824 Address: 0x0000000100000000

Heap:
 garbage-first heap   total 284672K, used 236233K [0x0000000080000000, 0x0000000100000000)
  region size 1024K, 85 young (87040K), 7 survivors (7168K)
 Metaspace       used 122127K, capacity 125753K, committed 125824K, reserved 1159168K
  class space    used 15638K, capacity 16962K, committed 17024K, reserved 1048576K
Heap Regions: E=young(eden), S=young(survivor), O=old, HS=humongous(starts), HC=humongous(continues), CS=collection set, F=free, A=archive, TAMS=top-at-mark-start (previous, next)
|   0|0x0000000080000000, 0x0000000080100000, 0x0000000080100000|100%| O|  |TAMS 0x0000000080100000, 0x0000000080100000| Untracked 
|   1|0x0000000080100000, 0x0000000080200000, 0x0000000080200000|100%| O|  |TAMS 0x0000000080200000, 0x0000000080200000| Untracked 
|   2|0x0000000080200000, 0x0000000080300000, 0x0000000080300000|100%| O|  |TAMS 0x0000000080300000, 0x0000000080300000| Untracked 
|   3|0x0000000080300000, 0x0000000080400000, 0x0000000080400000|100%|HS|  |TAMS 0x0000000080400000, 0x0000000080400000| Complete 
|   4|0x0000000080400000, 0x0000000080500000, 0x0000000080500000|100%|HC|  |TAMS 0x0000000080500000, 0x0000000080500000| Complete 
|   5|0x0000000080500000, 0x0000000080600000, 0x0000000080600000|100%|HC|  |TAMS 0x0000000080600000, 0x0000000080600000| Complete 
|   6|0x0000000080600000, 0x0000000080700000, 0x0000000080700000|100%| O|  |TAMS 0x0000000080700000, 0x0000000080700000| Untracked 
|   7|0x0000000080700000, 0x0000000080800000, 0x0000000080800000|100%| O|  |TAMS 0x0000000080800000, 0x0000000080800000| Untracked 
|   8|0x0000000080800000, 0x0000000080900000, 0x0000000080900000|100%| O|  |TAMS 0x0000000080900000, 0x0000000080900000| Untracked 
|   9|0x0000000080900000, 0x0000000080a00000, 0x0000000080a00000|100%| O|  |TAMS 0x0000000080a00000, 0x0000000080a00000| Untracked 
|  10|0x0000000080a00000, 0x0000000080b00000, 0x0000000080b00000|100%| O|  |TAMS 0x0000000080b00000, 0x0000000080b00000| Untracked 
|  11|0x0000000080b00000, 0x0000000080c00000, 0x0000000080c00000|100%| O|  |TAMS 0x0000000080c00000, 0x0000000080c00000| Untracked 
|  12|0x0000000080c00000, 0x0000000080d00000, 0x0000000080d00000|100%| O|  |TAMS 0x0000000080d00000, 0x0000000080d00000| Untracked 
|  13|0x0000000080d00000, 0x0000000080e00000, 0x0000000080e00000|100%| O|  |TAMS 0x0000000080e00000, 0x0000000080e00000| Untracked 
|  14|0x0000000080e00000, 0x0000000080f00000, 0x0000000080f00000|100%| O|  |TAMS 0x0000000080f00000, 0x0000000080f00000| Untracked 
|  15|0x0000000080f00000, 0x0000000081000000, 0x0000000081000000|100%| O|  |TAMS 0x0000000081000000, 0x0000000081000000| Untracked 
|  16|0x0000000081000000, 0x0000000081100000, 0x0000000081100000|100%|HS|  |TAMS 0x0000000081100000, 0x0000000081100000| Complete 
|  17|0x0000000081100000, 0x0000000081200000, 0x0000000081200000|100%|HC|  |TAMS 0x0000000081200000, 0x0000000081200000| Complete 
|  18|0x0000000081200000, 0x0000000081300000, 0x0000000081300000|100%|HS|  |TAMS 0x0000000081300000, 0x0000000081300000| Complete 
|  19|0x0000000081300000, 0x0000000081400000, 0x0000000081400000|100%|HC|  |TAMS 0x0000000081400000, 0x0000000081400000| Complete 
|  20|0x0000000081400000, 0x0000000081500000, 0x0000000081500000|100%|HC|  |TAMS 0x0000000081500000, 0x0000000081500000| Complete 
|  21|0x0000000081500000, 0x0000000081600000, 0x0000000081600000|100%|HS|  |TAMS 0x0000000081600000, 0x0000000081600000| Complete 
|  22|0x0000000081600000, 0x0000000081700000, 0x0000000081700000|100%|HS|  |TAMS 0x0000000081700000, 0x0000000081700000| Complete 
|  23|0x0000000081700000, 0x0000000081800000, 0x0000000081800000|100%|HC|  |TAMS 0x0000000081800000, 0x0000000081800000| Complete 
|  24|0x0000000081800000, 0x0000000081900000, 0x0000000081900000|100%|HC|  |TAMS 0x0000000081900000, 0x0000000081900000| Complete 
|  25|0x0000000081900000, 0x0000000081a00000, 0x0000000081a00000|100%|HC|  |TAMS 0x0000000081a00000, 0x0000000081a00000| Complete 
|  26|0x0000000081a00000, 0x0000000081b00000, 0x0000000081b00000|100%| O|  |TAMS 0x0000000081b00000, 0x0000000081b00000| Untracked 
|  27|0x0000000081b00000, 0x0000000081c00000, 0x0000000081c00000|100%| O|  |TAMS 0x0000000081c00000, 0x0000000081c00000| Untracked 
|  28|0x0000000081c00000, 0x0000000081d00000, 0x0000000081d00000|100%| O|  |TAMS 0x0000000081d00000, 0x0000000081d00000| Untracked 
|  29|0x0000000081d00000, 0x0000000081e00000, 0x0000000081e00000|100%|HS|  |TAMS 0x0000000081e00000, 0x0000000081e00000| Complete 
|  30|0x0000000081e00000, 0x0000000081f00000, 0x0000000081f00000|100%| O|  |TAMS 0x0000000081f00000, 0x0000000081f00000| Untracked 
|  31|0x0000000081f00000, 0x0000000082000000, 0x0000000082000000|100%| O|  |TAMS 0x0000000082000000, 0x0000000082000000| Untracked 
|  32|0x0000000082000000, 0x0000000082100000, 0x0000000082100000|100%|HS|  |TAMS 0x0000000082100000, 0x0000000082100000| Complete 
|  33|0x0000000082100000, 0x0000000082200000, 0x0000000082200000|100%|HC|  |TAMS 0x0000000082200000, 0x0000000082200000| Complete 
|  34|0x0000000082200000, 0x0000000082300000, 0x0000000082300000|100%|HC|  |TAMS 0x0000000082300000, 0x0000000082300000| Complete 
|  35|0x0000000082300000, 0x0000000082400000, 0x0000000082400000|100%|HS|  |TAMS 0x0000000082400000, 0x0000000082400000| Complete 
|  36|0x0000000082400000, 0x0000000082500000, 0x0000000082500000|100%| O|  |TAMS 0x0000000082500000, 0x0000000082500000| Untracked 
|  37|0x0000000082500000, 0x0000000082600000, 0x0000000082600000|100%|HS|  |TAMS 0x0000000082600000, 0x0000000082600000| Complete 
|  38|0x0000000082600000, 0x0000000082700000, 0x0000000082700000|100%|HC|  |TAMS 0x0000000082700000, 0x0000000082700000| Complete 
|  39|0x0000000082700000, 0x0000000082800000, 0x0000000082800000|100%|HC|  |TAMS 0x0000000082800000, 0x0000000082800000| Complete 
|  40|0x0000000082800000, 0x0000000082900000, 0x0000000082900000|100%|HC|  |TAMS 0x0000000082900000, 0x0000000082900000| Complete 
|  41|0x0000000082900000, 0x0000000082a00000, 0x0000000082a00000|100%| O|  |TAMS 0x0000000082a00000, 0x0000000082a00000| Untracked 
|  42|0x0000000082a00000, 0x0000000082b00000, 0x0000000082b00000|100%| O|  |TAMS 0x0000000082b00000, 0x0000000082b00000| Untracked 
|  43|0x0000000082b00000, 0x0000000082c00000, 0x0000000082c00000|100%| O|  |TAMS 0x0000000082c00000, 0x0000000082c00000| Untracked 
|  44|0x0000000082c00000, 0x0000000082d00000, 0x0000000082d00000|100%| O|  |TAMS 0x0000000082d00000, 0x0000000082d00000| Untracked 
|  45|0x0000000082d00000, 0x0000000082e00000, 0x0000000082e00000|100%| O|  |TAMS 0x0000000082e00000, 0x0000000082e00000| Untracked 
|  46|0x0000000082e00000, 0x0000000082f00000, 0x0000000082f00000|100%|HS|  |TAMS 0x0000000082f00000, 0x0000000082f00000| Complete 
|  47|0x0000000082f00000, 0x0000000083000000, 0x0000000083000000|100%|HS|  |TAMS 0x0000000083000000, 0x0000000083000000| Complete 
|  48|0x0000000083000000, 0x0000000083100000, 0x0000000083100000|100%|HS|  |TAMS 0x0000000083100000, 0x0000000083100000| Complete 
|  49|0x0000000083100000, 0x0000000083200000, 0x0000000083200000|100%|HC|  |TAMS 0x0000000083200000, 0x0000000083200000| Complete 
|  50|0x0000000083200000, 0x0000000083300000, 0x0000000083300000|100%|HC|  |TAMS 0x0000000083300000, 0x0000000083300000| Complete 
|  51|0x0000000083300000, 0x0000000083400000, 0x0000000083400000|100%|HS|  |TAMS 0x0000000083400000, 0x0000000083400000| Complete 
|  52|0x0000000083400000, 0x0000000083500000, 0x0000000083500000|100%|HC|  |TAMS 0x0000000083500000, 0x0000000083500000| Complete 
|  53|0x0000000083500000, 0x0000000083600000, 0x0000000083600000|100%| O|  |TAMS 0x0000000083600000, 0x0000000083600000| Untracked 
|  54|0x0000000083600000, 0x0000000083700000, 0x0000000083700000|100%| O|  |TAMS 0x0000000083700000, 0x0000000083700000| Untracked 
|  55|0x0000000083700000, 0x0000000083800000, 0x0000000083800000|100%| O|  |TAMS 0x0000000083800000, 0x0000000083800000| Untracked 
|  56|0x0000000083800000, 0x0000000083900000, 0x0000000083900000|100%| O|  |TAMS 0x0000000083900000, 0x0000000083900000| Untracked 
|  57|0x0000000083900000, 0x0000000083a00000, 0x0000000083a00000|100%| O|  |TAMS 0x0000000083a00000, 0x0000000083a00000| Untracked 
|  58|0x0000000083a00000, 0x0000000083b00000, 0x0000000083b00000|100%| O|  |TAMS 0x0000000083b00000, 0x0000000083b00000| Untracked 
|  59|0x0000000083b00000, 0x0000000083c00000, 0x0000000083c00000|100%| O|  |TAMS 0x0000000083c00000, 0x0000000083c00000| Untracked 
|  60|0x0000000083c00000, 0x0000000083d00000, 0x0000000083d00000|100%| O|  |TAMS 0x0000000083d00000, 0x0000000083d00000| Untracked 
|  61|0x0000000083d00000, 0x0000000083e00000, 0x0000000083e00000|100%| O|  |TAMS 0x0000000083e00000, 0x0000000083e00000| Untracked 
|  62|0x0000000083e00000, 0x0000000083f00000, 0x0000000083f00000|100%|HS|  |TAMS 0x0000000083f00000, 0x0000000083f00000| Complete 
|  63|0x0000000083f00000, 0x0000000084000000, 0x0000000084000000|100%| O|  |TAMS 0x0000000084000000, 0x0000000084000000| Untracked 
|  64|0x0000000084000000, 0x0000000084100000, 0x0000000084100000|100%| O|  |TAMS 0x0000000084100000, 0x0000000084100000| Untracked 
|  65|0x0000000084100000, 0x0000000084200000, 0x0000000084200000|100%| O|  |TAMS 0x0000000084200000, 0x0000000084200000| Untracked 
|  66|0x0000000084200000, 0x0000000084300000, 0x0000000084300000|100%| O|  |TAMS 0x0000000084300000, 0x0000000084300000| Untracked 
|  67|0x0000000084300000, 0x0000000084400000, 0x0000000084400000|100%| O|  |TAMS 0x0000000084400000, 0x0000000084400000| Untracked 
|  68|0x0000000084400000, 0x0000000084500000, 0x0000000084500000|100%| O|  |TAMS 0x0000000084500000, 0x0000000084500000| Untracked 
|  69|0x0000000084500000, 0x0000000084600000, 0x0000000084600000|100%| O|  |TAMS 0x0000000084600000, 0x0000000084600000| Untracked 
|  70|0x0000000084600000, 0x0000000084700000, 0x0000000084700000|100%| O|  |TAMS 0x0000000084700000, 0x0000000084700000| Untracked 
|  71|0x0000000084700000, 0x0000000084800000, 0x0000000084800000|100%| O|  |TAMS 0x0000000084800000, 0x0000000084800000| Untracked 
|  72|0x0000000084800000, 0x0000000084900000, 0x0000000084900000|100%| O|  |TAMS 0x0000000084900000, 0x0000000084900000| Untracked 
|  73|0x0000000084900000, 0x0000000084a00000, 0x0000000084a00000|100%| O|  |TAMS 0x0000000084a00000, 0x0000000084a00000| Untracked 
|  74|0x0000000084a00000, 0x0000000084b00000, 0x0000000084b00000|100%| O|  |TAMS 0x0000000084b00000, 0x0000000084b00000| Untracked 
|  75|0x0000000084b00000, 0x0000000084c00000, 0x0000000084c00000|100%| O|  |TAMS 0x0000000084c00000, 0x0000000084c00000| Untracked 
|  76|0x0000000084c00000, 0x0000000084d00000, 0x0000000084d00000|100%| O|  |TAMS 0x0000000084d00000, 0x0000000084d00000| Untracked 
|  77|0x0000000084d00000, 0x0000000084e00000, 0x0000000084e00000|100%| O|  |TAMS 0x0000000084e00000, 0x0000000084e00000| Untracked 
|  78|0x0000000084e00000, 0x0000000084f00000, 0x0000000084f00000|100%| O|  |TAMS 0x0000000084f00000, 0x0000000084f00000| Untracked 
|  79|0x0000000084f00000, 0x0000000085000000, 0x0000000085000000|100%|HS|  |TAMS 0x0000000085000000, 0x0000000085000000| Complete 
|  80|0x0000000085000000, 0x0000000085100000, 0x0000000085100000|100%|HC|  |TAMS 0x0000000085100000, 0x0000000085100000| Complete 
|  81|0x0000000085100000, 0x0000000085200000, 0x0000000085200000|100%|HS|  |TAMS 0x0000000085200000, 0x0000000085200000| Complete 
|  82|0x0000000085200000, 0x0000000085300000, 0x0000000085300000|100%|HC|  |TAMS 0x0000000085300000, 0x0000000085300000| Complete 
|  83|0x0000000085300000, 0x0000000085400000, 0x0000000085400000|100%|HC|  |TAMS 0x0000000085400000, 0x0000000085400000| Complete 
|  84|0x0000000085400000, 0x0000000085500000, 0x0000000085500000|100%|HS|  |TAMS 0x0000000085500000, 0x0000000085500000| Complete 
|  85|0x0000000085500000, 0x0000000085600000, 0x0000000085600000|100%|HC|  |TAMS 0x0000000085600000, 0x0000000085600000| Complete 
|  86|0x0000000085600000, 0x0000000085700000, 0x0000000085700000|100%|HC|  |TAMS 0x0000000085700000, 0x0000000085700000| Complete 
|  87|0x0000000085700000, 0x0000000085800000, 0x0000000085800000|100%|HC|  |TAMS 0x0000000085800000, 0x0000000085800000| Complete 
|  88|0x0000000085800000, 0x0000000085900000, 0x0000000085900000|100%| O|  |TAMS 0x0000000085900000, 0x0000000085900000| Untracked 
|  89|0x0000000085900000, 0x0000000085a00000, 0x0000000085a00000|100%| O|  |TAMS 0x0000000085a00000, 0x0000000085a00000| Untracked 
|  90|0x0000000085a00000, 0x0000000085b00000, 0x0000000085b00000|100%| O|  |TAMS 0x0000000085b00000, 0x0000000085b00000| Untracked 
|  91|0x0000000085b00000, 0x0000000085c00000, 0x0000000085c00000|100%| O|  |TAMS 0x0000000085c00000, 0x0000000085c00000| Untracked 
|  92|0x0000000085c00000, 0x0000000085d00000, 0x0000000085d00000|100%| O|  |TAMS 0x0000000085d00000, 0x0000000085d00000| Untracked 
|  93|0x0000000085d00000, 0x0000000085e00000, 0x0000000085e00000|100%| O|  |TAMS 0x0000000085e00000, 0x0000000085e00000| Untracked 
|  94|0x0000000085e00000, 0x0000000085f00000, 0x0000000085f00000|100%| O|  |TAMS 0x0000000085f00000, 0x0000000085f00000| Untracked 
|  95|0x0000000085f00000, 0x0000000086000000, 0x0000000086000000|100%| O|  |TAMS 0x0000000086000000, 0x0000000086000000| Untracked 
|  96|0x0000000086000000, 0x0000000086100000, 0x0000000086100000|100%| O|  |TAMS 0x0000000086100000, 0x0000000086100000| Untracked 
|  97|0x0000000086100000, 0x0000000086200000, 0x0000000086200000|100%| O|  |TAMS 0x0000000086200000, 0x0000000086200000| Untracked 
|  98|0x0000000086200000, 0x0000000086300000, 0x0000000086300000|100%| O|  |TAMS 0x0000000086300000, 0x0000000086300000| Untracked 
|  99|0x0000000086300000, 0x0000000086400000, 0x0000000086400000|100%| O|  |TAMS 0x0000000086400000, 0x0000000086400000| Untracked 
| 100|0x0000000086400000, 0x0000000086500000, 0x0000000086500000|100%| O|  |TAMS 0x0000000086500000, 0x0000000086500000| Untracked 
| 101|0x0000000086500000, 0x0000000086600000, 0x0000000086600000|100%| O|  |TAMS 0x0000000086600000, 0x0000000086600000| Untracked 
| 102|0x0000000086600000, 0x0000000086700000, 0x0000000086700000|100%| O|  |TAMS 0x0000000086700000, 0x0000000086700000| Untracked 
| 103|0x0000000086700000, 0x0000000086800000, 0x0000000086800000|100%| O|  |TAMS 0x0000000086800000, 0x0000000086800000| Untracked 
| 104|0x0000000086800000, 0x0000000086900000, 0x0000000086900000|100%| O|  |TAMS 0x0000000086900000, 0x0000000086900000| Untracked 
| 105|0x0000000086900000, 0x0000000086a00000, 0x0000000086a00000|100%| O|  |TAMS 0x0000000086a00000, 0x0000000086a00000| Untracked 
| 106|0x0000000086a00000, 0x0000000086b00000, 0x0000000086b00000|100%| O|  |TAMS 0x0000000086b00000, 0x0000000086b00000| Untracked 
| 107|0x0000000086b00000, 0x0000000086c00000, 0x0000000086c00000|100%| O|  |TAMS 0x0000000086c00000, 0x0000000086c00000| Untracked 
| 108|0x0000000086c00000, 0x0000000086d00000, 0x0000000086d00000|100%| O|  |TAMS 0x0000000086d00000, 0x0000000086d00000| Untracked 
| 109|0x0000000086d00000, 0x0000000086e00000, 0x0000000086e00000|100%| O|  |TAMS 0x0000000086e00000, 0x0000000086e00000| Untracked 
| 110|0x0000000086e00000, 0x0000000086f00000, 0x0000000086f00000|100%| O|  |TAMS 0x0000000086f00000, 0x0000000086f00000| Untracked 
| 111|0x0000000086f00000, 0x0000000087000000, 0x0000000087000000|100%| O|  |TAMS 0x0000000087000000, 0x0000000087000000| Untracked 
| 112|0x0000000087000000, 0x0000000087100000, 0x0000000087100000|100%| O|  |TAMS 0x0000000087100000, 0x0000000087100000| Untracked 
| 113|0x0000000087100000, 0x0000000087200000, 0x0000000087200000|100%| O|  |TAMS 0x0000000087200000, 0x0000000087200000| Untracked 
| 114|0x0000000087200000, 0x0000000087300000, 0x0000000087300000|100%| O|  |TAMS 0x0000000087300000, 0x0000000087300000| Untracked 
| 115|0x0000000087300000, 0x0000000087400000, 0x0000000087400000|100%| O|  |TAMS 0x0000000087400000, 0x0000000087400000| Untracked 
| 116|0x0000000087400000, 0x0000000087500000, 0x0000000087500000|100%| O|  |TAMS 0x0000000087500000, 0x0000000087500000| Untracked 
| 117|0x0000000087500000, 0x0000000087600000, 0x0000000087600000|100%| O|  |TAMS 0x0000000087600000, 0x0000000087600000| Untracked 
| 118|0x0000000087600000, 0x0000000087700000, 0x0000000087700000|100%| O|  |TAMS 0x0000000087700000, 0x0000000087700000| Untracked 
| 119|0x0000000087700000, 0x0000000087800000, 0x0000000087800000|100%| O|  |TAMS 0x0000000087800000, 0x0000000087800000| Untracked 
| 120|0x0000000087800000, 0x0000000087900000, 0x0000000087900000|100%| O|  |TAMS 0x0000000087900000, 0x0000000087900000| Untracked 
| 121|0x0000000087900000, 0x0000000087a00000, 0x0000000087a00000|100%| O|  |TAMS 0x0000000087a00000, 0x0000000087a00000| Untracked 
| 122|0x0000000087a00000, 0x0000000087b00000, 0x0000000087b00000|100%| O|  |TAMS 0x0000000087b00000, 0x0000000087b00000| Untracked 
| 123|0x0000000087b00000, 0x0000000087c00000, 0x0000000087c00000|100%| O|  |TAMS 0x0000000087c00000, 0x0000000087c00000| Untracked 
| 124|0x0000000087c00000, 0x0000000087d00000, 0x0000000087d00000|100%| O|  |TAMS 0x0000000087d00000, 0x0000000087d00000| Untracked 
| 125|0x0000000087d00000, 0x0000000087e00000, 0x0000000087e00000|100%| O|  |TAMS 0x0000000087e00000, 0x0000000087e00000| Untracked 
| 126|0x0000000087e00000, 0x0000000087f00000, 0x0000000087f00000|100%| O|  |TAMS 0x0000000087f00000, 0x0000000087f00000| Untracked 
| 127|0x0000000087f00000, 0x0000000088000000, 0x0000000088000000|100%| O|  |TAMS 0x0000000088000000, 0x0000000088000000| Untracked 
| 128|0x0000000088000000, 0x0000000088100000, 0x0000000088100000|100%| O|  |TAMS 0x0000000088100000, 0x0000000088100000| Untracked 
| 129|0x0000000088100000, 0x0000000088200000, 0x0000000088200000|100%| O|  |TAMS 0x0000000088200000, 0x0000000088200000| Untracked 
| 130|0x0000000088200000, 0x0000000088300000, 0x0000000088300000|100%| O|  |TAMS 0x0000000088300000, 0x0000000088300000| Untracked 
| 131|0x0000000088300000, 0x0000000088400000, 0x0000000088400000|100%| O|  |TAMS 0x0000000088400000, 0x0000000088400000| Untracked 
| 132|0x0000000088400000, 0x0000000088500000, 0x0000000088500000|100%| O|  |TAMS 0x0000000088500000, 0x0000000088500000| Untracked 
| 133|0x0000000088500000, 0x0000000088600000, 0x0000000088600000|100%| O|  |TAMS 0x0000000088600000, 0x0000000088600000| Untracked 
| 134|0x0000000088600000, 0x0000000088700000, 0x0000000088700000|100%| O|  |TAMS 0x0000000088700000, 0x0000000088700000| Untracked 
| 135|0x0000000088700000, 0x0000000088800000, 0x0000000088800000|100%| O|  |TAMS 0x0000000088800000, 0x0000000088800000| Untracked 
| 136|0x0000000088800000, 0x0000000088900000, 0x0000000088900000|100%| O|  |TAMS 0x0000000088900000, 0x0000000088900000| Untracked 
| 137|0x0000000088900000, 0x0000000088a00000, 0x0000000088a00000|100%| O|  |TAMS 0x0000000088a00000, 0x0000000088a00000| Untracked 
| 138|0x0000000088a00000, 0x0000000088b00000, 0x0000000088b00000|100%| O|  |TAMS 0x0000000088a00000, 0x0000000088b00000| Untracked 
| 139|0x0000000088b00000, 0x0000000088c00000, 0x0000000088c00000|100%| O|  |TAMS 0x0000000088b00000, 0x0000000088c00000| Untracked 
| 140|0x0000000088c00000, 0x0000000088d00000, 0x0000000088d00000|100%| O|  |TAMS 0x0000000088c00000, 0x0000000088d00000| Untracked 
| 141|0x0000000088d00000, 0x0000000088e00000, 0x0000000088e00000|100%| O|  |TAMS 0x0000000088d00000, 0x0000000088e00000| Untracked 
| 142|0x0000000088e00000, 0x0000000088f00000, 0x0000000088f00000|100%| O|  |TAMS 0x0000000088e00000, 0x0000000088f00000| Untracked 
| 143|0x0000000088f00000, 0x0000000089000000, 0x0000000089000000|100%| O|  |TAMS 0x0000000088f00000, 0x0000000089000000| Untracked 
| 144|0x0000000089000000, 0x0000000089100000, 0x0000000089100000|100%| O|  |TAMS 0x0000000089000000, 0x0000000089100000| Untracked 
| 145|0x0000000089100000, 0x0000000089200000, 0x0000000089200000|100%| O|  |TAMS 0x0000000089100000, 0x0000000089200000| Untracked 
| 146|0x0000000089200000, 0x0000000089300000, 0x0000000089300000|100%| O|  |TAMS 0x0000000089200000, 0x0000000089300000| Untracked 
| 147|0x0000000089300000, 0x0000000089400000, 0x0000000089400000|100%| O|  |TAMS 0x0000000089300000, 0x0000000089400000| Untracked 
| 148|0x0000000089400000, 0x0000000089500000, 0x0000000089500000|100%| O|  |TAMS 0x0000000089400000, 0x0000000089500000| Untracked 
| 149|0x0000000089500000, 0x0000000089600000, 0x0000000089600000|100%| O|  |TAMS 0x0000000089500000, 0x0000000089600000| Untracked 
| 150|0x0000000089600000, 0x0000000089700000, 0x0000000089700000|100%| O|  |TAMS 0x0000000089600000, 0x0000000089700000| Untracked 
| 151|0x0000000089700000, 0x0000000089800000, 0x0000000089800000|100%| O|  |TAMS 0x0000000089700000, 0x0000000089800000| Untracked 
| 152|0x0000000089800000, 0x000000008984c260, 0x0000000089900000| 29%| O|  |TAMS 0x0000000089800000, 0x0000000089900000| Untracked 
| 153|0x0000000089900000, 0x0000000089900000, 0x0000000089a00000|  0%| F|  |TAMS 0x0000000089900000, 0x0000000089900000| Untracked 
| 154|0x0000000089a00000, 0x0000000089a00000, 0x0000000089b00000|  0%| F|  |TAMS 0x0000000089a00000, 0x0000000089a00000| Untracked 
| 155|0x0000000089b00000, 0x0000000089b00000, 0x0000000089c00000|  0%| F|  |TAMS 0x0000000089b00000, 0x0000000089b00000| Untracked 
| 156|0x0000000089c00000, 0x0000000089c00000, 0x0000000089d00000|  0%| F|  |TAMS 0x0000000089c00000, 0x0000000089c00000| Untracked 
| 157|0x0000000089d00000, 0x0000000089d00000, 0x0000000089e00000|  0%| F|  |TAMS 0x0000000089d00000, 0x0000000089d00000| Untracked 
| 158|0x0000000089e00000, 0x0000000089e00000, 0x0000000089f00000|  0%| F|  |TAMS 0x0000000089e00000, 0x0000000089e00000| Untracked 
| 159|0x0000000089f00000, 0x0000000089f00000, 0x000000008a000000|  0%| F|  |TAMS 0x0000000089f00000, 0x0000000089f00000| Untracked 
| 160|0x000000008a000000, 0x000000008a000000, 0x000000008a100000|  0%| F|  |TAMS 0x000000008a000000, 0x000000008a000000| Untracked 
| 161|0x000000008a100000, 0x000000008a100000, 0x000000008a200000|  0%| F|  |TAMS 0x000000008a100000, 0x000000008a100000| Untracked 
| 162|0x000000008a200000, 0x000000008a200000, 0x000000008a300000|  0%| F|  |TAMS 0x000000008a200000, 0x000000008a200000| Untracked 
| 163|0x000000008a300000, 0x000000008a300000, 0x000000008a400000|  0%| F|  |TAMS 0x000000008a300000, 0x000000008a300000| Untracked 
| 164|0x000000008a400000, 0x000000008a400000, 0x000000008a500000|  0%| F|  |TAMS 0x000000008a400000, 0x000000008a400000| Untracked 
| 165|0x000000008a500000, 0x000000008a500000, 0x000000008a600000|  0%| F|  |TAMS 0x000000008a500000, 0x000000008a500000| Untracked 
| 166|0x000000008a600000, 0x000000008a600000, 0x000000008a700000|  0%| F|  |TAMS 0x000000008a600000, 0x000000008a600000| Untracked 
| 167|0x000000008a700000, 0x000000008a700000, 0x000000008a800000|  0%| F|  |TAMS 0x000000008a700000, 0x000000008a700000| Untracked 
| 168|0x000000008a800000, 0x000000008a800000, 0x000000008a900000|  0%| F|  |TAMS 0x000000008a800000, 0x000000008a800000| Untracked 
| 169|0x000000008a900000, 0x000000008a900000, 0x000000008aa00000|  0%| F|  |TAMS 0x000000008a900000, 0x000000008a900000| Untracked 
| 170|0x000000008aa00000, 0x000000008aa00000, 0x000000008ab00000|  0%| F|  |TAMS 0x000000008aa00000, 0x000000008aa00000| Untracked 
| 171|0x000000008ab00000, 0x000000008ab00000, 0x000000008ac00000|  0%| F|  |TAMS 0x000000008ab00000, 0x000000008ab00000| Untracked 
| 172|0x000000008ac00000, 0x000000008ac00000, 0x000000008ad00000|  0%| F|  |TAMS 0x000000008ac00000, 0x000000008ac00000| Untracked 
| 173|0x000000008ad00000, 0x000000008ad00000, 0x000000008ae00000|  0%| F|  |TAMS 0x000000008ad00000, 0x000000008ad00000| Untracked 
| 174|0x000000008ae00000, 0x000000008af00000, 0x000000008af00000|100%| E|CS|TAMS 0x000000008ae00000, 0x000000008af00000| Complete 
| 175|0x000000008af00000, 0x000000008b000000, 0x000000008b000000|100%| E|CS|TAMS 0x000000008af00000, 0x000000008b000000| Complete 
| 176|0x000000008b000000, 0x000000008b100000, 0x000000008b100000|100%| E|CS|TAMS 0x000000008b000000, 0x000000008b100000| Complete 
| 177|0x000000008b100000, 0x000000008b200000, 0x000000008b200000|100%| E|CS|TAMS 0x000000008b100000, 0x000000008b200000| Complete 
| 178|0x000000008b200000, 0x000000008b200000, 0x000000008b300000|  0%| F|  |TAMS 0x000000008b200000, 0x000000008b200000| Untracked 
| 179|0x000000008b300000, 0x000000008b300000, 0x000000008b400000|  0%| F|  |TAMS 0x000000008b300000, 0x000000008b300000| Untracked 
| 180|0x000000008b400000, 0x000000008b500000, 0x000000008b500000|100%| E|CS|TAMS 0x000000008b400000, 0x000000008b500000| Complete 
| 181|0x000000008b500000, 0x000000008b600000, 0x000000008b600000|100%| E|CS|TAMS 0x000000008b500000, 0x000000008b600000| Complete 
| 182|0x000000008b600000, 0x000000008b700000, 0x000000008b700000|100%| E|CS|TAMS 0x000000008b600000, 0x000000008b700000| Complete 
| 183|0x000000008b700000, 0x000000008b800000, 0x000000008b800000|100%| E|CS|TAMS 0x000000008b700000, 0x000000008b800000| Complete 
| 184|0x000000008b800000, 0x000000008b800000, 0x000000008b900000|  0%| F|  |TAMS 0x000000008b800000, 0x000000008b800000| Untracked 
| 185|0x000000008b900000, 0x000000008b900000, 0x000000008ba00000|  0%| F|  |TAMS 0x000000008b900000, 0x000000008b900000| Untracked 
| 186|0x000000008ba00000, 0x000000008ba00000, 0x000000008bb00000|  0%| F|  |TAMS 0x000000008ba00000, 0x000000008ba00000| Untracked 
| 187|0x000000008bb00000, 0x000000008bb00000, 0x000000008bc00000|  0%| F|  |TAMS 0x000000008bb00000, 0x000000008bb00000| Untracked 
| 188|0x000000008bc00000, 0x000000008bc00000, 0x000000008bd00000|  0%| F|  |TAMS 0x000000008bc00000, 0x000000008bc00000| Untracked 
| 189|0x000000008bd00000, 0x000000008be00000, 0x000000008be00000|100%| E|CS|TAMS 0x000000008bd00000, 0x000000008be00000| Complete 
| 190|0x000000008be00000, 0x000000008bf00000, 0x000000008bf00000|100%| E|CS|TAMS 0x000000008be00000, 0x000000008bf00000| Complete 
| 191|0x000000008bf00000, 0x000000008c000000, 0x000000008c000000|100%| E|CS|TAMS 0x000000008bf00000, 0x000000008c000000| Complete 
| 192|0x000000008c000000, 0x000000008c100000, 0x000000008c100000|100%| E|CS|TAMS 0x000000008c000000, 0x000000008c100000| Complete 
| 193|0x000000008c100000, 0x000000008c180000, 0x000000008c200000| 50%| S|  |TAMS 0x000000008c100000, 0x000000008c100000| Complete 
| 194|0x000000008c200000, 0x000000008c300000, 0x000000008c300000|100%| S|  |TAMS 0x000000008c200000, 0x000000008c200000| Complete 
| 195|0x000000008c300000, 0x000000008c400000, 0x000000008c400000|100%| S|  |TAMS 0x000000008c300000, 0x000000008c300000| Complete 
| 196|0x000000008c400000, 0x000000008c500000, 0x000000008c500000|100%| S|  |TAMS 0x000000008c400000, 0x000000008c400000| Complete 
| 197|0x000000008c500000, 0x000000008c600000, 0x000000008c600000|100%| S|  |TAMS 0x000000008c500000, 0x000000008c500000| Complete 
| 198|0x000000008c600000, 0x000000008c700000, 0x000000008c700000|100%| S|  |TAMS 0x000000008c600000, 0x000000008c600000| Complete 
| 199|0x000000008c700000, 0x000000008c800000, 0x000000008c800000|100%| S|  |TAMS 0x000000008c700000, 0x000000008c700000| Complete 
| 200|0x000000008c800000, 0x000000008c900000, 0x000000008c900000|100%| E|CS|TAMS 0x000000008c800000, 0x000000008c900000| Complete 
| 201|0x000000008c900000, 0x000000008ca00000, 0x000000008ca00000|100%| E|CS|TAMS 0x000000008c900000, 0x000000008ca00000| Complete 
| 202|0x000000008ca00000, 0x000000008cb00000, 0x000000008cb00000|100%| E|CS|TAMS 0x000000008ca00000, 0x000000008cb00000| Complete 
| 203|0x000000008cb00000, 0x000000008cc00000, 0x000000008cc00000|100%| E|CS|TAMS 0x000000008cb00000, 0x000000008cc00000| Complete 
| 204|0x000000008cc00000, 0x000000008cd00000, 0x000000008cd00000|100%| E|CS|TAMS 0x000000008cc00000, 0x000000008cd00000| Complete 
| 205|0x000000008cd00000, 0x000000008ce00000, 0x000000008ce00000|100%| E|CS|TAMS 0x000000008cd00000, 0x000000008ce00000| Complete 
| 206|0x000000008ce00000, 0x000000008cf00000, 0x000000008cf00000|100%| E|CS|TAMS 0x000000008ce00000, 0x000000008cf00000| Complete 
| 207|0x000000008cf00000, 0x000000008d000000, 0x000000008d000000|100%| E|CS|TAMS 0x000000008cf00000, 0x000000008d000000| Complete 
| 208|0x000000008d000000, 0x000000008d100000, 0x000000008d100000|100%| E|CS|TAMS 0x000000008d000000, 0x000000008d100000| Complete 
| 209|0x000000008d100000, 0x000000008d200000, 0x000000008d200000|100%| E|CS|TAMS 0x000000008d100000, 0x000000008d200000| Complete 
| 210|0x000000008d200000, 0x000000008d300000, 0x000000008d300000|100%| E|CS|TAMS 0x000000008d200000, 0x000000008d300000| Complete 
| 211|0x000000008d300000, 0x000000008d400000, 0x000000008d400000|100%| E|CS|TAMS 0x000000008d300000, 0x000000008d400000| Complete 
| 212|0x000000008d400000, 0x000000008d500000, 0x000000008d500000|100%| E|CS|TAMS 0x000000008d400000, 0x000000008d500000| Complete 
| 213|0x000000008d500000, 0x000000008d600000, 0x000000008d600000|100%| E|CS|TAMS 0x000000008d500000, 0x000000008d600000| Complete 
| 214|0x000000008d600000, 0x000000008d700000, 0x000000008d700000|100%| E|CS|TAMS 0x000000008d600000, 0x000000008d700000| Complete 
| 215|0x000000008d700000, 0x000000008d800000, 0x000000008d800000|100%| E|CS|TAMS 0x000000008d700000, 0x000000008d800000| Complete 
| 216|0x000000008d800000, 0x000000008d900000, 0x000000008d900000|100%| E|CS|TAMS 0x000000008d800000, 0x000000008d900000| Complete 
| 217|0x000000008d900000, 0x000000008da00000, 0x000000008da00000|100%| E|CS|TAMS 0x000000008d900000, 0x000000008da00000| Complete 
| 218|0x000000008da00000, 0x000000008db00000, 0x000000008db00000|100%| E|CS|TAMS 0x000000008da00000, 0x000000008db00000| Complete 
| 219|0x000000008db00000, 0x000000008dc00000, 0x000000008dc00000|100%| E|CS|TAMS 0x000000008db00000, 0x000000008dc00000| Complete 
| 220|0x000000008dc00000, 0x000000008dd00000, 0x000000008dd00000|100%| E|CS|TAMS 0x000000008dc00000, 0x000000008dd00000| Complete 
| 221|0x000000008dd00000, 0x000000008de00000, 0x000000008de00000|100%| E|CS|TAMS 0x000000008dd00000, 0x000000008de00000| Complete 
| 222|0x000000008de00000, 0x000000008df00000, 0x000000008df00000|100%| E|CS|TAMS 0x000000008de00000, 0x000000008df00000| Complete 
| 223|0x000000008df00000, 0x000000008dfffcb0, 0x000000008e000000| 99%| E|CS|TAMS 0x000000008df00000, 0x000000008dfffcb0| Complete 
| 224|0x000000008e000000, 0x000000008e100000, 0x000000008e100000|100%| E|CS|TAMS 0x000000008e000000, 0x000000008e100000| Complete 
| 225|0x000000008e100000, 0x000000008e200000, 0x000000008e200000|100%| E|CS|TAMS 0x000000008e100000, 0x000000008e200000| Complete 
| 226|0x000000008e200000, 0x000000008e300000, 0x000000008e300000|100%| E|CS|TAMS 0x000000008e200000, 0x000000008e300000| Complete 
| 227|0x000000008e300000, 0x000000008e400000, 0x000000008e400000|100%| E|CS|TAMS 0x000000008e300000, 0x000000008e400000| Complete 
| 228|0x000000008e400000, 0x000000008e500000, 0x000000008e500000|100%| E|CS|TAMS 0x000000008e400000, 0x000000008e500000| Complete 
| 229|0x000000008e500000, 0x000000008e600000, 0x000000008e600000|100%| E|CS|TAMS 0x000000008e500000, 0x000000008e600000| Complete 
| 230|0x000000008e600000, 0x000000008e700000, 0x000000008e700000|100%| E|CS|TAMS 0x000000008e600000, 0x000000008e700000| Complete 
| 231|0x000000008e700000, 0x000000008e800000, 0x000000008e800000|100%| E|CS|TAMS 0x000000008e700000, 0x000000008e800000| Complete 
| 232|0x000000008e800000, 0x000000008e900000, 0x000000008e900000|100%| E|CS|TAMS 0x000000008e800000, 0x000000008e900000| Complete 
| 233|0x000000008e900000, 0x000000008ea00000, 0x000000008ea00000|100%| E|CS|TAMS 0x000000008e900000, 0x000000008ea00000| Complete 
| 234|0x000000008ea00000, 0x000000008eb00000, 0x000000008eb00000|100%| E|CS|TAMS 0x000000008ea00000, 0x000000008eb00000| Complete 
| 235|0x000000008eb00000, 0x000000008ec00000, 0x000000008ec00000|100%| E|CS|TAMS 0x000000008eb00000, 0x000000008ec00000| Complete 
| 236|0x000000008ec00000, 0x000000008ed00000, 0x000000008ed00000|100%| E|CS|TAMS 0x000000008ec00000, 0x000000008ed00000| Complete 
| 237|0x000000008ed00000, 0x000000008ee00000, 0x000000008ee00000|100%| E|CS|TAMS 0x000000008ed00000, 0x000000008ee00000| Complete 
| 238|0x000000008ee00000, 0x000000008ef00000, 0x000000008ef00000|100%| E|CS|TAMS 0x000000008ee00000, 0x000000008ef00000| Complete 
| 239|0x000000008ef00000, 0x000000008f000000, 0x000000008f000000|100%| E|CS|TAMS 0x000000008ef00000, 0x000000008f000000| Complete 
| 240|0x000000008f000000, 0x000000008f100000, 0x000000008f100000|100%| E|CS|TAMS 0x000000008f000000, 0x000000008f100000| Complete 
| 241|0x000000008f100000, 0x000000008f200000, 0x000000008f200000|100%| E|CS|TAMS 0x000000008f100000, 0x000000008f200000| Complete 
| 242|0x000000008f200000, 0x000000008f300000, 0x000000008f300000|100%| E|CS|TAMS 0x000000008f200000, 0x000000008f300000| Complete 
| 243|0x000000008f300000, 0x000000008f400000, 0x000000008f400000|100%| E|CS|TAMS 0x000000008f300000, 0x000000008f400000| Complete 
| 244|0x000000008f400000, 0x000000008f500000, 0x000000008f500000|100%| E|CS|TAMS 0x000000008f400000, 0x000000008f500000| Complete 
| 245|0x000000008f500000, 0x000000008f600000, 0x000000008f600000|100%| E|CS|TAMS 0x000000008f500000, 0x000000008f600000| Complete 
| 246|0x000000008f600000, 0x000000008f700000, 0x000000008f700000|100%| E|CS|TAMS 0x000000008f600000, 0x000000008f700000| Complete 
| 247|0x000000008f700000, 0x000000008f800000, 0x000000008f800000|100%| E|CS|TAMS 0x000000008f700000, 0x000000008f800000| Complete 
| 248|0x000000008f800000, 0x000000008f900000, 0x000000008f900000|100%| E|CS|TAMS 0x000000008f800000, 0x000000008f900000| Complete 
| 249|0x000000008f900000, 0x000000008fa00000, 0x000000008fa00000|100%| E|CS|TAMS 0x000000008f900000, 0x000000008fa00000| Complete 
| 250|0x000000008fa00000, 0x000000008fb00000, 0x000000008fb00000|100%| E|CS|TAMS 0x000000008fa00000, 0x000000008fb00000| Complete 
| 251|0x000000008fb00000, 0x000000008fc00000, 0x000000008fc00000|100%| E|CS|TAMS 0x000000008fb00000, 0x000000008fc00000| Complete 
| 252|0x000000008fc00000, 0x000000008fd00000, 0x000000008fd00000|100%| E|CS|TAMS 0x000000008fc00000, 0x000000008fd00000| Complete 
| 253|0x000000008fd00000, 0x000000008fe00000, 0x000000008fe00000|100%| E|CS|TAMS 0x000000008fd00000, 0x000000008fe00000| Complete 
| 254|0x000000008fe00000, 0x000000008ff00000, 0x000000008ff00000|100%| E|CS|TAMS 0x000000008fe00000, 0x000000008ff00000| Complete 
| 255|0x000000008ff00000, 0x0000000090000000, 0x0000000090000000|100%| E|CS|TAMS 0x000000008ff00000, 0x0000000090000000| Complete 
| 256|0x0000000090000000, 0x0000000090100000, 0x0000000090100000|100%| E|CS|TAMS 0x0000000090000000, 0x0000000090100000| Complete 
| 257|0x0000000090100000, 0x0000000090200000, 0x0000000090200000|100%| E|CS|TAMS 0x0000000090100000, 0x0000000090200000| Complete 
| 258|0x0000000090200000, 0x0000000090300000, 0x0000000090300000|100%| E|CS|TAMS 0x0000000090200000, 0x0000000090300000| Complete 
| 259|0x0000000090300000, 0x0000000090400000, 0x0000000090400000|100%| E|CS|TAMS 0x0000000090300000, 0x0000000090400000| Complete 
| 260|0x0000000090400000, 0x0000000090500000, 0x0000000090500000|100%| E|CS|TAMS 0x0000000090400000, 0x0000000090500000| Complete 
| 261|0x0000000090500000, 0x0000000090600000, 0x0000000090600000|100%| E|CS|TAMS 0x0000000090500000, 0x0000000090600000| Complete 
| 262|0x0000000090600000, 0x0000000090700000, 0x0000000090700000|100%| E|CS|TAMS 0x0000000090600000, 0x0000000090700000| Complete 
| 263|0x0000000090700000, 0x0000000090800000, 0x0000000090800000|100%| E|CS|TAMS 0x0000000090700000, 0x0000000090800000| Complete 
| 264|0x0000000090800000, 0x0000000090900000, 0x0000000090900000|100%| E|CS|TAMS 0x0000000090800000, 0x0000000090900000| Complete 
| 265|0x0000000090900000, 0x0000000090a00000, 0x0000000090a00000|100%| E|CS|TAMS 0x0000000090900000, 0x0000000090a00000| Complete 
| 266|0x0000000090a00000, 0x0000000090b00000, 0x0000000090b00000|100%| E|CS|TAMS 0x0000000090a00000, 0x0000000090b00000| Complete 
| 267|0x0000000090b00000, 0x0000000090c00000, 0x0000000090c00000|100%| E|CS|TAMS 0x0000000090b00000, 0x0000000090c00000| Complete 
| 268|0x0000000090c00000, 0x0000000090d00000, 0x0000000090d00000|100%| E|CS|TAMS 0x0000000090c00000, 0x0000000090d00000| Complete 
| 269|0x0000000090d00000, 0x0000000090e00000, 0x0000000090e00000|100%| E|CS|TAMS 0x0000000090d00000, 0x0000000090e00000| Complete 
| 270|0x0000000090e00000, 0x0000000090f00000, 0x0000000090f00000|100%| E|CS|TAMS 0x0000000090e00000, 0x0000000090f00000| Complete 
| 271|0x0000000090f00000, 0x0000000091000000, 0x0000000091000000|100%| E|CS|TAMS 0x0000000090f00000, 0x0000000091000000| Complete 
| 272|0x0000000091000000, 0x0000000091100000, 0x0000000091100000|100%| E|CS|TAMS 0x0000000091000000, 0x0000000091100000| Complete 
| 273|0x0000000091100000, 0x0000000091200000, 0x0000000091200000|100%| E|CS|TAMS 0x0000000091100000, 0x0000000091200000| Complete 
| 274|0x0000000091200000, 0x0000000091300000, 0x0000000091300000|100%| E|CS|TAMS 0x0000000091200000, 0x0000000091300000| Complete 
| 275|0x0000000091300000, 0x0000000091400000, 0x0000000091400000|100%| E|CS|TAMS 0x0000000091300000, 0x0000000091400000| Complete 
| 276|0x0000000091400000, 0x0000000091500000, 0x0000000091500000|100%| E|CS|TAMS 0x0000000091400000, 0x0000000091500000| Complete 
| 277|0x0000000091500000, 0x0000000091600000, 0x0000000091600000|100%| E|CS|TAMS 0x0000000091500000, 0x0000000091600000| Complete 

Card table byte_map: [0x00000235c2b80000,0x00000235c2f80000] _byte_map_base: 0x00000235c2780000

Marking Bits (Prev, Next): (CMBitMap*) 0x00000235afcaeb08, (CMBitMap*) 0x00000235afcaeb40
 Prev Bits: [0x00000235c3380000, 0x00000235c5380000)
 Next Bits: [0x00000235c5380000, 0x00000235c7380000)

Polling page: 0x00000235ada80000

Metaspace:

Usage:
  Non-class:    106.24 MB capacity,   103.99 MB ( 98%) used,     1.88 MB (  2%) free+waste,   373.06 KB ( <1%) overhead. 
      Class:     16.56 MB capacity,    15.27 MB ( 92%) used,     1.13 MB (  7%) free+waste,   167.88 KB ( <1%) overhead. 
       Both:    122.81 MB capacity,   119.27 MB ( 97%) used,     3.01 MB (  2%) free+waste,   540.94 KB ( <1%) overhead. 

Virtual space:
  Non-class space:      108.00 MB reserved,     106.25 MB ( 98%) committed 
      Class space:        1.00 GB reserved,      16.63 MB (  2%) committed 
             Both:        1.11 GB reserved,     122.88 MB ( 11%) committed 

Chunk freelists:
   Non-Class:  9.00 KB
       Class:  30.00 KB
        Both:  39.00 KB

MaxMetaspaceSize: 17179869184.00 GB
CompressedClassSpaceSize: 1.00 GB
Initial GC threshold: 20.80 MB
Current GC threshold: 193.34 MB
CDS: off

CodeHeap 'non-profiled nmethods': size=120064Kb used=10307Kb max_used=10307Kb free=109756Kb
 bounds [0x00000235bb240000, 0x00000235bbc60000, 0x00000235c2780000]
CodeHeap 'profiled nmethods': size=120000Kb used=36962Kb max_used=36962Kb free=83037Kb
 bounds [0x00000235b3d10000, 0x00000235b6130000, 0x00000235bb240000]
CodeHeap 'non-nmethods': size=5696Kb used=2470Kb max_used=2520Kb free=3225Kb
 bounds [0x00000235b3780000, 0x00000235b3a10000, 0x00000235b3d10000]
 total_blobs=17143 nmethods=16145 adapters=909
 compilation: enabled
              stopped_count=0, restarted_count=0
 full_count=0

Compilation events (20 events):
Event: 87.030 Thread 0x00000235ca104000 nmethod 16289 0x00000235b6123510 code [0x00000235b61236e0, 0x00000235b6123a68]
Event: 87.030 Thread 0x00000235ca104000 16290   !   3       jdk.internal.reflect.GeneratedConstructorAccessor90::newInstance (53 bytes)
Event: 87.030 Thread 0x00000235ca104000 nmethod 16290 0x00000235b6123c10 code [0x00000235b6123e60, 0x00000235b61246c8]
Event: 87.031 Thread 0x00000235ca104000 16291       3       kotlin.collections.CollectionsKt___CollectionsKt::asSequence (18 bytes)
Event: 87.032 Thread 0x00000235ca104000 nmethod 16291 0x00000235b6124b10 code [0x00000235b6124d40, 0x00000235b6125418]
Event: 87.032 Thread 0x00000235ca104000 16292       3       kotlin.collections.CollectionsKt___CollectionsKt$asSequence$$inlined$Sequence$1::<init> (10 bytes)
Event: 87.032 Thread 0x00000235ca104000 nmethod 16292 0x00000235b6125690 code [0x00000235b6125840, 0x00000235b61259f8]
Event: 87.032 Thread 0x00000235ca104000 16293       3       kotlin.collections.CollectionsKt___CollectionsKt$asSequence$$inlined$Sequence$1::iterator (12 bytes)
Event: 87.032 Thread 0x00000235ca104000 nmethod 16293 0x00000235b6125a90 code [0x00000235b6125c40, 0x00000235b6125e08]
Event: 87.032 Thread 0x00000235ca104000 16294       3       kotlin.sequences.FilteringSequence::<init> (32 bytes)
Event: 87.033 Thread 0x00000235ca104000 nmethod 16294 0x00000235b6125f10 code [0x00000235b61261c0, 0x00000235b6126d18]
Event: 87.033 Thread 0x00000235ca104000 16295       3       kotlin.sequences.FilteringSequence::iterator (12 bytes)
Event: 87.033 Thread 0x00000235ca104000 nmethod 16295 0x00000235b6127110 code [0x00000235b61272e0, 0x00000235b6127688]
Event: 87.033 Thread 0x00000235ca104000 16296       3       kotlin.sequences.FilteringSequence$iterator$1::<init> (28 bytes)
Event: 87.033 Thread 0x00000235ca104000 nmethod 16296 0x00000235b6127810 code [0x00000235b61279e0, 0x00000235b6127ce8]
Event: 87.033 Thread 0x00000235ca104000 16297   !   3       com.sun.proxy.$Proxy179::getDependencies (29 bytes)
Event: 87.034 Thread 0x00000235ca104000 nmethod 16297 0x00000235b6127e10 code [0x00000235b6128000, 0x00000235b61283f8]
Event: 87.034 Thread 0x00000235ca104000 16298       3       com.android.tools.idea.gradle.project.sync.ModelCacheV2ImplKt$modelCacheV2Impl$createFromDependencies$toFlatLibraryList$1::<init> (11 bytes)
Event: 87.034 Thread 0x00000235ca104000 nmethod 16298 0x00000235b6128590 code [0x00000235b6128740, 0x00000235b6128958]
Event: 87.034 Thread 0x00000235ca104000 16299       3       kotlin.sequences.SequencesKt___SequencesKt::filter (26 bytes)

GC Heap History (20 events):
Event: 16.062 GC heap after
{Heap after GC invocations=15 (full 0):
 garbage-first heap   total 284672K, used 87519K [0x0000000080000000, 0x0000000100000000)
  region size 1024K, 8 young (8192K), 8 survivors (8192K)
 Metaspace       used 68328K, capacity 70086K, committed 70400K, reserved 1110016K
  class space    used 8752K, capacity 9408K, committed 9472K, reserved 1048576K
}
Event: 17.906 GC heap before
{Heap before GC invocations=15 (full 0):
 garbage-first heap   total 284672K, used 200159K [0x0000000080000000, 0x0000000100000000)
  region size 1024K, 118 young (120832K), 8 survivors (8192K)
 Metaspace       used 76738K, capacity 78639K, committed 78848K, reserved 1118208K
  class space    used 10013K, capacity 10707K, committed 10752K, reserved 1048576K
}
Event: 17.927 GC heap after
{Heap after GC invocations=16 (full 0):
 garbage-first heap   total 284672K, used 94585K [0x0000000080000000, 0x0000000100000000)
  region size 1024K, 15 young (15360K), 15 survivors (15360K)
 Metaspace       used 76738K, capacity 78639K, committed 78848K, reserved 1118208K
  class space    used 10013K, capacity 10707K, committed 10752K, reserved 1048576K
}
Event: 20.245 GC heap before
{Heap before GC invocations=16 (full 0):
 garbage-first heap   total 284672K, used 221561K [0x0000000080000000, 0x0000000100000000)
  region size 1024K, 130 young (133120K), 15 survivors (15360K)
 Metaspace       used 84578K, capacity 86927K, committed 87040K, reserved 1124352K
  class space    used 11100K, capacity 11952K, committed 12032K, reserved 1048576K
}
Event: 20.275 GC heap after
{Heap after GC invocations=17 (full 0):
 garbage-first heap   total 284672K, used 114094K [0x0000000080000000, 0x0000000100000000)
  region size 1024K, 17 young (17408K), 17 survivors (17408K)
 Metaspace       used 84578K, capacity 86927K, committed 87040K, reserved 1124352K
  class space    used 11100K, capacity 11952K, committed 12032K, reserved 1048576K
}
Event: 22.537 GC heap before
{Heap before GC invocations=17 (full 0):
 garbage-first heap   total 284672K, used 220590K [0x0000000080000000, 0x0000000100000000)
  region size 1024K, 121 young (123904K), 17 survivors (17408K)
 Metaspace       used 96454K, capacity 98914K, committed 99072K, reserved 1134592K
  class space    used 12561K, capacity 13492K, committed 13568K, reserved 1048576K
}
Event: 22.572 GC heap after
{Heap after GC invocations=18 (full 0):
 garbage-first heap   total 284672K, used 121138K [0x0000000080000000, 0x0000000100000000)
  region size 1024K, 7 young (7168K), 7 survivors (7168K)
 Metaspace       used 96454K, capacity 98914K, committed 99072K, reserved 1134592K
  class space    used 12561K, capacity 13492K, committed 13568K, reserved 1048576K
}
Event: 22.757 GC heap before
{Heap before GC invocations=18 (full 0):
 garbage-first heap   total 284672K, used 142642K [0x0000000080000000, 0x0000000100000000)
  region size 1024K, 29 young (29696K), 7 survivors (7168K)
 Metaspace       used 97912K, capacity 100386K, committed 100480K, reserved 1136640K
  class space    used 12764K, capacity 13684K, committed 13696K, reserved 1048576K
}
Event: 22.768 GC heap after
{Heap after GC invocations=19 (full 0):
 garbage-first heap   total 284672K, used 120349K [0x0000000080000000, 0x0000000100000000)
  region size 1024K, 6 young (6144K), 6 survivors (6144K)
 Metaspace       used 97912K, capacity 100386K, committed 100480K, reserved 1136640K
  class space    used 12764K, capacity 13684K, committed 13696K, reserved 1048576K
}
Event: 25.037 GC heap before
{Heap before GC invocations=20 (full 0):
 garbage-first heap   total 284672K, used 225821K [0x0000000080000000, 0x0000000100000000)
  region size 1024K, 109 young (111616K), 6 survivors (6144K)
 Metaspace       used 103228K, capacity 105747K, committed 105984K, reserved 1140736K
  class space    used 13365K, capacity 14294K, committed 14336K, reserved 1048576K
}
Event: 25.065 GC heap after
{Heap after GC invocations=21 (full 0):
 garbage-first heap   total 284672K, used 128372K [0x0000000080000000, 0x0000000100000000)
  region size 1024K, 14 young (14336K), 14 survivors (14336K)
 Metaspace       used 103228K, capacity 105747K, committed 105984K, reserved 1140736K
  class space    used 13365K, capacity 14294K, committed 14336K, reserved 1048576K
}
Event: 27.454 GC heap before
{Heap before GC invocations=22 (full 0):
 garbage-first heap   total 284672K, used 227700K [0x0000000080000000, 0x0000000100000000)
  region size 1024K, 112 young (114688K), 14 survivors (14336K)
 Metaspace       used 104626K, capacity 107260K, committed 107392K, reserved 1142784K
  class space    used 13467K, capacity 14430K, committed 14464K, reserved 1048576K
}
Event: 27.497 GC heap after
{Heap after GC invocations=23 (full 0):
 garbage-first heap   total 284672K, used 135152K [0x0000000080000000, 0x0000000100000000)
  region size 1024K, 9 young (9216K), 9 survivors (9216K)
 Metaspace       used 104626K, capacity 107260K, committed 107392K, reserved 1142784K
  class space    used 13467K, capacity 14430K, committed 14464K, reserved 1048576K
}
Event: 29.800 GC heap before
{Heap before GC invocations=23 (full 0):
 garbage-first heap   total 284672K, used 230384K [0x0000000080000000, 0x0000000100000000)
  region size 1024K, 103 young (105472K), 9 survivors (9216K)
 Metaspace       used 108289K, capacity 111243K, committed 111616K, reserved 1146880K
  class space    used 13930K, capacity 14977K, committed 15104K, reserved 1048576K
}
Event: 29.820 GC heap after
{Heap after GC invocations=24 (full 0):
 garbage-first heap   total 284672K, used 141760K [0x0000000080000000, 0x0000000100000000)
  region size 1024K, 8 young (8192K), 8 survivors (8192K)
 Metaspace       used 108289K, capacity 111243K, committed 111616K, reserved 1146880K
  class space    used 13930K, capacity 14977K, committed 15104K, reserved 1048576K
}
Event: 74.533 GC heap before
{Heap before GC invocations=24 (full 0):
 garbage-first heap   total 284672K, used 231872K [0x0000000080000000, 0x0000000100000000)
  region size 1024K, 97 young (99328K), 8 survivors (8192K)
 Metaspace       used 114695K, capacity 118141K, committed 118272K, reserved 1150976K
  class space    used 14806K, capacity 16008K, committed 16128K, reserved 1048576K
}
Event: 74.557 GC heap after
{Heap after GC invocations=25 (full 0):
 garbage-first heap   total 284672K, used 148221K [0x0000000080000000, 0x0000000100000000)
  region size 1024K, 7 young (7168K), 7 survivors (7168K)
 Metaspace       used 114695K, capacity 118141K, committed 118272K, reserved 1150976K
  class space    used 14806K, capacity 16008K, committed 16128K, reserved 1048576K
}
Event: 76.819 GC heap before
{Heap before GC invocations=26 (full 0):
 garbage-first heap   total 284672K, used 234237K [0x0000000080000000, 0x0000000100000000)
  region size 1024K, 92 young (94208K), 7 survivors (7168K)
 Metaspace       used 118884K, capacity 122402K, committed 122624K, reserved 1155072K
  class space    used 15292K, capacity 16565K, committed 16640K, reserved 1048576K
}
Event: 76.843 GC heap after
{Heap after GC invocations=27 (full 0):
 garbage-first heap   total 284672K, used 156362K [0x0000000080000000, 0x0000000100000000)
  region size 1024K, 12 young (12288K), 12 survivors (12288K)
 Metaspace       used 118884K, capacity 122402K, committed 122624K, reserved 1155072K
  class space    used 15292K, capacity 16565K, committed 16640K, reserved 1048576K
}
Event: 87.034 GC heap before
{Heap before GC invocations=27 (full 0):
 garbage-first heap   total 284672K, used 235210K [0x0000000080000000, 0x0000000100000000)
  region size 1024K, 90 young (92160K), 12 survivors (12288K)
 Metaspace       used 122127K, capacity 125753K, committed 125824K, reserved 1159168K
  class space    used 15638K, capacity 16962K, committed 17024K, reserved 1048576K
}

Deoptimization events (20 events):
Event: 86.908 Thread 0x00000235cbd4f000 DEOPT PACKING pc=0x00000235bb8bb074 sp=0x0000009f640f87b0
Event: 86.908 Thread 0x00000235cbd4f000 DEOPT UNPACKING pc=0x00000235b37ca1af sp=0x0000009f640f8708 mode 2
Event: 87.002 Thread 0x00000235cbd4f000 Uncommon trap: trap_request=0xffffffde fr.pc=0x00000235bbc4d490 relative=0x0000000000000d90
Event: 87.002 Thread 0x00000235cbd4f000 Uncommon trap: reason=class_check action=maybe_recompile pc=0x00000235bbc4d490 method=org.gradle.api.internal.attributes.DefaultImmutableAttributes.equals(Ljava/lang/Object;)Z @ 33 c2
Event: 87.002 Thread 0x00000235cbd4f000 DEOPT PACKING pc=0x00000235bbc4d490 sp=0x0000009f640f9520
Event: 87.002 Thread 0x00000235cbd4f000 DEOPT UNPACKING pc=0x00000235b37ca1af sp=0x0000009f640f94f8 mode 2
Event: 87.002 Thread 0x00000235cbd4f000 Uncommon trap: trap_request=0xffffffde fr.pc=0x00000235bbc4d490 relative=0x0000000000000d90
Event: 87.002 Thread 0x00000235cbd4f000 Uncommon trap: reason=class_check action=maybe_recompile pc=0x00000235bbc4d490 method=org.gradle.api.internal.attributes.DefaultImmutableAttributes.equals(Ljava/lang/Object;)Z @ 33 c2
Event: 87.002 Thread 0x00000235cbd4f000 DEOPT PACKING pc=0x00000235bbc4d490 sp=0x0000009f640f9520
Event: 87.002 Thread 0x00000235cbd4f000 DEOPT UNPACKING pc=0x00000235b37ca1af sp=0x0000009f640f94f8 mode 2
Event: 87.002 Thread 0x00000235cbd4f000 Uncommon trap: trap_request=0xffffffde fr.pc=0x00000235bbc4d490 relative=0x0000000000000d90
Event: 87.002 Thread 0x00000235cbd4f000 Uncommon trap: reason=class_check action=maybe_recompile pc=0x00000235bbc4d490 method=org.gradle.api.internal.attributes.DefaultImmutableAttributes.equals(Ljava/lang/Object;)Z @ 33 c2
Event: 87.002 Thread 0x00000235cbd4f000 DEOPT PACKING pc=0x00000235bbc4d490 sp=0x0000009f640f9520
Event: 87.002 Thread 0x00000235cbd4f000 DEOPT UNPACKING pc=0x00000235b37ca1af sp=0x0000009f640f94f8 mode 2
Event: 87.002 Thread 0x00000235cbd4f000 Uncommon trap: trap_request=0xffffffde fr.pc=0x00000235bbc4d490 relative=0x0000000000000d90
Event: 87.002 Thread 0x00000235cbd4f000 Uncommon trap: reason=class_check action=maybe_recompile pc=0x00000235bbc4d490 method=org.gradle.api.internal.attributes.DefaultImmutableAttributes.equals(Ljava/lang/Object;)Z @ 33 c2
Event: 87.002 Thread 0x00000235cbd4f000 DEOPT PACKING pc=0x00000235bbc4d490 sp=0x0000009f640f9520
Event: 87.002 Thread 0x00000235cbd4f000 DEOPT UNPACKING pc=0x00000235b37ca1af sp=0x0000009f640f94f8 mode 2
Event: 87.025 Thread 0x00000235cbd4f000 DEOPT PACKING pc=0x00000235b6031b98 sp=0x0000009f640f96d0
Event: 87.025 Thread 0x00000235cbd4f000 DEOPT UNPACKING pc=0x00000235b37ca95e sp=0x0000009f640f8bd0 mode 0

Classes redefined (0 events):
No events

Internal exceptions (20 events):
Event: 74.525 Thread 0x00000235cbd4f000 Exception <a 'java/lang/ClassNotFoundException'{0x000000008bdb6080}: build_b67ilw8obgei49dmgpzf9saphCustomizer> (0x000000008bdb6080) thrown at [./src/hotspot/share/classfile/systemDictionary.cpp, line 231]
Event: 74.602 Thread 0x00000235cbd4f000 Exception <a 'sun/nio/fs/WindowsException'{0x00000000914ce158}> (0x00000000914ce158) thrown at [./src/hotspot/share/prims/jni.cpp, line 615]
Event: 74.938 Thread 0x00000235ccaad800 Exception <a 'sun/nio/fs/WindowsException'{0x0000000090d2ed48}> (0x0000000090d2ed48) thrown at [./src/hotspot/share/prims/jni.cpp, line 615]
Event: 75.170 Thread 0x00000235ccaad800 Exception <a 'sun/nio/fs/WindowsException'{0x0000000090cf8dc0}> (0x0000000090cf8dc0) thrown at [./src/hotspot/share/prims/jni.cpp, line 615]
Event: 75.171 Thread 0x00000235ccaad800 Exception <a 'sun/nio/fs/WindowsException'{0x0000000090cf8f28}> (0x0000000090cf8f28) thrown at [./src/hotspot/share/prims/jni.cpp, line 615]
Event: 75.182 Thread 0x00000235cbd4f000 Exception <a 'java/lang/ClassNotFoundException'{0x0000000090b41b20}: build_b67ilw8obgei49dmgpzf9saphBeanInfo> (0x0000000090b41b20) thrown at [./src/hotspot/share/classfile/systemDictionary.cpp, line 231]
Event: 75.183 Thread 0x00000235cbd4f000 Exception <a 'java/lang/ClassNotFoundException'{0x0000000090b4d7c0}: build_b67ilw8obgei49dmgpzf9saphCustomizer> (0x0000000090b4d7c0) thrown at [./src/hotspot/share/classfile/systemDictionary.cpp, line 231]
Event: 75.195 Thread 0x00000235cbd4f000 Exception <a 'java/lang/ClassNotFoundException'{0x0000000090bcc498}: build_b67ilw8obgei49dmgpzf9saph$_run_closure1$_closure4BeanInfo> (0x0000000090bcc498) thrown at [./src/hotspot/share/classfile/systemDictionary.cpp, line 231]
Event: 75.195 Thread 0x00000235cbd4f000 Exception <a 'java/lang/ClassNotFoundException'{0x0000000090bdb840}: build_b67ilw8obgei49dmgpzf9saph$_run_closure1$_closure4Customizer> (0x0000000090bdb840) thrown at [./src/hotspot/share/classfile/systemDictionary.cpp, line 231]
Event: 75.198 Thread 0x00000235cbd4f000 Exception <a 'java/lang/ClassNotFoundException'{0x0000000090a03a28}: build_b67ilw8obgei49dmgpzf9saph$_run_closure1BeanInfo> (0x0000000090a03a28) thrown at [./src/hotspot/share/classfile/systemDictionary.cpp, line 231]
Event: 75.199 Thread 0x00000235cbd4f000 Exception <a 'java/lang/ClassNotFoundException'{0x0000000090a12cb8}: build_b67ilw8obgei49dmgpzf9saph$_run_closure1Customizer> (0x0000000090a12cb8) thrown at [./src/hotspot/share/classfile/systemDictionary.cpp, line 231]
Event: 75.954 Thread 0x00000235cbd4f000 Exception <a 'sun/nio/fs/WindowsException'{0x000000008e962eb8}> (0x000000008e962eb8) thrown at [./src/hotspot/share/prims/jni.cpp, line 615]
Event: 75.964 Thread 0x00000235cbd4f000 Exception <a 'sun/nio/fs/WindowsException'{0x000000008e806a78}> (0x000000008e806a78) thrown at [./src/hotspot/share/prims/jni.cpp, line 615]
Event: 75.965 Thread 0x00000235cbd4f000 Exception <a 'sun/nio/fs/WindowsException'{0x000000008e807b48}> (0x000000008e807b48) thrown at [./src/hotspot/share/prims/jni.cpp, line 615]
Event: 75.965 Thread 0x00000235cbd4f000 Exception <a 'sun/nio/fs/WindowsException'{0x000000008e808c68}> (0x000000008e808c68) thrown at [./src/hotspot/share/prims/jni.cpp, line 615]
Event: 75.965 Thread 0x00000235cbd4f000 Exception <a 'sun/nio/fs/WindowsException'{0x000000008e809d88}> (0x000000008e809d88) thrown at [./src/hotspot/share/prims/jni.cpp, line 615]
Event: 76.213 Thread 0x00000235cf382800 Implicit null exception at 0x00000235bb417eeb to 0x00000235bb417f0c
Event: 76.213 Thread 0x00000235cbd4f000 Implicit null exception at 0x00000235bb417eeb to 0x00000235bb417f0c
Event: 76.399 Thread 0x00000235cbd4f000 Exception <a 'sun/nio/fs/WindowsException'{0x000000008db5c950}> (0x000000008db5c950) thrown at [./src/hotspot/share/prims/jni.cpp, line 615]
Event: 84.834 Thread 0x00000235ce107000 Exception <a 'java/net/SocketTimeoutException'{0x000000008fc2b3f8}: Read timed out> (0x000000008fc2b3f8) thrown at [./src/hotspot/share/prims/jni.cpp, line 636]

Events (20 events):
Event: 85.217 Executing VM operation: RevokeBias done
Event: 85.218 Executing VM operation: RevokeBias
Event: 85.218 Executing VM operation: RevokeBias done
Event: 85.632 Thread 0x00000235cd8af000 Thread exited: 0x00000235cd8af000
Event: 85.803 Executing VM operation: RevokeBias
Event: 85.803 Executing VM operation: RevokeBias done
Event: 85.803 Executing VM operation: RevokeBias
Event: 85.804 Executing VM operation: RevokeBias done
Event: 85.804 Executing VM operation: RevokeBias
Event: 85.804 Executing VM operation: RevokeBias done
Event: 85.804 Executing VM operation: RevokeBias
Event: 85.804 Executing VM operation: RevokeBias done
Event: 86.121 Thread 0x00000235cd8aa800 Thread added: 0x00000235cd8aa800
Event: 86.795 Executing VM operation: RevokeBias
Event: 86.796 Executing VM operation: RevokeBias done
Event: 86.832 Executing VM operation: RevokeBias
Event: 86.832 Executing VM operation: RevokeBias done
Event: 86.950 loading class org/gradle/internal/Try$1
Event: 86.950 loading class org/gradle/internal/Try$1 done
Event: 87.034 Executing VM operation: G1CollectForAllocation


Dynamic libraries:
0x00007ff7b97a0000 - 0x00007ff7b97aa000 	C:\Program Files\Android\Android Studio1\jre\bin\java.exe
0x00007ffcff290000 - 0x00007ffcff488000 	C:\windows\SYSTEM32\ntdll.dll
0x00007ffcff190000 - 0x00007ffcff24d000 	C:\windows\System32\KERNEL32.DLL
0x00007ffcfcd00000 - 0x00007ffcfcfce000 	C:\windows\System32\KERNELBASE.dll
0x00007ffcfcfd0000 - 0x00007ffcfd0d0000 	C:\windows\System32\ucrtbase.dll
0x00007ffcf88c0000 - 0x00007ffcf88d9000 	C:\Program Files\Android\Android Studio1\jre\bin\jli.dll
0x00007ffcf88a0000 - 0x00007ffcf88b7000 	C:\Program Files\Android\Android Studio1\jre\bin\VCRUNTIME140.dll
0x00007ffcfd960000 - 0x00007ffcfdb00000 	C:\windows\System32\USER32.dll
0x00007ffce2cc0000 - 0x00007ffce2f5a000 	C:\windows\WinSxS\amd64_microsoft.windows.common-controls_6595b64144ccf1df_6.0.19041.1110_none_60b5254171f9507e\COMCTL32.dll
0x00007ffcfd0d0000 - 0x00007ffcfd0f2000 	C:\windows\System32\win32u.dll
0x00007ffcfe990000 - 0x00007ffcfea2e000 	C:\windows\System32\msvcrt.dll
0x00007ffcfefa0000 - 0x00007ffcfefca000 	C:\windows\System32\GDI32.dll
0x00007ffcfcb40000 - 0x00007ffcfcc4b000 	C:\windows\System32\gdi32full.dll
0x00007ffcfcaa0000 - 0x00007ffcfcb3d000 	C:\windows\System32\msvcp_win.dll
0x00007ffcfdf70000 - 0x00007ffcfdfa0000 	C:\windows\System32\IMM32.DLL
0x00007ffcf87c0000 - 0x00007ffcf885d000 	C:\Program Files\Android\Android Studio1\jre\bin\msvcp140.dll
0x00007ffc7a2c0000 - 0x00007ffc7ada5000 	C:\Program Files\Android\Android Studio1\jre\bin\server\jvm.dll
0x00007ffcff040000 - 0x00007ffcff0ee000 	C:\windows\System32\ADVAPI32.dll
0x00007ffcff0f0000 - 0x00007ffcff18c000 	C:\windows\System32\sechost.dll
0x00007ffcfeab0000 - 0x00007ffcfebd5000 	C:\windows\System32\RPCRT4.dll
0x00007ffcfe890000 - 0x00007ffcfe898000 	C:\windows\System32\PSAPI.DLL
0x00007ffcf5010000 - 0x00007ffcf5019000 	C:\windows\SYSTEM32\WSOCK32.dll
0x00007ffceb750000 - 0x00007ffceb777000 	C:\windows\SYSTEM32\WINMM.dll
0x00007ffcfd8f0000 - 0x00007ffcfd95b000 	C:\windows\System32\WS2_32.dll
0x00007ffcec8c0000 - 0x00007ffcec8ca000 	C:\windows\SYSTEM32\VERSION.dll
0x00007ffcfa890000 - 0x00007ffcfa8a2000 	C:\windows\SYSTEM32\kernel.appcore.dll
0x00007ffcf4ff0000 - 0x00007ffcf5001000 	C:\Program Files\Android\Android Studio1\jre\bin\verify.dll
0x00007ffceb4f0000 - 0x00007ffceb6d4000 	C:\windows\SYSTEM32\DBGHELP.DLL
0x00007ffceb370000 - 0x00007ffceb39c000 	C:\windows\SYSTEM32\dbgcore.DLL
0x00007ffcfd260000 - 0x00007ffcfd2e2000 	C:\windows\System32\bcryptPrimitives.dll
0x00007ffcf4fc0000 - 0x00007ffcf4fe9000 	C:\Program Files\Android\Android Studio1\jre\bin\java.dll
0x00007ffcf47d0000 - 0x00007ffcf47db000 	C:\Program Files\Android\Android Studio1\jre\bin\jimage.dll
0x00007ffcf47b0000 - 0x00007ffcf47c8000 	C:\Program Files\Android\Android Studio1\jre\bin\zip.dll
0x00007ffcfe140000 - 0x00007ffcfe884000 	C:\windows\System32\SHELL32.dll
0x00007ffcfaa90000 - 0x00007ffcfb224000 	C:\windows\SYSTEM32\windows.storage.dll
0x00007ffcfec40000 - 0x00007ffcfef94000 	C:\windows\System32\combase.dll
0x00007ffcfc410000 - 0x00007ffcfc440000 	C:\windows\SYSTEM32\Wldp.dll
0x00007ffcfdfa0000 - 0x00007ffcfe04d000 	C:\windows\System32\SHCORE.dll
0x00007ffcfebe0000 - 0x00007ffcfec35000 	C:\windows\System32\shlwapi.dll
0x00007ffcfc8f0000 - 0x00007ffcfc90f000 	C:\windows\SYSTEM32\profapi.dll
0x00007ffcec6d0000 - 0x00007ffcec6ea000 	C:\Program Files\Android\Android Studio1\jre\bin\net.dll
0x00007ffcee380000 - 0x00007ffcee48a000 	C:\windows\SYSTEM32\WINHTTP.dll
0x00007ffcfc170000 - 0x00007ffcfc1da000 	C:\windows\system32\mswsock.dll
0x00007ffcdbd20000 - 0x00007ffcdbd34000 	C:\Program Files\Android\Android Studio1\jre\bin\nio.dll
0x00007ffcd0790000 - 0x00007ffcd07b7000 	C:\Users\affi\.gradle\native\e1d6ef7f7dcc3fd88c89a11ec53ec762bb8ba0a96d01ffa2cd45eb1d1d8dd5c5\windows-amd64\native-platform.dll
0x00007ffcc5410000 - 0x00007ffcc5554000 	C:\Users\affi\.gradle\native\5664cfc778a61ccfe75a443a1ab52a65af34e5dc3c78e0209fed803814484fcb\windows-amd64\native-platform-file-events.dll
0x00007ffcf2d50000 - 0x00007ffcf2d5a000 	C:\Program Files\Android\Android Studio1\jre\bin\management.dll
0x00007ffcdbe90000 - 0x00007ffcdbe9d000 	C:\Program Files\Android\Android Studio1\jre\bin\management_ext.dll
0x00007ffcfc370000 - 0x00007ffcfc388000 	C:\windows\SYSTEM32\CRYPTSP.dll
0x00007ffcfba80000 - 0x00007ffcfbab4000 	C:\windows\system32\rsaenh.dll
0x00007ffcfca00000 - 0x00007ffcfca27000 	C:\windows\System32\bcrypt.dll
0x00007ffcfc8b0000 - 0x00007ffcfc8de000 	C:\windows\SYSTEM32\USERENV.dll
0x00007ffcfc360000 - 0x00007ffcfc36c000 	C:\windows\SYSTEM32\CRYPTBASE.dll
0x00007ffcfbe10000 - 0x00007ffcfbe4b000 	C:\windows\SYSTEM32\IPHLPAPI.DLL
0x00007ffcff030000 - 0x00007ffcff038000 	C:\windows\System32\NSI.dll
0x00007ffcf4920000 - 0x00007ffcf4937000 	C:\windows\SYSTEM32\dhcpcsvc6.DLL
0x00007ffcf57c0000 - 0x00007ffcf57dd000 	C:\windows\SYSTEM32\dhcpcsvc.DLL
0x00007ffcfbe60000 - 0x00007ffcfbf2b000 	C:\windows\SYSTEM32\DNSAPI.dll
0x00007ffcdc490000 - 0x00007ffcdc4b7000 	C:\Program Files\Android\Android Studio1\jre\bin\sunec.dll
0x00007ffcee4c0000 - 0x00007ffcee4ca000 	C:\Windows\System32\rasadhlp.dll
0x00007ffcee120000 - 0x00007ffcee1a0000 	C:\windows\System32\fwpuclnt.dll

dbghelp: loaded successfully - version: 4.0.5 - missing functions: none
symbol engine: initialized successfully - sym options: 0x614 - pdb path: .;C:\Program Files\Android\Android Studio1\jre\bin;C:\windows\SYSTEM32;C:\windows\WinSxS\amd64_microsoft.windows.common-controls_6595b64144ccf1df_6.0.19041.1110_none_60b5254171f9507e;C:\Program Files\Android\Android Studio1\jre\bin\server;C:\Users\affi\.gradle\native\e1d6ef7f7dcc3fd88c89a11ec53ec762bb8ba0a96d01ffa2cd45eb1d1d8dd5c5\windows-amd64;C:\Users\affi\.gradle\native\5664cfc778a61ccfe75a443a1ab52a65af34e5dc3c78e0209fed803814484fcb\windows-amd64

VM Arguments:
jvm_args: --add-opens=java.base/java.util=ALL-UNNAMED --add-opens=java.base/java.lang=ALL-UNNAMED --add-opens=java.base/java.lang.invoke=ALL-UNNAMED --add-opens=java.base/java.util=ALL-UNNAMED --add-opens=java.prefs/java.util.prefs=ALL-UNNAMED --add-opens=java.prefs/java.util.prefs=ALL-UNNAMED --add-opens=java.base/java.nio.charset=ALL-UNNAMED --add-opens=java.base/java.net=ALL-UNNAMED --add-opens=java.base/java.util.concurrent.atomic=ALL-UNNAMED -Xmx2048m -Dfile.encoding=UTF-8 -Duser.country=US -Duser.language=en -Duser.variant 
java_command: org.gradle.launcher.daemon.bootstrap.GradleDaemon 7.3.3
java_class_path (initial): C:\Users\affi\.gradle\wrapper\dists\gradle-7.3.3-bin\6a41zxkdtcxs8rphpq6y0069z\gradle-7.3.3\lib\gradle-launcher-7.3.3.jar
Launcher Type: SUN_STANDARD

[Global flags]
     intx CICompilerCount                          = 3                                         {product} {ergonomic}
     uint ConcGCThreads                            = 1                                         {product} {ergonomic}
     uint G1ConcRefinementThreads                  = 4                                         {product} {ergonomic}
   size_t G1HeapRegionSize                         = 1048576                                   {product} {ergonomic}
    uintx GCDrainStackTargetSize                   = 64                                        {product} {ergonomic}
   size_t InitialHeapSize                          = 201326592                                 {product} {ergonomic}
   size_t MarkStackSize                            = 4194304                                   {product} {ergonomic}
   size_t MaxHeapSize                              = 2147483648                                {product} {command line}
   size_t MaxNewSize                               = 1287651328                                {product} {ergonomic}
   size_t MinHeapDeltaBytes                        = 1048576                                   {product} {ergonomic}
    uintx NonNMethodCodeHeapSize                   = 5830732                                {pd product} {ergonomic}
    uintx NonProfiledCodeHeapSize                  = 122913754                              {pd product} {ergonomic}
    uintx ProfiledCodeHeapSize                     = 122913754                              {pd product} {ergonomic}
    uintx ReservedCodeCacheSize                    = 251658240                              {pd product} {ergonomic}
     bool SegmentedCodeCache                       = true                                      {product} {ergonomic}
     bool UseCompressedClassPointers               = true                                 {lp64_product} {ergonomic}
     bool UseCompressedOops                        = true                                 {lp64_product} {ergonomic}
     bool UseG1GC                                  = true                                      {product} {ergonomic}
     bool UseLargePagesIndividualAllocation        = false                                  {pd product} {ergonomic}

Logging:
Log output configuration:
 #0: stdout all=warning uptime,level,tags
 #1: stderr all=off uptime,level,tags

Environment Variables:
PATH=C:\Program Files (x86)\Common Files\Oracle\Java\javapath;C:\windows\system32;C:\windows;C:\windows\System32\Wbem;C:\windows\System32\WindowsPowerShell\v1.0\;C:\windows\System32\OpenSSH\;C:\Program Files\Git\cmd;C:\Program Files\nodejs\;C:\Program Files\dotnet\;C:\Program Files\Microsoft SQL Server\Client SDK\ODBC\170\Tools\Binn\;C:\Program Files (x86)\dotnet\;C:\Program Files\PuTTY\;C:\Program Files (x86)\Microsoft SQL Server\150\Tools\Binn\;C:\Program Files\Microsoft SQL Server\150\Tools\Binn\;C:\Program Files\Microsoft SQL Server\150\DTS\Binn\;C:\Program Files (x86)\Microsoft SQL Server\150\DTS\Binn\;C:\Program Files\MySQL\MySQL Shell 8.0\bin\;C:\Users\affi\AppData\Local\Microsoft\WindowsApps;C:\Users\affi\AppData\Local\Programs\Microsoft VS Code\bin;C:\Users\affi\AppData\Roaming\npm;C:\Users\affi\.dotnet\tools;C:\Users\affi\AppData\Local\GitHubDesktop\bin;C:\Program Files\Azure Data Studio\bin;C:\Program Files\Azure Data Studio\bin;C:\src\flutter\bin;C:\MinGW\bin;
USERNAME=affi
OS=Windows_NT
PROCESSOR_IDENTIFIER=Intel64 Family 6 Model 60 Stepping 3, GenuineIntel



---------------  S Y S T E M  ---------------

OS: Windows 10 , 64 bit Build 19041 (10.0.19041.1806)
OS uptime: 0 days 0:12 hours

CPU:total 4 (initial active 4) (2 cores per cpu, 2 threads per core) family 6 model 60 stepping 3 microcode 0x27, cmov, cx8, fxsr, mmx, sse, sse2, sse3, ssse3, sse4.1, sse4.2, popcnt, avx, avx2, aes, clmul, erms, lzcnt, ht, tsc, tscinvbit, bmi1, bmi2, fma

Memory: 4k page, system-wide physical 12179M (4803M free)
TotalPageFile size 14035M (AvailPageFile size 6538M)
current process WorkingSet (physical memory assigned to process): 596M, peak: 613M
current process commit charge ("private bytes"): 627M, peak: 646M

vm_info: OpenJDK 64-Bit Server VM (11.0.12+7-b1504.28-7817840) for windows-amd64 JRE (11.0.12+7-b1504.28-7817840), built on Oct 13 2021 22:12:33 by "builder" with MS VC++ 14.0 (VS2015)

END.
