#
# A fatal error has been detected by the Java Runtime Environment:
#
#  EXCEPTION_ACCESS_VIOLATION (0xc0000005) at pc=0x00007ffd7ff5eb4e, pid=2056, tid=2264
#
# JRE version: OpenJDK Runtime Environment (11.0.12+7) (build 11.0.12+7-b1504.28-7817840)
# Java VM: OpenJDK 64-Bit Server VM (11.0.12+7-b1504.28-7817840, mixed mode, tiered, compressed oops, g1 gc, windows-amd64)
# Problematic frame:
# V  [jvm.dll+0x6eb4e]
#
# No core dump will be written. Minidumps are not enabled by default on client versions of Windows
#
# If you would like to submit a bug report, please visit:
#   https://bugreport.java.com/bugreport/crash.jsp
#

---------------  S U M M A R Y ------------

Command Line: --add-opens=java.base/java.util=ALL-UNNAMED --add-opens=java.base/java.lang=ALL-UNNAMED --add-opens=java.base/java.lang.invoke=ALL-UNNAMED --add-opens=java.base/java.util=ALL-UNNAMED --add-opens=java.prefs/java.util.prefs=ALL-UNNAMED --add-opens=java.prefs/java.util.prefs=ALL-UNNAMED --add-opens=java.base/java.nio.charset=ALL-UNNAMED --add-opens=java.base/java.net=ALL-UNNAMED --add-opens=java.base/java.util.concurrent.atomic=ALL-UNNAMED -Xmx2048m -Dfile.encoding=UTF-8 -Duser.country=US -Duser.language=en -Duser.variant org.gradle.launcher.daemon.bootstrap.GradleDaemon 7.3.3

Host: Intel(R) Core(TM) i5-4210M CPU @ 2.60GHz, 4 cores, 11G,  Windows 10 , 64 bit Build 19041 (10.0.19041.1806)
Time: Tue Aug  9 18:55:02 2022 India Standard Time elapsed time: 19.578184 seconds (0d 0h 0m 19s)

---------------  T H R E A D  ---------------

Current thread (0x000001f1a3d92800):  JavaThread "C2 CompilerThread1" daemon [_thread_in_native, id=2264, stack(0x000000adc7600000,0x000000adc7700000)]


Current CompileTask:
C2:  19578 7709       4       org.gradle.internal.instantiation.generator.AbstractClassGenerator::inspectType (560 bytes)

Stack: [0x000000adc7600000,0x000000adc7700000],  sp=0x000000adc76fbfc0,  free space=1007k
Native frames: (J=compiled Java code, j=interpreted, Vv=VM code, C=native code)
V  [jvm.dll+0x6eb4e]
V  [jvm.dll+0x19f8b8]
V  [jvm.dll+0x19d0c6]
V  [jvm.dll+0x20070e]
V  [jvm.dll+0x1ff794]
V  [jvm.dll+0x18868c]
V  [jvm.dll+0x20e0d7]
V  [jvm.dll+0x20c901]
V  [jvm.dll+0x6f9b7f]
V  [jvm.dll+0x6f26a5]
V  [jvm.dll+0x5fabf6]
C  [ucrtbase.dll+0x21bb2]
C  [KERNEL32.DLL+0x17034]
C  [ntdll.dll+0x52651]


siginfo: EXCEPTION_ACCESS_VIOLATION (0xc0000005), reading address 0xffffffffffffffff


Register to memory mapping:

RIP=0x00007ffd7ff5eb4e jvm.dll
RAX=0x596900bb596800bb is an unknown value
RBX=0x000001f1acd499b0 points into unknown readable memory: 0x0000000000000000 | 00 00 00 00 00 00 00 00
RCX=0x000001f1a8fd02b8 points into unknown readable memory: 0x596900bb596800bb | bb 00 68 59 bb 00 69 59
RDX=0x0 is NULL
RSP=0x000000adc76fbfc0 is pointing into the stack for thread: 0x000001f1a3d92800
RBP=0x00007ffd8088f9b0 jvm.dll
RSI=0x000001f1acd499e8 points into unknown readable memory: 0x0000000000300000 | 00 00 30 00 00 00 00 00
RDI=0x00007e0bd3b45fc8 is an unknown value
R8 =0x0000000000000010 is an unknown value
R9 =0xffffffffffffffff is an unknown value
R10=0x000001f1a8e560f0 points into unknown readable memory: 0x0000000000400000 | 00 00 40 00 00 00 00 00
R11=0x00000000000000a8 is an unknown value
R12=0x0000000000000001 is an unknown value
R13=0x0000000000000001 is an unknown value
R14=0x000001f1a8ed0260 points into unknown readable memory: 0x00007ffd806a3710 | 10 37 6a 80 fd 7f 00 00
R15=0x000001f1a70774b8 points into unknown readable memory: 0x00007ffd8077f598 | 98 f5 77 80 fd 7f 00 00


Registers:
RAX=0x596900bb596800bb, RBX=0x000001f1acd499b0, RCX=0x000001f1a8fd02b8, RDX=0x0000000000000000
RSP=0x000000adc76fbfc0, RBP=0x00007ffd8088f9b0, RSI=0x000001f1acd499e8, RDI=0x00007e0bd3b45fc8
R8 =0x0000000000000010, R9 =0xffffffffffffffff, R10=0x000001f1a8e560f0, R11=0x00000000000000a8
R12=0x0000000000000001, R13=0x0000000000000001, R14=0x000001f1a8ed0260, R15=0x000001f1a70774b8
RIP=0x00007ffd7ff5eb4e, EFLAGS=0x0000000000010206

Top of Stack: (sp=0x000000adc76fbfc0)
0x000000adc76fbfc0:   000001f1a4c98e78 ffffffffffffffff
0x000000adc76fbfd0:   000001f1a2e5c4e0 00007ffd7ffb072f
0x000000adc76fbfe0:   000001f1acd49870 00007ffd8008f8b8
0x000000adc76fbff0:   000001f1acd49910 000001f1acd49948
0x000000adc76fc000:   000001f1a538b140 ffffffffffffffff
0x000000adc76fc010:   0000078b00000001 0000000000000001
0x000000adc76fc020:   000001f1a1ba0638 0000000000000000
0x000000adc76fc030:   0000000000000000 0000000000000000
0x000000adc76fc040:   0000000000002893 000001f1a2e5f410
0x000000adc76fc050:   000001f1a2e5f420 0000000000000008
0x000000adc76fc060:   00000000000003d8 000000adc76fc190
0x000000adc76fc070:   0000000000000000 000000adc76fc5d8
0x000000adc76fc080:   000000adc76fc4f0 00007ffd8008d0c6
0x000000adc76fc090:   000000adc76fc4f0 000000adc76fc101
0x000000adc76fc0a0:   000000adc76fc501 00000000ffffffff
0x000000adc76fc0b0:   000000000000f100 0000000000000000 

Instructions: (pc=0x00007ffd7ff5eb4e)
0x00007ffd7ff5ea4e:   cc cc b8 d0 00 00 00 c3 cc cc cc cc cc cc cc cc
0x00007ffd7ff5ea5e:   cc cc b8 75 01 00 00 c3 cc cc cc cc cc cc cc cc
0x00007ffd7ff5ea6e:   cc cc b8 76 01 00 00 c3 cc cc cc cc cc cc cc cc
0x00007ffd7ff5ea7e:   cc cc b8 14 00 00 00 c3 cc cc cc cc cc cc cc cc
0x00007ffd7ff5ea8e:   cc cc b8 1a 00 00 00 c3 cc cc cc cc cc cc cc cc
0x00007ffd7ff5ea9e:   cc cc b8 40 00 00 00 c3 cc cc cc cc cc cc cc cc
0x00007ffd7ff5eaae:   cc cc b8 42 00 00 00 c3 cc cc cc cc cc cc cc cc
0x00007ffd7ff5eabe:   cc cc b8 97 00 00 00 c3 cc cc cc cc cc cc cc cc
0x00007ffd7ff5eace:   cc cc b8 94 00 00 00 c3 cc cc cc cc cc cc cc cc
0x00007ffd7ff5eade:   cc cc b8 7c 00 00 00 c3 cc cc cc cc cc cc cc cc
0x00007ffd7ff5eaee:   cc cc b8 d4 00 00 00 c3 cc cc cc cc cc cc cc cc
0x00007ffd7ff5eafe:   cc cc b8 d7 00 00 00 c3 cc cc cc cc cc cc cc cc
0x00007ffd7ff5eb0e:   cc cc b8 f1 00 00 00 c3 cc cc cc cc cc cc cc cc
0x00007ffd7ff5eb1e:   cc cc b8 06 01 00 00 c3 cc cc cc cc cc cc cc cc
0x00007ffd7ff5eb2e:   cc cc b8 1d 01 00 00 c3 cc cc cc cc cc cc cc cc
0x00007ffd7ff5eb3e:   cc cc 48 83 ec 28 48 8b 41 40 48 8b 08 48 8b 01
0x00007ffd7ff5eb4e:   ff 90 d8 00 00 00 48 3b 05 e5 13 9d 00 75 0a b8
0x00007ffd7ff5eb5e:   0d 00 00 00 48 83 c4 28 c3 48 63 40 10 48 8d 0d
0x00007ffd7ff5eb6e:   42 3e 95 00 48 c1 e0 05 8b 04 08 48 83 c4 28 c3
0x00007ffd7ff5eb7e:   cc cc 48 89 5c 24 10 48 89 4c 24 08 55 56 57 41
0x00007ffd7ff5eb8e:   54 41 55 41 56 41 57 48 8d 6c 24 f0 48 81 ec 10
0x00007ffd7ff5eb9e:   01 00 00 4d 8b 50 18 4d 8b f8 48 8b 41 08 48 8b
0x00007ffd7ff5ebae:   f2 48 8b 15 aa ba 96 00 41 be 03 00 00 00 44 8b
0x00007ffd7ff5ebbe:   05 45 53 81 00 4c 8b 48 08 41 8b 41 28 4c 8d 0d
0x00007ffd7ff5ebce:   2e 14 f9 ff 49 0f bf 5c 82 02 45 0f bf 24 82 8b
0x00007ffd7ff5ebde:   41 28 45 0f bf 2c 82 49 0f bf 7c 82 02 83 fb ff
0x00007ffd7ff5ebee:   75 04 33 c0 eb 17 3b da 7c 06 44 89 75 60 eb 10
0x00007ffd7ff5ebfe:   45 39 84 d9 e0 e4 99 00 1b c0 83 c0 02 89 45 60
0x00007ffd7ff5ec0e:   83 ff ff 75 05 45 33 f6 eb 13 3b fa 7d 0f 45 39
0x00007ffd7ff5ec1e:   84 f9 e0 e4 99 00 45 1b f6 41 83 c6 02 3b df 75
0x00007ffd7ff5ec2e:   09 45 3b e5 0f 84 2a 15 00 00 48 8b 01 ff 50 28
0x00007ffd7ff5ec3e:   8b 48 10 83 e9 0a 83 f9 04 0f 87 18 01 00 00 48 


Stack slot to memory mapping:
stack at sp + 0 slots: 0x000001f1a4c98e78 points into unknown readable memory: 0x00007ffd8077eba8 | a8 eb 77 80 fd 7f 00 00
stack at sp + 1 slots: 0xffffffffffffffff is an unknown value
stack at sp + 2 slots: 0x000001f1a2e5c4e0 points into unknown readable memory: 0x000000adc76fec88 | 88 ec 6f c7 ad 00 00 00
stack at sp + 3 slots: 0x00007ffd7ffb072f jvm.dll
stack at sp + 4 slots: 0x000001f1acd49870 points into unknown readable memory: 0x0000000000000000 | 00 00 00 00 00 00 00 00
stack at sp + 5 slots: 0x00007ffd8008f8b8 jvm.dll
stack at sp + 6 slots: 0x000001f1acd49910 points into unknown readable memory: 0x0000000000000000 | 00 00 00 00 00 00 00 00
stack at sp + 7 slots: 0x000001f1acd49948 points into unknown readable memory: 0x0000000000300000 | 00 00 30 00 00 00 00 00


---------------  P R O C E S S  ---------------

Threads class SMR info:
_java_thread_list=0x000001f1a8e91840, length=79, elements={
0x000001f18529d800, 0x000001f1a0e35000, 0x000001f1a0e3d000, 0x000001f1a1686800,
0x000001f1a1688800, 0x000001f1a168a800, 0x000001f1a168d800, 0x000001f1a1692000,
0x000001f1a16ff000, 0x000001f1a17f1000, 0x000001f1a2c4f800, 0x000001f1a3be6000,
0x000001f1a3be8800, 0x000001f1a3be9800, 0x000001f1a3be4800, 0x000001f1a3be7000,
0x000001f1a3be8000, 0x000001f1a3beb000, 0x000001f1a3bea800, 0x000001f1a3be5800,
0x000001f1a3672800, 0x000001f1a3671800, 0x000001f1a3674000, 0x000001f1a3673000,
0x000001f1a3d92800, 0x000001f1a366f000, 0x000001f1a3670800, 0x000001f1a366e800,
0x000001f1a3670000, 0x000001f1a3679000, 0x000001f1a3678000, 0x000001f1a3675800,
0x000001f1a3677800, 0x000001f1a3675000, 0x000001f1a367b800, 0x000001f1a3676800,
0x000001f1a367c000, 0x000001f1a367d000, 0x000001f1a203d800, 0x000001f1a203b000,
0x000001f1a203a800, 0x000001f1a2040000, 0x000001f1a203c000, 0x000001f1a203e800,
0x000001f1a2042800, 0x000001f1a203f000, 0x000001f1a2041000, 0x000001f1a2041800,
0x000001f1a203d000, 0x000001f1a2045000, 0x000001f1a2043800, 0x000001f1a2045800,
0x000001f1a2046800, 0x000001f1a2047800, 0x000001f1a2048000, 0x000001f1a2044000,
0x000001f1a2049000, 0x000001f1a5530000, 0x000001f1a5534000, 0x000001f1a5532800,
0x000001f1a552e800, 0x000001f1a5530800, 0x000001f1a5531800, 0x000001f1a552f000,
0x000001f1a5539000, 0x000001f1a5535800, 0x000001f1a5533000, 0x000001f1a5539800,
0x000001f1a5537000, 0x000001f1a5538000, 0x000001f1a5536800, 0x000001f1a553a800,
0x000001f1a5535000, 0x000001f1a553b800, 0x000001f1a553c000, 0x000001f1a553d000,
0x000001f1a5869800, 0x000001f1a586a800, 0x000001f1a586d800
}

Java Threads: ( => current thread )
  0x000001f18529d800 JavaThread "main" [_thread_blocked, id=4776, stack(0x000000adc5400000,0x000000adc5500000)]
  0x000001f1a0e35000 JavaThread "Reference Handler" daemon [_thread_blocked, id=7712, stack(0x000000adc5b00000,0x000000adc5c00000)]
  0x000001f1a0e3d000 JavaThread "Finalizer" daemon [_thread_blocked, id=3992, stack(0x000000adc5c00000,0x000000adc5d00000)]
  0x000001f1a1686800 JavaThread "Signal Dispatcher" daemon [_thread_blocked, id=9200, stack(0x000000adc5d00000,0x000000adc5e00000)]
  0x000001f1a1688800 JavaThread "Attach Listener" daemon [_thread_blocked, id=9988, stack(0x000000adc5e00000,0x000000adc5f00000)]
  0x000001f1a168a800 JavaThread "Service Thread" daemon [_thread_blocked, id=13080, stack(0x000000adc5f00000,0x000000adc6000000)]
  0x000001f1a168d800 JavaThread "C2 CompilerThread0" daemon [_thread_in_native, id=8916, stack(0x000000adc6000000,0x000000adc6100000)]
  0x000001f1a1692000 JavaThread "C1 CompilerThread0" daemon [_thread_blocked, id=12584, stack(0x000000adc6100000,0x000000adc6200000)]
  0x000001f1a16ff000 JavaThread "Sweeper thread" daemon [_thread_blocked, id=8516, stack(0x000000adc6200000,0x000000adc6300000)]
  0x000001f1a17f1000 JavaThread "Common-Cleaner" daemon [_thread_blocked, id=4224, stack(0x000000adc6300000,0x000000adc6400000)]
  0x000001f1a2c4f800 JavaThread "Daemon health stats" [_thread_blocked, id=12772, stack(0x000000adc6900000,0x000000adc6a00000)]
  0x000001f1a3be6000 JavaThread "Incoming local TCP Connector on port 50164" [_thread_in_native, id=5260, stack(0x000000adc6500000,0x000000adc6600000)]
  0x000001f1a3be8800 JavaThread "Daemon periodic checks" [_thread_blocked, id=7244, stack(0x000000adc6a00000,0x000000adc6b00000)]
  0x000001f1a3be9800 JavaThread "Daemon" [_thread_blocked, id=5552, stack(0x000000adc6b00000,0x000000adc6c00000)]
  0x000001f1a3be4800 JavaThread "Handler for socket connection from /127.0.0.1:50164 to /127.0.0.1:50165" [_thread_in_native, id=11020, stack(0x000000adc6c00000,0x000000adc6d00000)]
  0x000001f1a3be7000 JavaThread "Cancel handler" [_thread_blocked, id=1300, stack(0x000000adc6d00000,0x000000adc6e00000)]
  0x000001f1a3be8000 JavaThread "Daemon worker" [_thread_in_vm, id=10052, stack(0x000000adc6e00000,0x000000adc6f00000)]
  0x000001f1a3beb000 JavaThread "Asynchronous log dispatcher for DefaultDaemonConnection: socket connection from /127.0.0.1:50164 to /127.0.0.1:50165" [_thread_blocked, id=3208, stack(0x000000adc6f00000,0x000000adc7000000)]
  0x000001f1a3bea800 JavaThread "Stdin handler" [_thread_blocked, id=3036, stack(0x000000adc7000000,0x000000adc7100000)]
  0x000001f1a3be5800 JavaThread "Daemon client event forwarder" [_thread_blocked, id=9700, stack(0x000000adc7100000,0x000000adc7200000)]
  0x000001f1a3672800 JavaThread "Cache worker for journal cache (C:\Users\affi\.gradle\caches\journal-1)" [_thread_blocked, id=5504, stack(0x000000adc7200000,0x000000adc7300000)]
  0x000001f1a3671800 JavaThread "File lock request listener" [_thread_in_native, id=2672, stack(0x000000adc7300000,0x000000adc7400000)]
  0x000001f1a3674000 JavaThread "Cache worker for file hash cache (C:\Users\affi\.gradle\caches\7.3.3\fileHashes)" [_thread_blocked, id=8632, stack(0x000000adc7400000,0x000000adc7500000)]
  0x000001f1a3673000 JavaThread "Cache worker for file hash cache (E:\affi\AndroidProjects\imgurgram\.gradle\7.3.3\fileHashes)" [_thread_blocked, id=5524, stack(0x000000adc7500000,0x000000adc7600000)]
=>0x000001f1a3d92800 JavaThread "C2 CompilerThread1" daemon [_thread_in_native, id=2264, stack(0x000000adc7600000,0x000000adc7700000)]
  0x000001f1a366f000 JavaThread "File watcher server" daemon [_thread_in_native, id=3152, stack(0x000000adc7700000,0x000000adc7800000)]
  0x000001f1a3670800 JavaThread "File watcher consumer" daemon [_thread_blocked, id=7828, stack(0x000000adc7800000,0x000000adc7900000)]
  0x000001f1a366e800 JavaThread "Cache worker for checksums cache (E:\affi\AndroidProjects\imgurgram\.gradle\7.3.3\checksums)" [_thread_blocked, id=10764, stack(0x000000adc7900000,0x000000adc7a00000)]
  0x000001f1a3670000 JavaThread "Cache worker for cache directory md-supplier (C:\Users\affi\.gradle\caches\7.3.3\md-supplier)" [_thread_blocked, id=12612, stack(0x000000adc7a00000,0x000000adc7b00000)]
  0x000001f1a3679000 JavaThread "Cache worker for cache directory md-rule (C:\Users\affi\.gradle\caches\7.3.3\md-rule)" [_thread_blocked, id=5640, stack(0x000000adc7b00000,0x000000adc7c00000)]
  0x000001f1a3678000 JavaThread "Cache worker for execution history cache (C:\Users\affi\.gradle\caches\7.3.3\executionHistory)" [_thread_blocked, id=412, stack(0x000000adc7c00000,0x000000adc7d00000)]
  0x000001f1a3675800 JavaThread "jar transforms" [_thread_blocked, id=11068, stack(0x000000adc7d00000,0x000000adc7e00000)]
  0x000001f1a3677800 JavaThread "Cache worker for file content cache (C:\Users\affi\.gradle\caches\7.3.3\fileContent)" [_thread_blocked, id=5912, stack(0x000000adc7e00000,0x000000adc7f00000)]
  0x000001f1a3675000 JavaThread "jar transforms Thread 2" [_thread_blocked, id=11216, stack(0x000000adc7f00000,0x000000adc8000000)]
  0x000001f1a367b800 JavaThread "Cache worker for dependencies-accessors (E:\affi\AndroidProjects\imgurgram\.gradle\7.3.3\dependencies-accessors)" [_thread_blocked, id=5176, stack(0x000000adc8000000,0x000000adc8100000)]
  0x000001f1a3676800 JavaThread "jar transforms Thread 3" [_thread_blocked, id=604, stack(0x000000adc8100000,0x000000adc8200000)]
  0x000001f1a367c000 JavaThread "Cache worker for Build Output Cleanup Cache (E:\affi\AndroidProjects\imgurgram\.gradle\buildOutputCleanup)" [_thread_blocked, id=968, stack(0x000000adc8200000,0x000000adc8300000)]
  0x000001f1a367d000 JavaThread "Unconstrained build operations" [_thread_blocked, id=2328, stack(0x000000adc8300000,0x000000adc8400000)]
  0x000001f1a203d800 JavaThread "Unconstrained build operations Thread 2" [_thread_blocked, id=9132, stack(0x000000adc8400000,0x000000adc8500000)]
  0x000001f1a203b000 JavaThread "Unconstrained build operations Thread 3" [_thread_blocked, id=3444, stack(0x000000adc8500000,0x000000adc8600000)]
  0x000001f1a203a800 JavaThread "Unconstrained build operations Thread 4" [_thread_blocked, id=6780, stack(0x000000adc8600000,0x000000adc8700000)]
  0x000001f1a2040000 JavaThread "Unconstrained build operations Thread 5" [_thread_blocked, id=1028, stack(0x000000adc8700000,0x000000adc8800000)]
  0x000001f1a203c000 JavaThread "Unconstrained build operations Thread 6" [_thread_blocked, id=7236, stack(0x000000adc8800000,0x000000adc8900000)]
  0x000001f1a203e800 JavaThread "Unconstrained build operations Thread 7" [_thread_blocked, id=12988, stack(0x000000adc8900000,0x000000adc8a00000)]
  0x000001f1a2042800 JavaThread "Unconstrained build operations Thread 8" [_thread_blocked, id=7372, stack(0x000000adc8a00000,0x000000adc8b00000)]
  0x000001f1a203f000 JavaThread "Unconstrained build operations Thread 9" [_thread_blocked, id=9420, stack(0x000000adc8b00000,0x000000adc8c00000)]
  0x000001f1a2041000 JavaThread "Unconstrained build operations Thread 10" [_thread_blocked, id=3596, stack(0x000000adc8c00000,0x000000adc8d00000)]
  0x000001f1a2041800 JavaThread "Unconstrained build operations Thread 11" [_thread_blocked, id=5092, stack(0x000000adc8d00000,0x000000adc8e00000)]
  0x000001f1a203d000 JavaThread "Unconstrained build operations Thread 12" [_thread_blocked, id=2420, stack(0x000000adc8e00000,0x000000adc8f00000)]
  0x000001f1a2045000 JavaThread "Unconstrained build operations Thread 13" [_thread_blocked, id=1360, stack(0x000000adc8f00000,0x000000adc9000000)]
  0x000001f1a2043800 JavaThread "Unconstrained build operations Thread 14" [_thread_blocked, id=808, stack(0x000000adc9000000,0x000000adc9100000)]
  0x000001f1a2045800 JavaThread "Unconstrained build operations Thread 15" [_thread_blocked, id=5676, stack(0x000000adc9100000,0x000000adc9200000)]
  0x000001f1a2046800 JavaThread "Unconstrained build operations Thread 16" [_thread_blocked, id=5528, stack(0x000000adc9200000,0x000000adc9300000)]
  0x000001f1a2047800 JavaThread "Unconstrained build operations Thread 17" [_thread_blocked, id=1956, stack(0x000000adc9300000,0x000000adc9400000)]
  0x000001f1a2048000 JavaThread "Unconstrained build operations Thread 18" [_thread_blocked, id=5816, stack(0x000000adc9400000,0x000000adc9500000)]
  0x000001f1a2044000 JavaThread "Unconstrained build operations Thread 19" [_thread_blocked, id=11312, stack(0x000000adc9500000,0x000000adc9600000)]
  0x000001f1a2049000 JavaThread "Unconstrained build operations Thread 20" [_thread_blocked, id=2384, stack(0x000000adc9600000,0x000000adc9700000)]
  0x000001f1a5530000 JavaThread "Unconstrained build operations Thread 21" [_thread_blocked, id=4408, stack(0x000000adc9700000,0x000000adc9800000)]
  0x000001f1a5534000 JavaThread "Unconstrained build operations Thread 22" [_thread_blocked, id=11896, stack(0x000000adc9800000,0x000000adc9900000)]
  0x000001f1a5532800 JavaThread "Unconstrained build operations Thread 23" [_thread_blocked, id=2980, stack(0x000000adc9900000,0x000000adc9a00000)]
  0x000001f1a552e800 JavaThread "Unconstrained build operations Thread 24" [_thread_blocked, id=2956, stack(0x000000adc9a00000,0x000000adc9b00000)]
  0x000001f1a5530800 JavaThread "Unconstrained build operations Thread 25" [_thread_blocked, id=11752, stack(0x000000adc9b00000,0x000000adc9c00000)]
  0x000001f1a5531800 JavaThread "Unconstrained build operations Thread 26" [_thread_blocked, id=8784, stack(0x000000adc9c00000,0x000000adc9d00000)]
  0x000001f1a552f000 JavaThread "Unconstrained build operations Thread 27" [_thread_blocked, id=9904, stack(0x000000adc9d00000,0x000000adc9e00000)]
  0x000001f1a5539000 JavaThread "Unconstrained build operations Thread 28" [_thread_blocked, id=6512, stack(0x000000adc9e00000,0x000000adc9f00000)]
  0x000001f1a5535800 JavaThread "Unconstrained build operations Thread 29" [_thread_blocked, id=4996, stack(0x000000adc9f00000,0x000000adca000000)]
  0x000001f1a5533000 JavaThread "Unconstrained build operations Thread 30" [_thread_blocked, id=7956, stack(0x000000adca000000,0x000000adca100000)]
  0x000001f1a5539800 JavaThread "Unconstrained build operations Thread 31" [_thread_blocked, id=6576, stack(0x000000adca100000,0x000000adca200000)]
  0x000001f1a5537000 JavaThread "Unconstrained build operations Thread 32" [_thread_blocked, id=7348, stack(0x000000adca200000,0x000000adca300000)]
  0x000001f1a5538000 JavaThread "Unconstrained build operations Thread 33" [_thread_blocked, id=11092, stack(0x000000adca300000,0x000000adca400000)]
  0x000001f1a5536800 JavaThread "Unconstrained build operations Thread 34" [_thread_blocked, id=11964, stack(0x000000adca400000,0x000000adca500000)]
  0x000001f1a553a800 JavaThread "Unconstrained build operations Thread 35" [_thread_blocked, id=6784, stack(0x000000adca500000,0x000000adca600000)]
  0x000001f1a5535000 JavaThread "Unconstrained build operations Thread 36" [_thread_blocked, id=6136, stack(0x000000adca600000,0x000000adca700000)]
  0x000001f1a553b800 JavaThread "Unconstrained build operations Thread 37" [_thread_blocked, id=10304, stack(0x000000adca700000,0x000000adca800000)]
  0x000001f1a553c000 JavaThread "Unconstrained build operations Thread 38" [_thread_blocked, id=7800, stack(0x000000adca800000,0x000000adca900000)]
  0x000001f1a553d000 JavaThread "Unconstrained build operations Thread 39" [_thread_blocked, id=11600, stack(0x000000adca900000,0x000000adcaa00000)]
  0x000001f1a5869800 JavaThread "Unconstrained build operations Thread 40" [_thread_blocked, id=5876, stack(0x000000adcaa00000,0x000000adcab00000)]
  0x000001f1a586a800 JavaThread "jar transforms Thread 4" [_thread_blocked, id=7848, stack(0x000000adcab00000,0x000000adcac00000)]
  0x000001f1a586d800 JavaThread "Memory manager" [_thread_blocked, id=10200, stack(0x000000adcac00000,0x000000adcad00000)]

Other Threads:
  0x000001f1a0e22000 VMThread "VM Thread" [stack: 0x000000adc5a00000,0x000000adc5b00000] [id=8412]
  0x000001f1a1809800 WatcherThread [stack: 0x000000adc6400000,0x000000adc6500000] [id=3680]
  0x000001f1852b6000 GCTaskThread "GC Thread#0" [stack: 0x000000adc5500000,0x000000adc5600000] [id=2080]
  0x000001f1a2092800 GCTaskThread "GC Thread#1" [stack: 0x000000adc6600000,0x000000adc6700000] [id=12944]
  0x000001f1a1f9b000 GCTaskThread "GC Thread#2" [stack: 0x000000adc6700000,0x000000adc6800000] [id=7188]
  0x000001f1a24ed000 GCTaskThread "GC Thread#3" [stack: 0x000000adc6800000,0x000000adc6900000] [id=2664]
  0x000001f1852e7800 ConcurrentGCThread "G1 Main Marker" [stack: 0x000000adc5600000,0x000000adc5700000] [id=6556]
  0x000001f1852ea000 ConcurrentGCThread "G1 Conc#0" [stack: 0x000000adc5700000,0x000000adc5800000] [id=8472]
  0x000001f18537e800 ConcurrentGCThread "G1 Refine#0" [stack: 0x000000adc5800000,0x000000adc5900000] [id=11684]
  0x000001f1a0c70800 ConcurrentGCThread "G1 Young RemSet Sampling" [stack: 0x000000adc5900000,0x000000adc5a00000] [id=10724]

Threads with active compile tasks:
C2 CompilerThread0  19694 7900       4       java.util.HashMap::putVal (300 bytes)
C2 CompilerThread1  19694 7709       4       org.gradle.internal.instantiation.generator.AbstractClassGenerator::inspectType (560 bytes)

VM state:not at safepoint (normal execution)

VM Mutex/Monitor currently owned by a thread: None

Heap address: 0x0000000080000000, size: 2048 MB, Compressed Oops mode: 32-bit
Narrow klass base: 0x0000000000000000, Narrow klass shift: 3
Compressed class space size: 1073741824 Address: 0x0000000100000000

Heap:
 garbage-first heap   total 236544K, used 138565K [0x0000000080000000, 0x0000000100000000)
  region size 1024K, 83 young (84992K), 14 survivors (14336K)
 Metaspace       used 80444K, capacity 82213K, committed 82348K, reserved 1120256K
  class space    used 10499K, capacity 11208K, committed 11264K, reserved 1048576K
Heap Regions: E=young(eden), S=young(survivor), O=old, HS=humongous(starts), HC=humongous(continues), CS=collection set, F=free, A=archive, TAMS=top-at-mark-start (previous, next)
|   0|0x0000000080000000, 0x0000000080100000, 0x0000000080100000|100%| O|  |TAMS 0x0000000080100000, 0x0000000080000000| Untracked 
|   1|0x0000000080100000, 0x0000000080200000, 0x0000000080200000|100%| O|  |TAMS 0x0000000080200000, 0x0000000080100000| Untracked 
|   2|0x0000000080200000, 0x0000000080300000, 0x0000000080300000|100%| O|  |TAMS 0x0000000080300000, 0x0000000080200000| Untracked 
|   3|0x0000000080300000, 0x0000000080400000, 0x0000000080400000|100%|HS|  |TAMS 0x0000000080400000, 0x0000000080300000| Complete 
|   4|0x0000000080400000, 0x0000000080500000, 0x0000000080500000|100%|HC|  |TAMS 0x0000000080500000, 0x0000000080400000| Complete 
|   5|0x0000000080500000, 0x0000000080600000, 0x0000000080600000|100%|HC|  |TAMS 0x0000000080600000, 0x0000000080500000| Complete 
|   6|0x0000000080600000, 0x0000000080700000, 0x0000000080700000|100%| O|  |TAMS 0x0000000080700000, 0x0000000080600000| Untracked 
|   7|0x0000000080700000, 0x0000000080800000, 0x0000000080800000|100%| O|  |TAMS 0x0000000080800000, 0x0000000080700000| Untracked 
|   8|0x0000000080800000, 0x0000000080900000, 0x0000000080900000|100%| O|  |TAMS 0x0000000080900000, 0x0000000080800000| Untracked 
|   9|0x0000000080900000, 0x0000000080a00000, 0x0000000080a00000|100%| O|  |TAMS 0x0000000080a00000, 0x0000000080900000| Untracked 
|  10|0x0000000080a00000, 0x0000000080b00000, 0x0000000080b00000|100%| O|  |TAMS 0x0000000080b00000, 0x0000000080a00000| Untracked 
|  11|0x0000000080b00000, 0x0000000080c00000, 0x0000000080c00000|100%| O|  |TAMS 0x0000000080c00000, 0x0000000080b00000| Untracked 
|  12|0x0000000080c00000, 0x0000000080d00000, 0x0000000080d00000|100%| O|  |TAMS 0x0000000080d00000, 0x0000000080c00000| Untracked 
|  13|0x0000000080d00000, 0x0000000080e00000, 0x0000000080e00000|100%| O|  |TAMS 0x0000000080e00000, 0x0000000080d00000| Untracked 
|  14|0x0000000080e00000, 0x0000000080f00000, 0x0000000080f00000|100%| O|  |TAMS 0x0000000080f00000, 0x0000000080e00000| Untracked 
|  15|0x0000000080f00000, 0x0000000081000000, 0x0000000081000000|100%| O|  |TAMS 0x0000000081000000, 0x0000000080f00000| Untracked 
|  16|0x0000000081000000, 0x0000000081100000, 0x0000000081100000|100%| O|  |TAMS 0x0000000081100000, 0x0000000081000000| Untracked 
|  17|0x0000000081100000, 0x0000000081200000, 0x0000000081200000|100%|HS|  |TAMS 0x0000000081200000, 0x0000000081100000| Complete 
|  18|0x0000000081200000, 0x0000000081300000, 0x0000000081300000|100%| O|  |TAMS 0x0000000081300000, 0x0000000081200000| Untracked 
|  19|0x0000000081300000, 0x0000000081400000, 0x0000000081400000|100%| O|  |TAMS 0x0000000081400000, 0x0000000081300000| Untracked 
|  20|0x0000000081400000, 0x0000000081500000, 0x0000000081500000|100%| O|  |TAMS 0x0000000081500000, 0x0000000081400000| Untracked 
|  21|0x0000000081500000, 0x0000000081600000, 0x0000000081600000|100%| O|  |TAMS 0x0000000081600000, 0x0000000081500000| Untracked 
|  22|0x0000000081600000, 0x0000000081700000, 0x0000000081700000|100%| O|  |TAMS 0x0000000081700000, 0x0000000081600000| Untracked 
|  23|0x0000000081700000, 0x0000000081800000, 0x0000000081800000|100%| O|  |TAMS 0x0000000081800000, 0x0000000081700000| Untracked 
|  24|0x0000000081800000, 0x0000000081900000, 0x0000000081900000|100%|HS|  |TAMS 0x0000000081900000, 0x0000000081800000| Complete 
|  25|0x0000000081900000, 0x0000000081a00000, 0x0000000081a00000|100%|HS|  |TAMS 0x0000000081a00000, 0x0000000081900000| Complete 
|  26|0x0000000081a00000, 0x0000000081b00000, 0x0000000081b00000|100%|HS|  |TAMS 0x0000000081b00000, 0x0000000081a00000| Complete 
|  27|0x0000000081b00000, 0x0000000081c00000, 0x0000000081c00000|100%|HC|  |TAMS 0x0000000081c00000, 0x0000000081b00000| Complete 
|  28|0x0000000081c00000, 0x0000000081d00000, 0x0000000081d00000|100%|HC|  |TAMS 0x0000000081d00000, 0x0000000081c00000| Complete 
|  29|0x0000000081d00000, 0x0000000081e00000, 0x0000000081e00000|100%|HS|  |TAMS 0x0000000081e00000, 0x0000000081d00000| Complete 
|  30|0x0000000081e00000, 0x0000000081f00000, 0x0000000081f00000|100%|HC|  |TAMS 0x0000000081f00000, 0x0000000081e00000| Complete 
|  31|0x0000000081f00000, 0x0000000082000000, 0x0000000082000000|100%| O|  |TAMS 0x0000000082000000, 0x0000000081f00000| Untracked 
|  32|0x0000000082000000, 0x0000000082100000, 0x0000000082100000|100%| O|  |TAMS 0x0000000082100000, 0x0000000082000000| Untracked 
|  33|0x0000000082100000, 0x0000000082200000, 0x0000000082200000|100%| O|  |TAMS 0x0000000082200000, 0x0000000082100000| Untracked 
|  34|0x0000000082200000, 0x0000000082300000, 0x0000000082300000|100%| O|  |TAMS 0x0000000082300000, 0x0000000082200000| Untracked 
|  35|0x0000000082300000, 0x0000000082400000, 0x0000000082400000|100%| O|  |TAMS 0x0000000082400000, 0x0000000082300000| Untracked 
|  36|0x0000000082400000, 0x0000000082500000, 0x0000000082500000|100%| O|  |TAMS 0x0000000082500000, 0x0000000082400000| Untracked 
|  37|0x0000000082500000, 0x0000000082600000, 0x0000000082600000|100%| O|  |TAMS 0x0000000082600000, 0x0000000082500000| Untracked 
|  38|0x0000000082600000, 0x0000000082600000, 0x0000000082700000|  0%| F|  |TAMS 0x0000000082600000, 0x0000000082600000| Untracked 
|  39|0x0000000082700000, 0x0000000082800000, 0x0000000082800000|100%| O|  |TAMS 0x0000000082800000, 0x0000000082700000| Untracked 
|  40|0x0000000082800000, 0x0000000082900000, 0x0000000082900000|100%| O|  |TAMS 0x0000000082900000, 0x0000000082800000| Untracked 
|  41|0x0000000082900000, 0x0000000082a00000, 0x0000000082a00000|100%| O|  |TAMS 0x0000000082a00000, 0x0000000082900000| Untracked 
|  42|0x0000000082a00000, 0x0000000082b00000, 0x0000000082b00000|100%| O|  |TAMS 0x0000000082b00000, 0x0000000082a00000| Untracked 
|  43|0x0000000082b00000, 0x0000000082c00000, 0x0000000082c00000|100%| O|  |TAMS 0x0000000082c00000, 0x0000000082b00000| Untracked 
|  44|0x0000000082c00000, 0x0000000082d00000, 0x0000000082d00000|100%| O|  |TAMS 0x0000000082d00000, 0x0000000082c00000| Untracked 
|  45|0x0000000082d00000, 0x0000000082e00000, 0x0000000082e00000|100%| O|  |TAMS 0x0000000082e00000, 0x0000000082d00000| Untracked 
|  46|0x0000000082e00000, 0x0000000082f00000, 0x0000000082f00000|100%| O|  |TAMS 0x0000000082f00000, 0x0000000082e00000| Untracked 
|  47|0x0000000082f00000, 0x0000000083000000, 0x0000000083000000|100%| O|  |TAMS 0x0000000083000000, 0x0000000082f00000| Untracked 
|  48|0x0000000083000000, 0x0000000083100000, 0x0000000083100000|100%| O|  |TAMS 0x0000000083100000, 0x0000000083000000| Untracked 
|  49|0x0000000083100000, 0x0000000083200000, 0x0000000083200000|100%| O|  |TAMS 0x0000000083200000, 0x0000000083100000| Untracked 
|  50|0x0000000083200000, 0x0000000083300000, 0x0000000083300000|100%| O|  |TAMS 0x0000000083300000, 0x0000000083200000| Untracked 
|  51|0x0000000083300000, 0x0000000083400000, 0x0000000083400000|100%| O|  |TAMS 0x0000000083400000, 0x0000000083300000| Untracked 
|  52|0x0000000083400000, 0x0000000083500000, 0x0000000083500000|100%| O|  |TAMS 0x0000000083500000, 0x0000000083400000| Untracked 
|  53|0x0000000083500000, 0x0000000083600000, 0x0000000083600000|100%| O|  |TAMS 0x0000000083600000, 0x0000000083500000| Untracked 
|  54|0x0000000083600000, 0x0000000083651600, 0x0000000083700000| 31%| O|  |TAMS 0x0000000083651600, 0x0000000083600000| Untracked 
|  55|0x0000000083700000, 0x0000000083700000, 0x0000000083800000|  0%| F|  |TAMS 0x0000000083700000, 0x0000000083700000| Untracked 
|  56|0x0000000083800000, 0x0000000083800000, 0x0000000083900000|  0%| F|  |TAMS 0x0000000083800000, 0x0000000083800000| Untracked 
|  57|0x0000000083900000, 0x0000000083900000, 0x0000000083a00000|  0%| F|  |TAMS 0x0000000083900000, 0x0000000083900000| Untracked 
|  58|0x0000000083a00000, 0x0000000083a00000, 0x0000000083b00000|  0%| F|  |TAMS 0x0000000083a00000, 0x0000000083a00000| Untracked 
|  59|0x0000000083b00000, 0x0000000083b00000, 0x0000000083c00000|  0%| F|  |TAMS 0x0000000083b00000, 0x0000000083b00000| Untracked 
|  60|0x0000000083c00000, 0x0000000083c00000, 0x0000000083d00000|  0%| F|  |TAMS 0x0000000083c00000, 0x0000000083c00000| Untracked 
|  61|0x0000000083d00000, 0x0000000083d00000, 0x0000000083e00000|  0%| F|  |TAMS 0x0000000083d00000, 0x0000000083d00000| Untracked 
|  62|0x0000000083e00000, 0x0000000083e00000, 0x0000000083f00000|  0%| F|  |TAMS 0x0000000083e00000, 0x0000000083e00000| Untracked 
|  63|0x0000000083f00000, 0x0000000083f00000, 0x0000000084000000|  0%| F|  |TAMS 0x0000000083f00000, 0x0000000083f00000| Untracked 
|  64|0x0000000084000000, 0x0000000084000000, 0x0000000084100000|  0%| F|  |TAMS 0x0000000084000000, 0x0000000084000000| Untracked 
|  65|0x0000000084100000, 0x0000000084100000, 0x0000000084200000|  0%| F|  |TAMS 0x0000000084100000, 0x0000000084100000| Untracked 
|  66|0x0000000084200000, 0x0000000084200000, 0x0000000084300000|  0%| F|  |TAMS 0x0000000084200000, 0x0000000084200000| Untracked 
|  67|0x0000000084300000, 0x0000000084300000, 0x0000000084400000|  0%| F|  |TAMS 0x0000000084300000, 0x0000000084300000| Untracked 
|  68|0x0000000084400000, 0x0000000084400000, 0x0000000084500000|  0%| F|  |TAMS 0x0000000084400000, 0x0000000084400000| Untracked 
|  69|0x0000000084500000, 0x0000000084500000, 0x0000000084600000|  0%| F|  |TAMS 0x0000000084500000, 0x0000000084500000| Untracked 
|  70|0x0000000084600000, 0x0000000084600000, 0x0000000084700000|  0%| F|  |TAMS 0x0000000084600000, 0x0000000084600000| Untracked 
|  71|0x0000000084700000, 0x0000000084700000, 0x0000000084800000|  0%| F|  |TAMS 0x0000000084700000, 0x0000000084700000| Untracked 
|  72|0x0000000084800000, 0x0000000084800000, 0x0000000084900000|  0%| F|  |TAMS 0x0000000084800000, 0x0000000084800000| Untracked 
|  73|0x0000000084900000, 0x0000000084900000, 0x0000000084a00000|  0%| F|  |TAMS 0x0000000084900000, 0x0000000084900000| Untracked 
|  74|0x0000000084a00000, 0x0000000084a00000, 0x0000000084b00000|  0%| F|  |TAMS 0x0000000084a00000, 0x0000000084a00000| Untracked 
|  75|0x0000000084b00000, 0x0000000084b00000, 0x0000000084c00000|  0%| F|  |TAMS 0x0000000084b00000, 0x0000000084b00000| Untracked 
|  76|0x0000000084c00000, 0x0000000084c00000, 0x0000000084d00000|  0%| F|  |TAMS 0x0000000084c00000, 0x0000000084c00000| Untracked 
|  77|0x0000000084d00000, 0x0000000084d00000, 0x0000000084e00000|  0%| F|  |TAMS 0x0000000084d00000, 0x0000000084d00000| Untracked 
|  78|0x0000000084e00000, 0x0000000084e00000, 0x0000000084f00000|  0%| F|  |TAMS 0x0000000084e00000, 0x0000000084e00000| Untracked 
|  79|0x0000000084f00000, 0x0000000084f00000, 0x0000000085000000|  0%| F|  |TAMS 0x0000000084f00000, 0x0000000084f00000| Untracked 
|  80|0x0000000085000000, 0x0000000085000000, 0x0000000085100000|  0%| F|  |TAMS 0x0000000085000000, 0x0000000085000000| Untracked 
|  81|0x0000000085100000, 0x0000000085100000, 0x0000000085200000|  0%| F|  |TAMS 0x0000000085100000, 0x0000000085100000| Untracked 
|  82|0x0000000085200000, 0x0000000085200000, 0x0000000085300000|  0%| F|  |TAMS 0x0000000085200000, 0x0000000085200000| Untracked 
|  83|0x0000000085300000, 0x0000000085300000, 0x0000000085400000|  0%| F|  |TAMS 0x0000000085300000, 0x0000000085300000| Untracked 
|  84|0x0000000085400000, 0x0000000085400000, 0x0000000085500000|  0%| F|  |TAMS 0x0000000085400000, 0x0000000085400000| Untracked 
|  85|0x0000000085500000, 0x0000000085500000, 0x0000000085600000|  0%| F|  |TAMS 0x0000000085500000, 0x0000000085500000| Untracked 
|  86|0x0000000085600000, 0x0000000085600000, 0x0000000085700000|  0%| F|  |TAMS 0x0000000085600000, 0x0000000085600000| Untracked 
|  87|0x0000000085700000, 0x0000000085700000, 0x0000000085800000|  0%| F|  |TAMS 0x0000000085700000, 0x0000000085700000| Untracked 
|  88|0x0000000085800000, 0x0000000085800000, 0x0000000085900000|  0%| F|  |TAMS 0x0000000085800000, 0x0000000085800000| Untracked 
|  89|0x0000000085900000, 0x0000000085900000, 0x0000000085a00000|  0%| F|  |TAMS 0x0000000085900000, 0x0000000085900000| Untracked 
|  90|0x0000000085a00000, 0x0000000085a00000, 0x0000000085b00000|  0%| F|  |TAMS 0x0000000085a00000, 0x0000000085a00000| Untracked 
|  91|0x0000000085b00000, 0x0000000085b00000, 0x0000000085c00000|  0%| F|  |TAMS 0x0000000085b00000, 0x0000000085b00000| Untracked 
|  92|0x0000000085c00000, 0x0000000085c00000, 0x0000000085d00000|  0%| F|  |TAMS 0x0000000085c00000, 0x0000000085c00000| Untracked 
|  93|0x0000000085d00000, 0x0000000085d00000, 0x0000000085e00000|  0%| F|  |TAMS 0x0000000085d00000, 0x0000000085d00000| Untracked 
|  94|0x0000000085e00000, 0x0000000085e00000, 0x0000000085f00000|  0%| F|  |TAMS 0x0000000085e00000, 0x0000000085e00000| Untracked 
|  95|0x0000000085f00000, 0x0000000085f00000, 0x0000000086000000|  0%| F|  |TAMS 0x0000000085f00000, 0x0000000085f00000| Untracked 
|  96|0x0000000086000000, 0x0000000086000000, 0x0000000086100000|  0%| F|  |TAMS 0x0000000086000000, 0x0000000086000000| Untracked 
|  97|0x0000000086100000, 0x0000000086100000, 0x0000000086200000|  0%| F|  |TAMS 0x0000000086100000, 0x0000000086100000| Untracked 
|  98|0x0000000086200000, 0x0000000086200000, 0x0000000086300000|  0%| F|  |TAMS 0x0000000086200000, 0x0000000086200000| Untracked 
|  99|0x0000000086300000, 0x0000000086300000, 0x0000000086400000|  0%| F|  |TAMS 0x0000000086300000, 0x0000000086300000| Untracked 
| 100|0x0000000086400000, 0x0000000086400000, 0x0000000086500000|  0%| F|  |TAMS 0x0000000086400000, 0x0000000086400000| Untracked 
| 101|0x0000000086500000, 0x0000000086500000, 0x0000000086600000|  0%| F|  |TAMS 0x0000000086500000, 0x0000000086500000| Untracked 
| 102|0x0000000086600000, 0x0000000086600000, 0x0000000086700000|  0%| F|  |TAMS 0x0000000086600000, 0x0000000086600000| Untracked 
| 103|0x0000000086700000, 0x0000000086700000, 0x0000000086800000|  0%| F|  |TAMS 0x0000000086700000, 0x0000000086700000| Untracked 
| 104|0x0000000086800000, 0x0000000086800000, 0x0000000086900000|  0%| F|  |TAMS 0x0000000086800000, 0x0000000086800000| Untracked 
| 105|0x0000000086900000, 0x0000000086900000, 0x0000000086a00000|  0%| F|  |TAMS 0x0000000086900000, 0x0000000086900000| Untracked 
| 106|0x0000000086a00000, 0x0000000086a00000, 0x0000000086b00000|  0%| F|  |TAMS 0x0000000086a00000, 0x0000000086a00000| Untracked 
| 107|0x0000000086b00000, 0x0000000086b00000, 0x0000000086c00000|  0%| F|  |TAMS 0x0000000086b00000, 0x0000000086b00000| Untracked 
| 108|0x0000000086c00000, 0x0000000086c00000, 0x0000000086d00000|  0%| F|  |TAMS 0x0000000086c00000, 0x0000000086c00000| Untracked 
| 109|0x0000000086d00000, 0x0000000086d00000, 0x0000000086e00000|  0%| F|  |TAMS 0x0000000086d00000, 0x0000000086d00000| Untracked 
| 110|0x0000000086e00000, 0x0000000086e00000, 0x0000000086f00000|  0%| F|  |TAMS 0x0000000086e00000, 0x0000000086e00000| Untracked 
| 111|0x0000000086f00000, 0x0000000086f00000, 0x0000000087000000|  0%| F|  |TAMS 0x0000000086f00000, 0x0000000086f00000| Untracked 
| 112|0x0000000087000000, 0x0000000087000000, 0x0000000087100000|  0%| F|  |TAMS 0x0000000087000000, 0x0000000087000000| Untracked 
| 113|0x0000000087100000, 0x0000000087100000, 0x0000000087200000|  0%| F|  |TAMS 0x0000000087100000, 0x0000000087100000| Untracked 
| 114|0x0000000087200000, 0x0000000087200000, 0x0000000087300000|  0%| F|  |TAMS 0x0000000087200000, 0x0000000087200000| Untracked 
| 115|0x0000000087300000, 0x0000000087400000, 0x0000000087400000|100%| S|CS|TAMS 0x0000000087300000, 0x0000000087300000| Complete 
| 116|0x0000000087400000, 0x0000000087500000, 0x0000000087500000|100%| S|CS|TAMS 0x0000000087400000, 0x0000000087400000| Complete 
| 117|0x0000000087500000, 0x0000000087600000, 0x0000000087600000|100%| S|CS|TAMS 0x0000000087500000, 0x0000000087500000| Complete 
| 118|0x0000000087600000, 0x0000000087700000, 0x0000000087700000|100%| S|CS|TAMS 0x0000000087600000, 0x0000000087600000| Complete 
| 119|0x0000000087700000, 0x0000000087800000, 0x0000000087800000|100%| S|CS|TAMS 0x0000000087700000, 0x0000000087700000| Complete 
| 120|0x0000000087800000, 0x0000000087900000, 0x0000000087900000|100%| S|CS|TAMS 0x0000000087800000, 0x0000000087800000| Complete 
| 121|0x0000000087900000, 0x0000000087a00000, 0x0000000087a00000|100%| S|CS|TAMS 0x0000000087900000, 0x0000000087900000| Complete 
| 122|0x0000000087a00000, 0x0000000087b00000, 0x0000000087b00000|100%| S|CS|TAMS 0x0000000087a00000, 0x0000000087a00000| Complete 
| 123|0x0000000087b00000, 0x0000000087c00000, 0x0000000087c00000|100%| S|CS|TAMS 0x0000000087b00000, 0x0000000087b00000| Complete 
| 124|0x0000000087c00000, 0x0000000087d00000, 0x0000000087d00000|100%| S|CS|TAMS 0x0000000087c00000, 0x0000000087c00000| Complete 
| 125|0x0000000087d00000, 0x0000000087e00000, 0x0000000087e00000|100%| S|CS|TAMS 0x0000000087d00000, 0x0000000087d00000| Complete 
| 126|0x0000000087e00000, 0x0000000087f00000, 0x0000000087f00000|100%| S|CS|TAMS 0x0000000087e00000, 0x0000000087e00000| Complete 
| 127|0x0000000087f00000, 0x0000000088000000, 0x0000000088000000|100%| S|CS|TAMS 0x0000000087f00000, 0x0000000087f00000| Complete 
| 128|0x0000000088000000, 0x0000000088100000, 0x0000000088100000|100%| S|CS|TAMS 0x0000000088000000, 0x0000000088000000| Complete 
| 129|0x0000000088100000, 0x0000000088100000, 0x0000000088200000|  0%| F|  |TAMS 0x0000000088100000, 0x0000000088100000| Untracked 
| 130|0x0000000088200000, 0x0000000088200000, 0x0000000088300000|  0%| F|  |TAMS 0x0000000088200000, 0x0000000088200000| Untracked 
| 131|0x0000000088300000, 0x0000000088300000, 0x0000000088400000|  0%| F|  |TAMS 0x0000000088300000, 0x0000000088300000| Untracked 
| 132|0x0000000088400000, 0x0000000088400000, 0x0000000088500000|  0%| F|  |TAMS 0x0000000088400000, 0x0000000088400000| Untracked 
| 133|0x0000000088500000, 0x0000000088500000, 0x0000000088600000|  0%| F|  |TAMS 0x0000000088500000, 0x0000000088500000| Untracked 
| 134|0x0000000088600000, 0x0000000088600000, 0x0000000088700000|  0%| F|  |TAMS 0x0000000088600000, 0x0000000088600000| Untracked 
| 135|0x0000000088700000, 0x0000000088700000, 0x0000000088800000|  0%| F|  |TAMS 0x0000000088700000, 0x0000000088700000| Untracked 
| 136|0x0000000088800000, 0x0000000088800000, 0x0000000088900000|  0%| F|  |TAMS 0x0000000088800000, 0x0000000088800000| Untracked 
| 137|0x0000000088900000, 0x0000000088900000, 0x0000000088a00000|  0%| F|  |TAMS 0x0000000088900000, 0x0000000088900000| Untracked 
| 138|0x0000000088a00000, 0x0000000088a00000, 0x0000000088b00000|  0%| F|  |TAMS 0x0000000088a00000, 0x0000000088a00000| Untracked 
| 139|0x0000000088b00000, 0x0000000088b00000, 0x0000000088c00000|  0%| F|  |TAMS 0x0000000088b00000, 0x0000000088b00000| Untracked 
| 140|0x0000000088c00000, 0x0000000088c00000, 0x0000000088d00000|  0%| F|  |TAMS 0x0000000088c00000, 0x0000000088c00000| Untracked 
| 141|0x0000000088d00000, 0x0000000088d00000, 0x0000000088e00000|  0%| F|  |TAMS 0x0000000088d00000, 0x0000000088d00000| Untracked 
| 142|0x0000000088e00000, 0x0000000088e00000, 0x0000000088f00000|  0%| F|  |TAMS 0x0000000088e00000, 0x0000000088e00000| Untracked 
| 143|0x0000000088f00000, 0x0000000088f00000, 0x0000000089000000|  0%| F|  |TAMS 0x0000000088f00000, 0x0000000088f00000| Untracked 
| 144|0x0000000089000000, 0x0000000089000000, 0x0000000089100000|  0%| F|  |TAMS 0x0000000089000000, 0x0000000089000000| Untracked 
| 145|0x0000000089100000, 0x0000000089100000, 0x0000000089200000|  0%| F|  |TAMS 0x0000000089100000, 0x0000000089100000| Untracked 
| 146|0x0000000089200000, 0x0000000089200000, 0x0000000089300000|  0%| F|  |TAMS 0x0000000089200000, 0x0000000089200000| Untracked 
| 147|0x0000000089300000, 0x0000000089300000, 0x0000000089400000|  0%| F|  |TAMS 0x0000000089300000, 0x0000000089300000| Untracked 
| 148|0x0000000089400000, 0x0000000089400000, 0x0000000089500000|  0%| F|  |TAMS 0x0000000089400000, 0x0000000089400000| Untracked 
| 149|0x0000000089500000, 0x0000000089500000, 0x0000000089600000|  0%| F|  |TAMS 0x0000000089500000, 0x0000000089500000| Untracked 
| 150|0x0000000089600000, 0x0000000089600000, 0x0000000089700000|  0%| F|  |TAMS 0x0000000089600000, 0x0000000089600000| Untracked 
| 151|0x0000000089700000, 0x0000000089700000, 0x0000000089800000|  0%| F|  |TAMS 0x0000000089700000, 0x0000000089700000| Untracked 
| 152|0x0000000089800000, 0x0000000089800000, 0x0000000089900000|  0%| F|  |TAMS 0x0000000089800000, 0x0000000089800000| Untracked 
| 153|0x0000000089900000, 0x0000000089900000, 0x0000000089a00000|  0%| F|  |TAMS 0x0000000089900000, 0x0000000089900000| Untracked 
| 154|0x0000000089a00000, 0x0000000089a00000, 0x0000000089b00000|  0%| F|  |TAMS 0x0000000089a00000, 0x0000000089a00000| Untracked 
| 155|0x0000000089b00000, 0x0000000089b00000, 0x0000000089c00000|  0%| F|  |TAMS 0x0000000089b00000, 0x0000000089b00000| Untracked 
| 156|0x0000000089c00000, 0x0000000089c00000, 0x0000000089d00000|  0%| F|  |TAMS 0x0000000089c00000, 0x0000000089c00000| Untracked 
| 157|0x0000000089d00000, 0x0000000089d00000, 0x0000000089e00000|  0%| F|  |TAMS 0x0000000089d00000, 0x0000000089d00000| Untracked 
| 158|0x0000000089e00000, 0x0000000089e00000, 0x0000000089f00000|  0%| F|  |TAMS 0x0000000089e00000, 0x0000000089e00000| Untracked 
| 159|0x0000000089f00000, 0x0000000089f00000, 0x000000008a000000|  0%| F|  |TAMS 0x0000000089f00000, 0x0000000089f00000| Untracked 
| 160|0x000000008a000000, 0x000000008a000000, 0x000000008a100000|  0%| F|  |TAMS 0x000000008a000000, 0x000000008a000000| Untracked 
| 161|0x000000008a100000, 0x000000008a100000, 0x000000008a200000|  0%| F|  |TAMS 0x000000008a100000, 0x000000008a100000| Untracked 
| 162|0x000000008a200000, 0x000000008a300000, 0x000000008a300000|100%| E|  |TAMS 0x000000008a200000, 0x000000008a200000| Complete 
| 163|0x000000008a300000, 0x000000008a400000, 0x000000008a400000|100%| E|CS|TAMS 0x000000008a300000, 0x000000008a300000| Complete 
| 164|0x000000008a400000, 0x000000008a500000, 0x000000008a500000|100%| E|CS|TAMS 0x000000008a400000, 0x000000008a400000| Complete 
| 165|0x000000008a500000, 0x000000008a600000, 0x000000008a600000|100%| E|CS|TAMS 0x000000008a500000, 0x000000008a500000| Complete 
| 166|0x000000008a600000, 0x000000008a700000, 0x000000008a700000|100%| E|CS|TAMS 0x000000008a600000, 0x000000008a600000| Complete 
| 167|0x000000008a700000, 0x000000008a800000, 0x000000008a800000|100%| E|CS|TAMS 0x000000008a700000, 0x000000008a700000| Complete 
| 168|0x000000008a800000, 0x000000008a900000, 0x000000008a900000|100%| E|CS|TAMS 0x000000008a800000, 0x000000008a800000| Complete 
| 169|0x000000008a900000, 0x000000008aa00000, 0x000000008aa00000|100%| E|CS|TAMS 0x000000008a900000, 0x000000008a900000| Complete 
| 170|0x000000008aa00000, 0x000000008ab00000, 0x000000008ab00000|100%| E|CS|TAMS 0x000000008aa00000, 0x000000008aa00000| Complete 
| 171|0x000000008ab00000, 0x000000008ac00000, 0x000000008ac00000|100%| E|CS|TAMS 0x000000008ab00000, 0x000000008ab00000| Complete 
| 172|0x000000008ac00000, 0x000000008ad00000, 0x000000008ad00000|100%| E|CS|TAMS 0x000000008ac00000, 0x000000008ac00000| Complete 
| 173|0x000000008ad00000, 0x000000008ae00000, 0x000000008ae00000|100%| E|CS|TAMS 0x000000008ad00000, 0x000000008ad00000| Complete 
| 174|0x000000008ae00000, 0x000000008af00000, 0x000000008af00000|100%| E|CS|TAMS 0x000000008ae00000, 0x000000008ae00000| Complete 
| 175|0x000000008af00000, 0x000000008b000000, 0x000000008b000000|100%| E|CS|TAMS 0x000000008af00000, 0x000000008af00000| Complete 
| 176|0x000000008b000000, 0x000000008b100000, 0x000000008b100000|100%| E|CS|TAMS 0x000000008b000000, 0x000000008b000000| Complete 
| 177|0x000000008b100000, 0x000000008b200000, 0x000000008b200000|100%| E|CS|TAMS 0x000000008b100000, 0x000000008b100000| Complete 
| 178|0x000000008b200000, 0x000000008b300000, 0x000000008b300000|100%| E|CS|TAMS 0x000000008b200000, 0x000000008b200000| Complete 
| 179|0x000000008b300000, 0x000000008b400000, 0x000000008b400000|100%| E|CS|TAMS 0x000000008b300000, 0x000000008b300000| Complete 
| 180|0x000000008b400000, 0x000000008b500000, 0x000000008b500000|100%| E|CS|TAMS 0x000000008b400000, 0x000000008b400000| Complete 
| 181|0x000000008b500000, 0x000000008b600000, 0x000000008b600000|100%| E|CS|TAMS 0x000000008b500000, 0x000000008b500000| Complete 
| 182|0x000000008b600000, 0x000000008b700000, 0x000000008b700000|100%| E|CS|TAMS 0x000000008b600000, 0x000000008b600000| Complete 
| 183|0x000000008b700000, 0x000000008b800000, 0x000000008b800000|100%| E|CS|TAMS 0x000000008b700000, 0x000000008b700000| Complete 
| 184|0x000000008b800000, 0x000000008b900000, 0x000000008b900000|100%| E|CS|TAMS 0x000000008b800000, 0x000000008b800000| Complete 
| 185|0x000000008b900000, 0x000000008ba00000, 0x000000008ba00000|100%| E|CS|TAMS 0x000000008b900000, 0x000000008b900000| Complete 
| 186|0x000000008ba00000, 0x000000008bb00000, 0x000000008bb00000|100%| E|CS|TAMS 0x000000008ba00000, 0x000000008ba00000| Complete 
| 187|0x000000008bb00000, 0x000000008bc00000, 0x000000008bc00000|100%| E|CS|TAMS 0x000000008bb00000, 0x000000008bb00000| Complete 
| 188|0x000000008bc00000, 0x000000008bd00000, 0x000000008bd00000|100%| E|CS|TAMS 0x000000008bc00000, 0x000000008bc00000| Complete 
| 189|0x000000008bd00000, 0x000000008be00000, 0x000000008be00000|100%| E|CS|TAMS 0x000000008bd00000, 0x000000008bd00000| Complete 
| 190|0x000000008be00000, 0x000000008bf00000, 0x000000008bf00000|100%| E|CS|TAMS 0x000000008be00000, 0x000000008be00000| Complete 
| 191|0x000000008bf00000, 0x000000008c000000, 0x000000008c000000|100%| E|CS|TAMS 0x000000008bf00000, 0x000000008bf00000| Complete 
| 192|0x000000008c000000, 0x000000008c100000, 0x000000008c100000|100%| E|CS|TAMS 0x000000008c000000, 0x000000008c000000| Complete 
| 193|0x000000008c100000, 0x000000008c200000, 0x000000008c200000|100%| E|CS|TAMS 0x000000008c100000, 0x000000008c100000| Complete 
| 194|0x000000008c200000, 0x000000008c300000, 0x000000008c300000|100%| E|CS|TAMS 0x000000008c200000, 0x000000008c200000| Complete 
| 195|0x000000008c300000, 0x000000008c400000, 0x000000008c400000|100%| E|CS|TAMS 0x000000008c300000, 0x000000008c300000| Complete 
| 196|0x000000008c400000, 0x000000008c500000, 0x000000008c500000|100%| E|CS|TAMS 0x000000008c400000, 0x000000008c400000| Complete 
| 197|0x000000008c500000, 0x000000008c600000, 0x000000008c600000|100%| E|CS|TAMS 0x000000008c500000, 0x000000008c500000| Complete 
| 198|0x000000008c600000, 0x000000008c700000, 0x000000008c700000|100%| E|CS|TAMS 0x000000008c600000, 0x000000008c600000| Complete 
| 199|0x000000008c700000, 0x000000008c800000, 0x000000008c800000|100%| E|CS|TAMS 0x000000008c700000, 0x000000008c700000| Complete 
| 200|0x000000008c800000, 0x000000008c900000, 0x000000008c900000|100%| E|CS|TAMS 0x000000008c800000, 0x000000008c800000| Complete 
| 201|0x000000008c900000, 0x000000008ca00000, 0x000000008ca00000|100%| E|CS|TAMS 0x000000008c900000, 0x000000008c900000| Complete 
| 202|0x000000008ca00000, 0x000000008cb00000, 0x000000008cb00000|100%| E|CS|TAMS 0x000000008ca00000, 0x000000008ca00000| Complete 
| 203|0x000000008cb00000, 0x000000008cc00000, 0x000000008cc00000|100%| E|CS|TAMS 0x000000008cb00000, 0x000000008cb00000| Complete 
| 204|0x000000008cc00000, 0x000000008cd00000, 0x000000008cd00000|100%| E|CS|TAMS 0x000000008cc00000, 0x000000008cc00000| Complete 
| 205|0x000000008cd00000, 0x000000008ce00000, 0x000000008ce00000|100%| E|CS|TAMS 0x000000008cd00000, 0x000000008cd00000| Complete 
| 206|0x000000008ce00000, 0x000000008cf00000, 0x000000008cf00000|100%| E|CS|TAMS 0x000000008ce00000, 0x000000008ce00000| Complete 
| 207|0x000000008cf00000, 0x000000008d000000, 0x000000008d000000|100%| E|CS|TAMS 0x000000008cf00000, 0x000000008cf00000| Complete 
| 208|0x000000008d000000, 0x000000008d100000, 0x000000008d100000|100%| E|CS|TAMS 0x000000008d000000, 0x000000008d000000| Complete 
| 209|0x000000008d100000, 0x000000008d200000, 0x000000008d200000|100%| E|CS|TAMS 0x000000008d100000, 0x000000008d100000| Complete 
| 210|0x000000008d200000, 0x000000008d300000, 0x000000008d300000|100%| E|CS|TAMS 0x000000008d200000, 0x000000008d200000| Complete 
| 211|0x000000008d300000, 0x000000008d400000, 0x000000008d400000|100%| E|CS|TAMS 0x000000008d300000, 0x000000008d300000| Complete 
| 212|0x000000008d400000, 0x000000008d500000, 0x000000008d500000|100%| E|CS|TAMS 0x000000008d400000, 0x000000008d400000| Complete 
| 213|0x000000008d500000, 0x000000008d600000, 0x000000008d600000|100%| E|CS|TAMS 0x000000008d500000, 0x000000008d500000| Complete 
| 214|0x000000008d600000, 0x000000008d700000, 0x000000008d700000|100%| E|CS|TAMS 0x000000008d600000, 0x000000008d600000| Complete 
| 215|0x000000008d700000, 0x000000008d800000, 0x000000008d800000|100%| E|CS|TAMS 0x000000008d700000, 0x000000008d700000| Complete 
| 216|0x000000008d800000, 0x000000008d900000, 0x000000008d900000|100%| E|CS|TAMS 0x000000008d800000, 0x000000008d800000| Complete 
| 217|0x000000008d900000, 0x000000008da00000, 0x000000008da00000|100%| E|CS|TAMS 0x000000008d900000, 0x000000008d900000| Complete 
| 218|0x000000008da00000, 0x000000008db00000, 0x000000008db00000|100%| E|CS|TAMS 0x000000008da00000, 0x000000008da00000| Complete 
| 219|0x000000008db00000, 0x000000008dc00000, 0x000000008dc00000|100%| E|CS|TAMS 0x000000008db00000, 0x000000008db00000| Complete 
| 220|0x000000008dc00000, 0x000000008dd00000, 0x000000008dd00000|100%| E|CS|TAMS 0x000000008dc00000, 0x000000008dc00000| Complete 
| 221|0x000000008dd00000, 0x000000008de00000, 0x000000008de00000|100%| E|CS|TAMS 0x000000008dd00000, 0x000000008dd00000| Complete 
| 222|0x000000008de00000, 0x000000008df00000, 0x000000008df00000|100%| E|CS|TAMS 0x000000008de00000, 0x000000008de00000| Complete 
| 223|0x000000008df00000, 0x000000008e000000, 0x000000008e000000|100%| E|CS|TAMS 0x000000008df00000, 0x000000008df00000| Complete 
| 224|0x000000008e000000, 0x000000008e100000, 0x000000008e100000|100%| E|CS|TAMS 0x000000008e000000, 0x000000008e000000| Complete 
| 225|0x000000008e100000, 0x000000008e200000, 0x000000008e200000|100%| E|CS|TAMS 0x000000008e100000, 0x000000008e100000| Complete 
| 226|0x000000008e200000, 0x000000008e300000, 0x000000008e300000|100%| E|CS|TAMS 0x000000008e200000, 0x000000008e200000| Complete 
| 227|0x000000008e300000, 0x000000008e400000, 0x000000008e400000|100%| E|CS|TAMS 0x000000008e300000, 0x000000008e300000| Complete 
| 228|0x000000008e400000, 0x000000008e500000, 0x000000008e500000|100%| E|CS|TAMS 0x000000008e400000, 0x000000008e400000| Complete 
| 229|0x000000008e500000, 0x000000008e600000, 0x000000008e600000|100%| E|CS|TAMS 0x000000008e500000, 0x000000008e500000| Complete 
| 230|0x000000008e600000, 0x000000008e700000, 0x000000008e700000|100%| E|CS|TAMS 0x000000008e600000, 0x000000008e600000| Complete 

Card table byte_map: [0x000001f199fb0000,0x000001f19a3b0000] _byte_map_base: 0x000001f199bb0000

Marking Bits (Prev, Next): (CMBitMap*) 0x000001f1852deda8, (CMBitMap*) 0x000001f1852dede0
 Prev Bits: [0x000001f19a7b0000, 0x000001f19c7b0000)
 Next Bits: [0x000001f19c7b0000, 0x000001f19e7b0000)

Polling page: 0x000001f185150000

Metaspace:

Usage:
  Non-class:     69.40 MB capacity,    68.34 MB ( 98%) used,   885.20 KB (  1%) free+waste,   206.94 KB ( <1%) overhead. 
      Class:     10.95 MB capacity,    10.26 MB ( 94%) used,   610.30 KB (  5%) free+waste,    95.81 KB ( <1%) overhead. 
       Both:     80.35 MB capacity,    78.59 MB ( 98%) used,     1.46 MB (  2%) free+waste,   302.75 KB ( <1%) overhead. 

Virtual space:
  Non-class space:       70.00 MB reserved,      69.42 MB (>99%) committed 
      Class space:        1.00 GB reserved,      11.00 MB (  1%) committed 
             Both:        1.07 GB reserved,      80.42 MB (  7%) committed 

Chunk freelists:
   Non-Class:  15.00 KB
       Class:  24.00 KB
        Both:  39.00 KB

MaxMetaspaceSize: 17179869184.00 GB
CompressedClassSpaceSize: 1.00 GB
Initial GC threshold: 20.80 MB
Current GC threshold: 112.78 MB
CDS: off

CodeHeap 'non-profiled nmethods': size=120064Kb used=4843Kb max_used=4843Kb free=115220Kb
 bounds [0x000001f192050000, 0x000001f192510000, 0x000001f199590000]
CodeHeap 'profiled nmethods': size=120000Kb used=17155Kb max_used=17155Kb free=102844Kb
 bounds [0x000001f18ab20000, 0x000001f18bbf0000, 0x000001f192050000]
CodeHeap 'non-nmethods': size=5696Kb used=2359Kb max_used=2415Kb free=3336Kb
 bounds [0x000001f18a590000, 0x000001f18a800000, 0x000001f18ab20000]
 total_blobs=8771 nmethods=7901 adapters=782
 compilation: enabled
              stopped_count=0, restarted_count=0
 full_count=0

Compilation events (20 events):
Event: 19.560 Thread 0x000001f1a1692000 nmethod 7925 0x000001f18bbd2a90 code [0x000001f18bbd2c80, 0x000001f18bbd3058]
Event: 19.566 Thread 0x000001f1a1692000 7926       1       org.gradle.internal.graph.CachingDirectedGraphWalker$NodeDetails::access$400 (5 bytes)
Event: 19.566 Thread 0x000001f1a1692000 nmethod 7926 0x000001f192502c10 code [0x000001f192502dc0, 0x000001f192502e58]
Event: 19.568 Thread 0x000001f1a1692000 7927       3       java.io.WinNTFileSystem::isAbsolute (36 bytes)
Event: 19.569 Thread 0x000001f1a1692000 nmethod 7927 0x000001f18bbd3210 code [0x000001f18bbd3440, 0x000001f18bbd3b18]
Event: 19.569 Thread 0x000001f1a1692000 7928       1       java.lang.NamedPackage::packageName (5 bytes)
Event: 19.569 Thread 0x000001f1a1692000 nmethod 7928 0x000001f192502f10 code [0x000001f1925030c0, 0x000001f192503178]
Event: 19.569 Thread 0x000001f1a1692000 7929       1       org.gradle.internal.reflect.annotations.impl.DefaultTypeAnnotationMetadataStore$PropertyAnnotationMetadataBuilder::overrideMethod (6 bytes)
Event: 19.569 Thread 0x000001f1a1692000 nmethod 7929 0x000001f192503210 code [0x000001f1925033c0, 0x000001f1925034b8]
Event: 19.569 Thread 0x000001f1a1692000 7930       3       com.google.common.collect.SingletonImmutableBiMap::createKeySet (8 bytes)
Event: 19.570 Thread 0x000001f1a1692000 nmethod 7930 0x000001f18bbd3e10 code [0x000001f18bbd4020, 0x000001f18bbd4568]
Event: 19.570 Thread 0x000001f1a1692000 7931       3       com.google.common.collect.Multimaps$CustomSetMultimap::createCollection (5 bytes)
Event: 19.570 Thread 0x000001f1a1692000 nmethod 7931 0x000001f18bbd4790 code [0x000001f18bbd4960, 0x000001f18bbd4c88]
Event: 19.570 Thread 0x000001f1a1692000 7932       3       com.google.common.collect.Multimaps$CustomSetMultimap::createCollection (13 bytes)
Event: 19.570 Thread 0x000001f1a1692000 nmethod 7932 0x000001f18bbd4d90 code [0x000001f18bbd4f60, 0x000001f18bbd5228]
Event: 19.570 Thread 0x000001f1a1692000 7933       3       com.google.common.collect.MultimapBuilder$LinkedHashSetSupplier::get (5 bytes)
Event: 19.570 Thread 0x000001f1a1692000 nmethod 7933 0x000001f18bbd5310 code [0x000001f18bbd5540, 0x000001f18bbd5b58]
Event: 19.570 Thread 0x000001f1a1692000 7934       3       com.google.common.collect.Multimaps$CustomSetMultimap::wrapCollection (58 bytes)
Event: 19.571 Thread 0x000001f1a1692000 nmethod 7934 0x000001f18bbd5e10 code [0x000001f18bbd6040, 0x000001f18bbd6988]
Event: 19.571 Thread 0x000001f1a1692000 7937       3       org.gradle.internal.reflect.annotations.impl.DefaultTypeAnnotationMetadataStore::processMethodAnnotations (239 bytes)

GC Heap History (20 events):
Event: 1.602 GC heap before
{Heap before GC invocations=2 (full 0):
 garbage-first heap   total 196608K, used 40445K [0x0000000080000000, 0x0000000100000000)
  region size 1024K, 32 young (32768K), 2 survivors (2048K)
 Metaspace       used 10851K, capacity 11073K, committed 11264K, reserved 1058816K
  class space    used 1130K, capacity 1207K, committed 1280K, reserved 1048576K
}
Event: 1.605 GC heap after
{Heap after GC invocations=3 (full 0):
 garbage-first heap   total 196608K, used 12208K [0x0000000080000000, 0x0000000100000000)
  region size 1024K, 4 young (4096K), 4 survivors (4096K)
 Metaspace       used 10851K, capacity 11073K, committed 11264K, reserved 1058816K
  class space    used 1130K, capacity 1207K, committed 1280K, reserved 1048576K
}
Event: 3.100 GC heap before
{Heap before GC invocations=3 (full 0):
 garbage-first heap   total 196608K, used 56240K [0x0000000080000000, 0x0000000100000000)
  region size 1024K, 47 young (48128K), 4 survivors (4096K)
 Metaspace       used 17730K, capacity 18131K, committed 18432K, reserved 1064960K
  class space    used 2102K, capacity 2241K, committed 2304K, reserved 1048576K
}
Event: 3.108 GC heap after
{Heap after GC invocations=4 (full 0):
 garbage-first heap   total 196608K, used 16738K [0x0000000080000000, 0x0000000100000000)
  region size 1024K, 6 young (6144K), 6 survivors (6144K)
 Metaspace       used 17730K, capacity 18131K, committed 18432K, reserved 1064960K
  class space    used 2102K, capacity 2241K, committed 2304K, reserved 1048576K
}
Event: 3.704 GC heap before
{Heap before GC invocations=4 (full 0):
 garbage-first heap   total 196608K, used 42338K [0x0000000080000000, 0x0000000100000000)
  region size 1024K, 32 young (32768K), 6 survivors (6144K)
 Metaspace       used 20739K, capacity 21138K, committed 21248K, reserved 1067008K
  class space    used 2549K, capacity 2711K, committed 2816K, reserved 1048576K
}
Event: 3.713 GC heap after
{Heap after GC invocations=5 (full 0):
 garbage-first heap   total 196608K, used 17372K [0x0000000080000000, 0x0000000100000000)
  region size 1024K, 5 young (5120K), 5 survivors (5120K)
 Metaspace       used 20739K, capacity 21138K, committed 21248K, reserved 1067008K
  class space    used 2549K, capacity 2711K, committed 2816K, reserved 1048576K
}
Event: 4.848 GC heap before
{Heap before GC invocations=6 (full 0):
 garbage-first heap   total 196608K, used 70620K [0x0000000080000000, 0x0000000100000000)
  region size 1024K, 57 young (58368K), 5 survivors (5120K)
 Metaspace       used 26259K, capacity 26796K, committed 27008K, reserved 1073152K
  class space    used 3410K, capacity 3605K, committed 3712K, reserved 1048576K
}
Event: 4.858 GC heap after
{Heap after GC invocations=7 (full 0):
 garbage-first heap   total 196608K, used 19553K [0x0000000080000000, 0x0000000100000000)
  region size 1024K, 3 young (3072K), 3 survivors (3072K)
 Metaspace       used 26259K, capacity 26796K, committed 27008K, reserved 1073152K
  class space    used 3410K, capacity 3605K, committed 3712K, reserved 1048576K
}
Event: 6.429 GC heap before
{Heap before GC invocations=7 (full 0):
 garbage-first heap   total 196608K, used 80993K [0x0000000080000000, 0x0000000100000000)
  region size 1024K, 64 young (65536K), 3 survivors (3072K)
 Metaspace       used 34948K, capacity 35786K, committed 35840K, reserved 1081344K
  class space    used 4531K, capacity 4839K, committed 4864K, reserved 1048576K
}
Event: 6.447 GC heap after
{Heap after GC invocations=8 (full 0):
 garbage-first heap   total 196608K, used 22768K [0x0000000080000000, 0x0000000100000000)
  region size 1024K, 7 young (7168K), 7 survivors (7168K)
 Metaspace       used 34948K, capacity 35786K, committed 35840K, reserved 1081344K
  class space    used 4531K, capacity 4839K, committed 4864K, reserved 1048576K
}
Event: 8.248 GC heap before
{Heap before GC invocations=9 (full 0):
 garbage-first heap   total 196608K, used 105712K [0x0000000080000000, 0x0000000100000000)
  region size 1024K, 86 young (88064K), 7 survivors (7168K)
 Metaspace       used 41618K, capacity 42594K, committed 42880K, reserved 1087488K
  class space    used 5330K, capacity 5689K, committed 5760K, reserved 1048576K
}
Event: 8.266 GC heap after
{Heap after GC invocations=10 (full 0):
 garbage-first heap   total 196608K, used 29143K [0x0000000080000000, 0x0000000100000000)
  region size 1024K, 11 young (11264K), 11 survivors (11264K)
 Metaspace       used 41618K, capacity 42594K, committed 42880K, reserved 1087488K
  class space    used 5330K, capacity 5689K, committed 5760K, reserved 1048576K
}
Event: 11.180 GC heap before
{Heap before GC invocations=10 (full 0):
 garbage-first heap   total 196608K, used 136663K [0x0000000080000000, 0x0000000100000000)
  region size 1024K, 115 young (117760K), 11 survivors (11264K)
 Metaspace       used 48408K, capacity 49548K, committed 49664K, reserved 1091584K
  class space    used 6174K, capacity 6615K, committed 6656K, reserved 1048576K
}
Event: 11.214 GC heap after
{Heap after GC invocations=11 (full 0):
 garbage-first heap   total 196608K, used 37146K [0x0000000080000000, 0x0000000100000000)
  region size 1024K, 14 young (14336K), 14 survivors (14336K)
 Metaspace       used 48408K, capacity 49548K, committed 49664K, reserved 1091584K
  class space    used 6174K, capacity 6615K, committed 6656K, reserved 1048576K
}
Event: 13.780 GC heap before
{Heap before GC invocations=11 (full 0):
 garbage-first heap   total 196608K, used 136474K [0x0000000080000000, 0x0000000100000000)
  region size 1024K, 105 young (107520K), 14 survivors (14336K)
 Metaspace       used 58464K, capacity 59805K, committed 59948K, reserved 1101824K
  class space    used 7436K, capacity 7988K, committed 8064K, reserved 1048576K
}
Event: 13.810 GC heap after
{Heap after GC invocations=12 (full 0):
 garbage-first heap   total 196608K, used 54010K [0x0000000080000000, 0x0000000100000000)
  region size 1024K, 15 young (15360K), 15 survivors (15360K)
 Metaspace       used 58464K, capacity 59805K, committed 59948K, reserved 1101824K
  class space    used 7436K, capacity 7988K, committed 8064K, reserved 1048576K
}
Event: 15.409 GC heap before
{Heap before GC invocations=13 (full 0):
 garbage-first heap   total 196608K, used 144122K [0x0000000080000000, 0x0000000100000000)
  region size 1024K, 103 young (105472K), 15 survivors (15360K)
 Metaspace       used 67467K, capacity 68886K, committed 69036K, reserved 1110016K
  class space    used 8565K, capacity 9145K, committed 9216K, reserved 1048576K
}
Event: 15.445 GC heap after
{Heap after GC invocations=14 (full 0):
 garbage-first heap   total 236544K, used 61765K [0x0000000080000000, 0x0000000100000000)
  region size 1024K, 7 young (7168K), 7 survivors (7168K)
 Metaspace       used 67467K, capacity 68886K, committed 69036K, reserved 1110016K
  class space    used 8565K, capacity 9145K, committed 9216K, reserved 1048576K
}
Event: 17.822 GC heap before
{Heap before GC invocations=15 (full 0):
 garbage-first heap   total 236544K, used 166213K [0x0000000080000000, 0x0000000100000000)
  region size 1024K, 109 young (111616K), 7 survivors (7168K)
 Metaspace       used 74811K, capacity 76400K, committed 76588K, reserved 1116160K
  class space    used 9708K, capacity 10313K, committed 10368K, reserved 1048576K
}
Event: 17.842 GC heap after
{Heap after GC invocations=16 (full 0):
 garbage-first heap   total 236544K, used 68933K [0x0000000080000000, 0x0000000100000000)
  region size 1024K, 14 young (14336K), 14 survivors (14336K)
 Metaspace       used 74811K, capacity 76400K, committed 76588K, reserved 1116160K
  class space    used 9708K, capacity 10313K, committed 10368K, reserved 1048576K
}

Deoptimization events (20 events):
Event: 18.894 Thread 0x000001f1a3be8000 DEOPT PACKING pc=0x000001f18b72dd4d sp=0x000000adc6ef7c10
Event: 18.894 Thread 0x000001f1a3be8000 DEOPT UNPACKING pc=0x000001f18a5da95e sp=0x000000adc6ef71d8 mode 0
Event: 18.916 Thread 0x000001f1a3be8000 Uncommon trap: trap_request=0xffffff4d fr.pc=0x000001f1922b9efc relative=0x00000000000006fc
Event: 18.916 Thread 0x000001f1a3be8000 Uncommon trap: reason=unstable_if action=reinterpret pc=0x000001f1922b9efc method=java.util.HashMap.putVal(ILjava/lang/Object;Ljava/lang/Object;ZZ)Ljava/lang/Object; @ 109 c2
Event: 18.916 Thread 0x000001f1a3be8000 DEOPT PACKING pc=0x000001f1922b9efc sp=0x000000adc6ef7b60
Event: 18.916 Thread 0x000001f1a3be8000 DEOPT UNPACKING pc=0x000001f18a5da1af sp=0x000000adc6ef7a78 mode 2
Event: 18.916 Thread 0x000001f1a3be8000 Uncommon trap: trap_request=0xffffff4d fr.pc=0x000001f1922b5a84 relative=0x0000000000000684
Event: 18.916 Thread 0x000001f1a3be8000 Uncommon trap: reason=unstable_if action=reinterpret pc=0x000001f1922b5a84 method=java.util.HashMap.putVal(ILjava/lang/Object;Ljava/lang/Object;ZZ)Ljava/lang/Object; @ 109 c2
Event: 18.916 Thread 0x000001f1a3be8000 DEOPT PACKING pc=0x000001f1922b5a84 sp=0x000000adc6ef7ab0
Event: 18.916 Thread 0x000001f1a3be8000 DEOPT UNPACKING pc=0x000001f18a5da1af sp=0x000000adc6ef7a68 mode 2
Event: 18.959 Thread 0x000001f1a3be8000 DEOPT PACKING pc=0x000001f18bb432ec sp=0x000000adc6ef7300
Event: 18.959 Thread 0x000001f1a3be8000 DEOPT UNPACKING pc=0x000001f18a5da95e sp=0x000000adc6ef6818 mode 0
Event: 19.155 Thread 0x000001f1a3be8000 DEOPT PACKING pc=0x000001f18bb43150 sp=0x000000adc6ef63a0
Event: 19.155 Thread 0x000001f1a3be8000 DEOPT UNPACKING pc=0x000001f18a5da95e sp=0x000000adc6ef58b8 mode 0
Event: 19.508 Thread 0x000001f1a3be8000 DEOPT PACKING pc=0x000001f18b72e3ec sp=0x000000adc6ef7eb0
Event: 19.508 Thread 0x000001f1a3be8000 DEOPT UNPACKING pc=0x000001f18a5da95e sp=0x000000adc6ef7450 mode 0
Event: 19.535 Thread 0x000001f1a3be8000 Uncommon trap: trap_request=0xffffffc6 fr.pc=0x000001f1922c35ec relative=0x000000000000028c
Event: 19.535 Thread 0x000001f1a3be8000 Uncommon trap: reason=bimorphic_or_optimized_type_check action=maybe_recompile pc=0x000001f1922c35ec method=com.google.common.collect.ImmutableList.copyOf(Ljava/util/Collection;)Lcom/google/common/collect/ImmutableList; @ 16 c2
Event: 19.535 Thread 0x000001f1a3be8000 DEOPT PACKING pc=0x000001f1922c35ec sp=0x000000adc6efa4f0
Event: 19.535 Thread 0x000001f1a3be8000 DEOPT UNPACKING pc=0x000001f18a5da1af sp=0x000000adc6efa4b8 mode 2

Classes redefined (0 events):
No events

Internal exceptions (20 events):
Event: 17.348 Thread 0x000001f1a3be8000 Exception <a 'java/lang/ClassNotFoundException'{0x000000008903efe8}: com/android/build/gradle/internal/api/BaseVariantOutputImplBeanInfo> (0x000000008903efe8) thrown at [./src/hotspot/share/classfile/systemDictionary.cpp, line 231]
Event: 17.349 Thread 0x000001f1a3be8000 Exception <a 'java/lang/ClassNotFoundException'{0x000000008905b440}: com/android/build/gradle/internal/api/BaseVariantOutputImplCustomizer> (0x000000008905b440) thrown at [./src/hotspot/share/classfile/systemDictionary.cpp, line 231]
Event: 17.364 Thread 0x000001f1a3be8000 Exception <a 'java/lang/ClassNotFoundException'{0x000000008908a258}: com/android/build/gradle/internal/api/ApkVariantOutputImplCustomizer> (0x000000008908a258) thrown at [./src/hotspot/share/classfile/systemDictionary.cpp, line 231]
Event: 17.366 Thread 0x000001f1a3be8000 Exception <a 'java/lang/ClassNotFoundException'{0x00000000890b53f0}: com/android/build/gradle/internal/api/ApkVariantOutputImpl_DecoratedCustomizer> (0x00000000890b53f0) thrown at [./src/hotspot/share/classfile/systemDictionary.cpp, line 231]
Event: 17.522 Thread 0x000001f1a3be8000 Exception <a 'java/lang/ClassNotFoundException'{0x0000000088da6e20}: com/android/build/gradle/internal/api/ReadOnlyBuildTypeBeanInfo> (0x0000000088da6e20) thrown at [./src/hotspot/share/classfile/systemDictionary.cpp, line 231]
Event: 17.524 Thread 0x000001f1a3be8000 Exception <a 'java/lang/ClassNotFoundException'{0x0000000088dc2240}: com/android/build/gradle/internal/api/ReadOnlyBaseConfigBeanInfo> (0x0000000088dc2240) thrown at [./src/hotspot/share/classfile/systemDictionary.cpp, line 231]
Event: 17.526 Thread 0x000001f1a3be8000 Exception <a 'java/lang/ClassNotFoundException'{0x0000000088dddcf8}: com/android/build/gradle/internal/api/ReadOnlyBaseConfigCustomizer> (0x0000000088dddcf8) thrown at [./src/hotspot/share/classfile/systemDictionary.cpp, line 231]
Event: 17.528 Thread 0x000001f1a3be8000 Exception <a 'java/lang/ClassNotFoundException'{0x0000000088c09b10}: com/android/build/gradle/internal/api/ReadOnlyBuildTypeCustomizer> (0x0000000088c09b10) thrown at [./src/hotspot/share/classfile/systemDictionary.cpp, line 231]
Event: 17.775 Thread 0x000001f1a3be8000 Exception <a 'java/lang/ClassNotFoundException'{0x000000008839ef20}: build_3g4hsuvz1n6r467rr3ds9w6k5BeanInfo> (0x000000008839ef20) thrown at [./src/hotspot/share/classfile/systemDictionary.cpp, line 231]
Event: 17.775 Thread 0x000001f1a3be8000 Exception <a 'java/lang/ClassNotFoundException'{0x00000000883a9ed8}: build_3g4hsuvz1n6r467rr3ds9w6k5Customizer> (0x00000000883a9ed8) thrown at [./src/hotspot/share/classfile/systemDictionary.cpp, line 231]
Event: 17.872 Thread 0x000001f1a3be8000 Exception <a 'java/lang/NoSuchMethodError'{0x000000008e538668}: 'java.lang.Object java.lang.invoke.DirectMethodHandle$Holder.invokeStatic(java.lang.Object, int, java.lang.Object, java.lang.Object, java.lang.Object)'> (0x000000008e538668) thrown at [./src/hotspot/share/interpreter/linkResolver.cpp, line 773]
Event: 17.872 Thread 0x000001f1a3be8000 Exception <a 'java/lang/NoSuchMethodError'{0x000000008e53d2a0}: 'java.lang.Object java.lang.invoke.DirectMethodHandle$Holder.invokeSpecial(java.lang.Object, java.lang.Object, int, java.lang.Object, java.lang.Object, java.lang.Object)'> (0x000000008e53d2a0) thrown at [./src/hotspot/share/interpreter/linkResolver.cpp, line 773]
Event: 18.091 Thread 0x000001f1a3be8000 Exception <a 'java/lang/ClassNotFoundException'{0x000000008dc380f8}: build_3g4hsuvz1n6r467rr3ds9w6k5BeanInfo> (0x000000008dc380f8) thrown at [./src/hotspot/share/classfile/systemDictionary.cpp, line 231]
Event: 18.092 Thread 0x000001f1a3be8000 Exception <a 'java/lang/ClassNotFoundException'{0x000000008dc435a0}: build_3g4hsuvz1n6r467rr3ds9w6k5Customizer> (0x000000008dc435a0) thrown at [./src/hotspot/share/classfile/systemDictionary.cpp, line 231]
Event: 18.101 Thread 0x000001f1a3be8000 Exception <a 'java/lang/ClassNotFoundException'{0x000000008dcdb528}: org/gradle/api/plugins/internal/DefaultJavaPluginExtension_DecoratedBeanInfo> (0x000000008dcdb528) thrown at [./src/hotspot/share/classfile/systemDictionary.cpp, line 231]
Event: 18.104 Thread 0x000001f1a3be8000 Exception <a 'java/lang/ClassNotFoundException'{0x000000008db1ba78}: org/gradle/api/plugins/internal/DefaultJavaPluginExtensionBeanInfo> (0x000000008db1ba78) thrown at [./src/hotspot/share/classfile/systemDictionary.cpp, line 231]
Event: 18.106 Thread 0x000001f1a3be8000 Exception <a 'java/lang/ClassNotFoundException'{0x000000008db5d1a0}: org/gradle/api/plugins/internal/DefaultJavaPluginExtensionCustomizer> (0x000000008db5d1a0) thrown at [./src/hotspot/share/classfile/systemDictionary.cpp, line 231]
Event: 18.112 Thread 0x000001f1a3be8000 Exception <a 'java/lang/ClassNotFoundException'{0x000000008dbd5040}: org/gradle/api/plugins/internal/DefaultJavaPluginExtension_DecoratedCustomizer> (0x000000008dbd5040) thrown at [./src/hotspot/share/classfile/systemDictionary.cpp, line 231]
Event: 18.405 Thread 0x000001f1a3be8000 Implicit null exception at 0x000001f1924a075c to 0x000001f1924a10dc
Event: 18.936 Thread 0x000001f1a3be8000 Exception <a 'java/lang/NoSuchMethodError'{0x000000008ba2c5a0}: 'java.lang.Object java.lang.invoke.Invokers$Holder.linkToTargetMethod(java.lang.Object, int, java.lang.Object)'> (0x000000008ba2c5a0) thrown at [./src/hotspot/share/interpreter/linkResolver.cpp, line 773]

Events (20 events):
Event: 19.536 loading class org/gradle/api/internal/artifacts/transform/ConsumerProvidedVariantFinder$AttributeSpecificCache
Event: 19.536 loading class org/gradle/api/internal/artifacts/transform/ConsumerProvidedVariantFinder$AttributeSpecificCache done
Event: 19.538 loading class org/gradle/api/internal/attributes/AttributeContainerInternal
Event: 19.538 loading class org/gradle/api/internal/attributes/AttributeContainerInternal done
Event: 19.538 loading class org/gradle/api/internal/artifacts/transform/ConsumerVariantMatchResult
Event: 19.538 loading class org/gradle/api/internal/artifacts/transform/ConsumerVariantMatchResult done
Event: 19.538 loading class org/gradle/api/attributes/AttributeContainer
Event: 19.538 loading class org/gradle/api/attributes/AttributeContainer done
Event: 19.538 loading class org/gradle/api/internal/artifacts/transform/ConsumerProvidedVariantFinder
Event: 19.538 loading class org/gradle/api/internal/artifacts/transform/ConsumerProvidedVariantFinder done
Event: 19.539 loading class org/gradle/api/internal/artifacts/transform/MutableConsumerVariantMatchResult
Event: 19.539 loading class org/gradle/api/internal/artifacts/transform/MutableConsumerVariantMatchResult done
Event: 19.554 loading class org/gradle/api/internal/artifacts/transform/NoMatchConsumerVariantMatchResult
Event: 19.554 loading class org/gradle/api/internal/artifacts/transform/NoMatchConsumerVariantMatchResult done
Event: 19.561 loading class com/android/build/gradle/tasks/MergeSourceSetFolders$MergeShaderSourceFoldersCreationAction$configure$assetDirFunction$1
Event: 19.561 loading class com/android/build/gradle/tasks/MergeSourceSetFolders$MergeShaderSourceFoldersCreationAction$configure$assetDirFunction$1 done
Event: 19.562 loading class com/android/build/gradle/tasks/MergeSourceSetFolders$MergeShaderSourceFoldersCreationAction$configure$1
Event: 19.562 loading class com/android/build/gradle/tasks/MergeSourceSetFolders$MergeShaderSourceFoldersCreationAction$configure$1 done
Event: 19.563 loading class com/android/build/gradle/tasks/MergeSourceSetFolders$MergeShaderSourceFoldersCreationAction$configure$2
Event: 19.563 loading class com/android/build/gradle/tasks/MergeSourceSetFolders$MergeShaderSourceFoldersCreationAction$configure$2 done


Dynamic libraries:
0x00007ff670590000 - 0x00007ff67059a000 	C:\Program Files\Android\Android Studio1\jre\bin\java.exe
0x00007ffdca210000 - 0x00007ffdca408000 	C:\windows\SYSTEM32\ntdll.dll
0x00007ffdc8310000 - 0x00007ffdc83cd000 	C:\windows\System32\KERNEL32.DLL
0x00007ffdc7a30000 - 0x00007ffdc7cfe000 	C:\windows\System32\KERNELBASE.dll
0x00007ffdc7930000 - 0x00007ffdc7a30000 	C:\windows\System32\ucrtbase.dll
0x00007ffdb46a0000 - 0x00007ffdb46b9000 	C:\Program Files\Android\Android Studio1\jre\bin\jli.dll
0x00007ffda69a0000 - 0x00007ffda69b7000 	C:\Program Files\Android\Android Studio1\jre\bin\VCRUNTIME140.dll
0x00007ffdc8e00000 - 0x00007ffdc8fa0000 	C:\windows\System32\USER32.dll
0x00007ffdc7d00000 - 0x00007ffdc7d22000 	C:\windows\System32\win32u.dll
0x00007ffdc6d10000 - 0x00007ffdc6faa000 	C:\windows\WinSxS\amd64_microsoft.windows.common-controls_6595b64144ccf1df_6.0.19041.1110_none_60b5254171f9507e\COMCTL32.dll
0x00007ffdc87b0000 - 0x00007ffdc87da000 	C:\windows\System32\GDI32.dll
0x00007ffdc9e10000 - 0x00007ffdc9eae000 	C:\windows\System32\msvcrt.dll
0x00007ffdc8160000 - 0x00007ffdc826b000 	C:\windows\System32\gdi32full.dll
0x00007ffdc7d60000 - 0x00007ffdc7dfd000 	C:\windows\System32\msvcp_win.dll
0x00007ffdca0c0000 - 0x00007ffdca0f0000 	C:\windows\System32\IMM32.DLL
0x00007ffd9c020000 - 0x00007ffd9c0bd000 	C:\Program Files\Android\Android Studio1\jre\bin\msvcp140.dll
0x00007ffd7fef0000 - 0x00007ffd809d5000 	C:\Program Files\Android\Android Studio1\jre\bin\server\jvm.dll
0x00007ffdc85b0000 - 0x00007ffdc865e000 	C:\windows\System32\ADVAPI32.dll
0x00007ffdc8270000 - 0x00007ffdc830c000 	C:\windows\System32\sechost.dll
0x00007ffdc9590000 - 0x00007ffdc96b5000 	C:\windows\System32\RPCRT4.dll
0x00007ffdc8c50000 - 0x00007ffdc8c58000 	C:\windows\System32\PSAPI.DLL
0x00007ffdb6290000 - 0x00007ffdb62b7000 	C:\windows\SYSTEM32\WINMM.dll
0x00007ffdc2010000 - 0x00007ffdc2019000 	C:\windows\SYSTEM32\WSOCK32.dll
0x00007ffdc9400000 - 0x00007ffdc946b000 	C:\windows\System32\WS2_32.dll
0x00007ffdc46a0000 - 0x00007ffdc46aa000 	C:\windows\SYSTEM32\VERSION.dll
0x00007ffdc4a70000 - 0x00007ffdc4a82000 	C:\windows\SYSTEM32\kernel.appcore.dll
0x00007ffdc1ff0000 - 0x00007ffdc2001000 	C:\Program Files\Android\Android Studio1\jre\bin\verify.dll
0x00007ffdc7360000 - 0x00007ffdc7544000 	C:\windows\SYSTEM32\DBGHELP.DLL
0x00007ffdc7110000 - 0x00007ffdc713c000 	C:\windows\SYSTEM32\dbgcore.DLL
0x00007ffdc7e00000 - 0x00007ffdc7e82000 	C:\windows\System32\bcryptPrimitives.dll
0x00007ffdc1fc0000 - 0x00007ffdc1fe9000 	C:\Program Files\Android\Android Studio1\jre\bin\java.dll
0x00007ffdc1fb0000 - 0x00007ffdc1fbb000 	C:\Program Files\Android\Android Studio1\jre\bin\jimage.dll
0x00007ffdc1f90000 - 0x00007ffdc1fa8000 	C:\Program Files\Android\Android Studio1\jre\bin\zip.dll
0x00007ffdc96c0000 - 0x00007ffdc9e04000 	C:\windows\System32\SHELL32.dll
0x00007ffdc4d30000 - 0x00007ffdc54c4000 	C:\windows\SYSTEM32\windows.storage.dll
0x00007ffdc90a0000 - 0x00007ffdc93f4000 	C:\windows\System32\combase.dll
0x00007ffdc6ca0000 - 0x00007ffdc6cd0000 	C:\windows\SYSTEM32\Wldp.dll
0x00007ffdc8500000 - 0x00007ffdc85ad000 	C:\windows\System32\SHCORE.dll
0x00007ffdca0f0000 - 0x00007ffdca145000 	C:\windows\System32\shlwapi.dll
0x00007ffdc7870000 - 0x00007ffdc788f000 	C:\windows\SYSTEM32\profapi.dll
0x00007ffdc1a80000 - 0x00007ffdc1a9a000 	C:\Program Files\Android\Android Studio1\jre\bin\net.dll
0x00007ffdb8e80000 - 0x00007ffdb8f8a000 	C:\windows\SYSTEM32\WINHTTP.dll
0x00007ffdc6b40000 - 0x00007ffdc6baa000 	C:\windows\system32\mswsock.dll
0x00007ffdc1a60000 - 0x00007ffdc1a74000 	C:\Program Files\Android\Android Studio1\jre\bin\nio.dll
0x00007ffd9c1d0000 - 0x00007ffd9c1f7000 	C:\Users\affi\.gradle\native\e1d6ef7f7dcc3fd88c89a11ec53ec762bb8ba0a96d01ffa2cd45eb1d1d8dd5c5\windows-amd64\native-platform.dll
0x00007ffd90470000 - 0x00007ffd905b4000 	C:\Users\affi\.gradle\native\5664cfc778a61ccfe75a443a1ab52a65af34e5dc3c78e0209fed803814484fcb\windows-amd64\native-platform-file-events.dll
0x00007ffdc0400000 - 0x00007ffdc040a000 	C:\Program Files\Android\Android Studio1\jre\bin\management.dll
0x00007ffdc03f0000 - 0x00007ffdc03fd000 	C:\Program Files\Android\Android Studio1\jre\bin\management_ext.dll
0x00007ffdc76c0000 - 0x00007ffdc76d8000 	C:\windows\SYSTEM32\CRYPTSP.dll
0x00007ffdc63a0000 - 0x00007ffdc63d4000 	C:\windows\system32\rsaenh.dll
0x00007ffdc7d30000 - 0x00007ffdc7d57000 	C:\windows\System32\bcrypt.dll
0x00007ffdc7830000 - 0x00007ffdc785e000 	C:\windows\SYSTEM32\USERENV.dll
0x00007ffdc6ae0000 - 0x00007ffdc6aec000 	C:\windows\SYSTEM32\CRYPTBASE.dll
0x00007ffdc66f0000 - 0x00007ffdc672b000 	C:\windows\SYSTEM32\IPHLPAPI.DLL
0x00007ffdc8fa0000 - 0x00007ffdc8fa8000 	C:\windows\System32\NSI.dll
0x00007ffdbc800000 - 0x00007ffdbc817000 	C:\windows\SYSTEM32\dhcpcsvc6.DLL
0x00007ffdbde20000 - 0x00007ffdbde3d000 	C:\windows\SYSTEM32\dhcpcsvc.DLL
0x00007ffdc6730000 - 0x00007ffdc67fb000 	C:\windows\SYSTEM32\DNSAPI.dll

dbghelp: loaded successfully - version: 4.0.5 - missing functions: none
symbol engine: initialized successfully - sym options: 0x614 - pdb path: .;C:\Program Files\Android\Android Studio1\jre\bin;C:\windows\SYSTEM32;C:\windows\WinSxS\amd64_microsoft.windows.common-controls_6595b64144ccf1df_6.0.19041.1110_none_60b5254171f9507e;C:\Program Files\Android\Android Studio1\jre\bin\server;C:\Users\affi\.gradle\native\e1d6ef7f7dcc3fd88c89a11ec53ec762bb8ba0a96d01ffa2cd45eb1d1d8dd5c5\windows-amd64;C:\Users\affi\.gradle\native\5664cfc778a61ccfe75a443a1ab52a65af34e5dc3c78e0209fed803814484fcb\windows-amd64

VM Arguments:
jvm_args: --add-opens=java.base/java.util=ALL-UNNAMED --add-opens=java.base/java.lang=ALL-UNNAMED --add-opens=java.base/java.lang.invoke=ALL-UNNAMED --add-opens=java.base/java.util=ALL-UNNAMED --add-opens=java.prefs/java.util.prefs=ALL-UNNAMED --add-opens=java.prefs/java.util.prefs=ALL-UNNAMED --add-opens=java.base/java.nio.charset=ALL-UNNAMED --add-opens=java.base/java.net=ALL-UNNAMED --add-opens=java.base/java.util.concurrent.atomic=ALL-UNNAMED -Xmx2048m -Dfile.encoding=UTF-8 -Duser.country=US -Duser.language=en -Duser.variant 
java_command: org.gradle.launcher.daemon.bootstrap.GradleDaemon 7.3.3
java_class_path (initial): C:\Users\affi\.gradle\wrapper\dists\gradle-7.3.3-bin\6a41zxkdtcxs8rphpq6y0069z\gradle-7.3.3\lib\gradle-launcher-7.3.3.jar
Launcher Type: SUN_STANDARD

[Global flags]
     intx CICompilerCount                          = 3                                         {product} {ergonomic}
     uint ConcGCThreads                            = 1                                         {product} {ergonomic}
     uint G1ConcRefinementThreads                  = 4                                         {product} {ergonomic}
   size_t G1HeapRegionSize                         = 1048576                                   {product} {ergonomic}
    uintx GCDrainStackTargetSize                   = 64                                        {product} {ergonomic}
   size_t InitialHeapSize                          = 201326592                                 {product} {ergonomic}
   size_t MarkStackSize                            = 4194304                                   {product} {ergonomic}
   size_t MaxHeapSize                              = 2147483648                                {product} {command line}
   size_t MaxNewSize                               = 1287651328                                {product} {ergonomic}
   size_t MinHeapDeltaBytes                        = 1048576                                   {product} {ergonomic}
    uintx NonNMethodCodeHeapSize                   = 5830732                                {pd product} {ergonomic}
    uintx NonProfiledCodeHeapSize                  = 122913754                              {pd product} {ergonomic}
    uintx ProfiledCodeHeapSize                     = 122913754                              {pd product} {ergonomic}
    uintx ReservedCodeCacheSize                    = 251658240                              {pd product} {ergonomic}
     bool SegmentedCodeCache                       = true                                      {product} {ergonomic}
     bool UseCompressedClassPointers               = true                                 {lp64_product} {ergonomic}
     bool UseCompressedOops                        = true                                 {lp64_product} {ergonomic}
     bool UseG1GC                                  = true                                      {product} {ergonomic}
     bool UseLargePagesIndividualAllocation        = false                                  {pd product} {ergonomic}

Logging:
Log output configuration:
 #0: stdout all=warning uptime,level,tags
 #1: stderr all=off uptime,level,tags

Environment Variables:
PATH=C:\Program Files (x86)\Common Files\Oracle\Java\javapath;C:\windows\system32;C:\windows;C:\windows\System32\Wbem;C:\windows\System32\WindowsPowerShell\v1.0\;C:\windows\System32\OpenSSH\;C:\Program Files\Git\cmd;C:\Program Files\nodejs\;C:\Program Files\dotnet\;C:\Program Files\Microsoft SQL Server\Client SDK\ODBC\170\Tools\Binn\;C:\Program Files (x86)\dotnet\;C:\Program Files\PuTTY\;C:\Program Files (x86)\Microsoft SQL Server\150\Tools\Binn\;C:\Program Files\Microsoft SQL Server\150\Tools\Binn\;C:\Program Files\Microsoft SQL Server\150\DTS\Binn\;C:\Program Files (x86)\Microsoft SQL Server\150\DTS\Binn\;C:\Program Files\MySQL\MySQL Shell 8.0\bin\;C:\Users\affi\AppData\Local\Microsoft\WindowsApps;C:\Users\affi\AppData\Local\Programs\Microsoft VS Code\bin;C:\Users\affi\AppData\Roaming\npm;C:\Users\affi\.dotnet\tools;C:\Users\affi\AppData\Local\GitHubDesktop\bin;C:\Program Files\Azure Data Studio\bin;C:\Program Files\Azure Data Studio\bin;C:\src\flutter\bin;C:\MinGW\bin;
USERNAME=affi
OS=Windows_NT
PROCESSOR_IDENTIFIER=Intel64 Family 6 Model 60 Stepping 3, GenuineIntel



---------------  S Y S T E M  ---------------

OS: Windows 10 , 64 bit Build 19041 (10.0.19041.1806)
OS uptime: 0 days 0:50 hours

CPU:total 4 (initial active 4) (2 cores per cpu, 2 threads per core) family 6 model 60 stepping 3 microcode 0x27, cmov, cx8, fxsr, mmx, sse, sse2, sse3, ssse3, sse4.1, sse4.2, popcnt, avx, avx2, aes, clmul, erms, lzcnt, ht, tsc, tscinvbit, bmi1, bmi2, fma

Memory: 4k page, system-wide physical 12179M (4829M free)
TotalPageFile size 14035M (AvailPageFile size 6037M)
current process WorkingSet (physical memory assigned to process): 458M, peak: 460M
current process commit charge ("private bytes"): 499M, peak: 501M

vm_info: OpenJDK 64-Bit Server VM (11.0.12+7-b1504.28-7817840) for windows-amd64 JRE (11.0.12+7-b1504.28-7817840), built on Oct 13 2021 22:12:33 by "builder" with MS VC++ 14.0 (VS2015)

END.
